Energy-E_F (eV)    DOS (1/eV)    PDOS (1/eV)  of atom type C  N  
     -4.99000      3.03987      1.01250      2.02736
     -4.98000      2.82995      0.92233      1.90761
     -4.97000      2.62405      0.82786      1.79620
     -4.96000      2.74941      0.85941      1.89001
     -4.95000      3.05327      0.97726      2.07601
     -4.94000      3.55371      1.18394      2.36978
     -4.93000      3.75231      1.29223      2.46008
     -4.92000      3.41712      1.15438      2.26274
     -4.91000      3.33096      1.04952      2.28144
     -4.90000      3.60780      1.11271      2.49509
     -4.89000      3.82762      1.22381      2.60382
     -4.88000      3.80805      1.26566      2.54239
     -4.87000      3.72110      1.26163      2.45946
     -4.86000      3.73246      1.25240      2.48006
     -4.85000      3.93275      1.33329      2.59946
     -4.84000      3.96504      1.34938      2.61566
     -4.83000      3.75712      1.23142      2.52570
     -4.82000      3.75788      1.20681      2.55107
     -4.81000      4.25947      1.38020      2.87927
     -4.80000      4.67722      1.53136      3.14586
     -4.79000      4.64884      1.53010      3.11874
     -4.78000      4.85441      1.60711      3.24730
     -4.77000      5.35779      1.79668      3.56111
     -4.76000      5.46320      1.83158      3.63162
     -4.75000      5.15473      1.71964      3.43509
     -4.74000      5.58149      1.82439      3.75710
     -4.73000      6.59651      2.09176      4.50476
     -4.72000      7.05353      2.25540      4.79813
     -4.71000      7.14456      2.37118      4.77338
     -4.70000      7.28713      2.44782      4.83930
     -4.69000      7.18703      2.41483      4.77219
     -4.68000      7.43110      2.49602      4.93509
     -4.67000      8.18953      2.72329      5.46624
     -4.66000      8.33767      2.75264      5.58503
     -4.65000      7.76992      2.54783      5.22210
     -4.64000      6.97724      2.30873      4.66852
     -4.63000      6.50897      2.19163      4.31734
     -4.62000      7.32328      2.47201      4.85127
     -4.61000      9.00032      3.04780      5.95252
     -4.60000     10.19212      3.47457      6.71755
     -4.59000     10.45937      3.58371      6.87566
     -4.58000     10.83129      3.76650      7.06479
     -4.57000     11.11874      3.95130      7.16744
     -4.56000     10.17214      3.68262      6.48953
     -4.55000      9.47916      3.51080      5.96836
     -4.54000      8.79170      3.32430      5.46739
     -4.53000      7.11536      2.70557      4.40979
     -4.52000      6.16715      2.34673      3.82042
     -4.51000      6.27680      2.41503      3.86177
     -4.50000      5.79392      2.25118      3.54274
     -4.49000      4.67672      1.83701      2.83971
     -4.48000      4.00963      1.61577      2.39386
     -4.47000      3.63058      1.50254      2.12804
     -4.46000      3.13994      1.32276      1.81718
     -4.45000      2.75743      1.17213      1.58530
     -4.44000      2.45400      1.04869      1.40531
     -4.43000      2.42950      1.03279      1.39671
     -4.42000      2.89674      1.22083      1.67592
     -4.41000      3.64435      1.54721      2.09714
     -4.40000      3.76738      1.61365      2.15374
     -4.39000      3.23260      1.38789      1.84471
     -4.38000      2.82580      1.20222      1.62358
     -4.37000      2.43719      1.03221      1.40499
     -4.36000      2.15742      0.91983      1.23759
     -4.35000      2.21835      0.94895      1.26940
     -4.34000      2.62964      1.12669      1.50295
     -4.33000      3.29460      1.41155      1.88306
     -4.32000      3.71391      1.59472      2.11920
     -4.31000      3.33758      1.43799      1.89959
     -4.30000      2.57000      1.11987      1.45013
     -4.29000      2.17178      0.96236      1.20941
     -4.28000      1.92872      0.85701      1.07172
     -4.27000      1.82074      0.80667      1.01407
     -4.26000      2.36267      1.04569      1.31698
     -4.25000      3.05304      1.35935      1.69369
     -4.24000      2.77666      1.24052      1.53614
     -4.23000      2.46461      1.09557      1.36904
     -4.22000      2.73021      1.22101      1.50921
     -4.21000      2.60200      1.18343      1.41858
     -4.20000      2.54110      1.16970      1.37140
     -4.19000      2.82269      1.29460      1.52809
     -4.18000      3.03988      1.38552      1.65435
     -4.17000      3.08654      1.40984      1.67670
     -4.16000      3.42227      1.57521      1.84706
     -4.15000      3.98425      1.83929      2.14496
     -4.14000      4.17209      1.92671      2.24538
     -4.13000      3.85624      1.78202      2.07422
     -4.12000      4.39153      2.04316      2.34837
     -4.11000      5.59557      2.61485      2.98071
     -4.10000      6.19249      2.89999      3.29250
     -4.09000      6.08789      2.85660      3.23130
     -4.08000      5.23455      2.43974      2.79481
     -4.07000      4.43337      2.04971      2.38366
     -4.06000      4.09011      1.89558      2.19453
     -4.05000      4.14284      1.93263      2.21021
     -4.04000      4.43076      2.07027      2.36050
     -4.03000      4.28214      1.99128      2.29085
     -4.02000      3.68026      1.70488      1.97537
     -4.01000      3.75296      1.75419      1.99877
     -4.00000      4.58164      2.14988      2.43176
     -3.99000      5.16629      2.41477      2.75152
     -3.98000      5.02102      2.34831      2.67270
     -3.97000      4.12269      1.93824      2.18445
     -3.96000      3.35068      1.57681      1.77386
     -3.95000      3.30363      1.53668      1.76695
     -3.94000      3.44768      1.59535      1.85233
     -3.93000      3.66602      1.71238      1.95364
     -3.92000      4.20533      1.98313      2.22220
     -3.91000      5.16852      2.44631      2.72221
     -3.90000      5.46860      2.58729      2.88131
     -3.89000      4.33453      2.04667      2.28786
     -3.88000      3.37681      1.59433      1.78248
     -3.87000      3.50096      1.65220      1.84877
     -3.86000      3.83647      1.80999      2.02648
     -3.85000      3.40936      1.61315      1.79621
     -3.84000      2.82308      1.34769      1.47539
     -3.83000      3.32851      1.60455      1.72396
     -3.82000      4.12785      2.00591      2.12194
     -3.81000      4.28969      2.10027      2.18942
     -3.80000      3.64590      1.79095      1.85495
     -3.79000      2.74477      1.35264      1.39213
     -3.78000      2.19334      1.08465      1.10869
     -3.77000      2.24284      1.10980      1.13304
     -3.76000      2.58465      1.28025      1.30440
     -3.75000      2.42662      1.20854      1.21809
     -3.74000      2.14188      1.07680      1.06508
     -3.73000      2.57017      1.29297      1.27719
     -3.72000      3.35646      1.68555      1.67091
     -3.71000      3.50717      1.76548      1.74169
     -3.70000      2.85148      1.42383      1.42765
     -3.69000      2.35962      1.12347      1.23614
     -3.68000      2.42971      1.08663      1.34308
     -3.67000      2.96806      1.28404      1.68402
     -3.66000      3.18545      1.31784      1.86762
     -3.65000      3.00557      1.18040      1.82517
     -3.64000      3.78305      1.49175      2.29130
     -3.63000      5.30512      2.15329      3.15183
     -3.62000      6.26023      2.58517      3.67505
     -3.61000      5.94008      2.40874      3.53135
     -3.60000      4.96389      1.87830      3.08559
     -3.59000      4.80639      1.70689      3.09950
     -3.58000      5.33736      1.87048      3.46688
     -3.57000      5.88371      2.07725      3.80646
     -3.56000      6.36103      2.28972      4.07131
     -3.55000      7.27657      2.65826      4.61832
     -3.54000      8.53874      3.14394      5.39480
     -3.53000      9.50423      3.51984      5.98439
     -3.52000      9.28156      3.38301      5.89855
     -3.51000      8.35436      2.90902      5.44534
     -3.50000      8.04774      2.74748      5.30026
     -3.49000      8.63094      2.96576      5.66518
     -3.48000      8.90934      3.03787      5.87147
     -3.47000      8.97847      3.02990      5.94857
     -3.46000      9.75842      3.34485      6.41357
     -3.45000     10.89674      3.76280      7.13394
     -3.44000     11.36444      3.73376      7.63068
     -3.43000     11.56612      3.53813      8.02799
     -3.42000     11.99596      3.62665      8.36932
     -3.41000     12.56266      3.94890      8.61376
     -3.40000     12.52930      4.09032      8.43897
     -3.39000     11.60092      3.82060      7.78032
     -3.38000     10.65413      3.46412      7.19002
     -3.37000     10.07617      3.25417      6.82200
     -3.36000      9.27865      2.92262      6.35603
     -3.35000      8.16899      2.41934      5.74965
     -3.34000      7.65565      2.17015      5.48551
     -3.33000      7.62160      2.15208      5.46952
     -3.32000      7.57956      2.15057      5.42899
     -3.31000      7.36052      2.08672      5.27380
     -3.30000      7.17951      2.03963      5.13987
     -3.29000      7.51746      2.15898      5.35848
     -3.28000      7.51261      2.18523      5.32738
     -3.27000      6.66635      1.94927      4.71708
     -3.26000      5.32075      1.55501      3.76574
     -3.25000      4.29315      1.25281      3.04033
     -3.24000      3.73364      1.08244      2.65120
     -3.23000      3.37169      0.97669      2.39500
     -3.22000      3.15381      0.92268      2.23113
     -3.21000      3.00531      0.89038      2.11492
     -3.20000      2.84132      0.85549      1.98583
     -3.19000      2.66896      0.81140      1.85756
     -3.18000      2.59397      0.78984      1.80413
     -3.17000      2.60103      0.78862      1.81241
     -3.16000      2.85311      0.84575      2.00737
     -3.15000      3.53389      1.03060      2.50328
     -3.14000      4.15108      1.21909      2.93198
     -3.13000      4.37977      1.30557      3.07420
     -3.12000      4.22854      1.26594      2.96260
     -3.11000      4.02590      1.19045      2.83544
     -3.10000      4.06958      1.17937      2.89021
     -3.09000      4.04469      1.15527      2.88942
     -3.08000      4.11353      1.16638      2.94714
     -3.07000      4.37931      1.23228      3.14703
     -3.06000      4.62316      1.29588      3.32728
     -3.05000      4.76542      1.34361      3.42180
     -3.04000      4.65257      1.31243      3.34014
     -3.03000      4.42487      1.23156      3.19331
     -3.02000      4.19917      1.15434      3.04483
     -3.01000      4.18615      1.15896      3.02719
     -3.00000      4.39148      1.24122      3.15026
     -2.99000      4.65356      1.33862      3.31494
     -2.98000      4.23222      1.21737      3.01485
     -2.97000      3.22413      0.91263      2.31150
     -2.96000      2.58317      0.71753      1.86564
     -2.95000      2.41706      0.66260      1.75446
     -2.94000      2.39691      0.65604      1.74086
     -2.93000      2.38785      0.65081      1.73705
     -2.92000      2.28050      0.61662      1.66388
     -2.91000      2.07333      0.55682      1.51651
     -2.90000      1.82992      0.48509      1.34483
     -2.89000      1.72373      0.45237      1.27136
     -2.88000      1.67787      0.43793      1.23995
     -2.87000      1.53313      0.39695      1.13618
     -2.86000      1.26201      0.32374      0.93826
     -2.85000      1.01410      0.25744      0.75666
     -2.84000      0.85789      0.21498      0.64291
     -2.83000      0.78707      0.19515      0.59192
     -2.82000      0.70560      0.17389      0.53171
     -2.81000      0.48853      0.11978      0.36875
     -2.80000      0.21220      0.05188      0.16033
     -2.79000      0.04459      0.01089      0.03370
     -2.78000      0.00389      0.00095      0.00294
     -2.77000      0.00013      0.00003      0.00010
     -2.76000      0.00000      0.00000      0.00000
     -2.75000      0.00000      0.00000      0.00000
     -2.74000      0.00000      0.00000      0.00000
     -2.73000      0.00000      0.00000      0.00000
     -2.72000      0.00000      0.00000      0.00000
     -2.71000      0.00000      0.00000      0.00000
     -2.70000      0.00000      0.00000      0.00000
     -2.69000      0.00000      0.00000      0.00000
     -2.68000      0.00000      0.00000      0.00000
     -2.67000      0.00000      0.00000      0.00000
     -2.66000      0.00000      0.00000      0.00000
     -2.65000      0.00000      0.00000      0.00000
     -2.64000      0.00000      0.00000      0.00000
     -2.63000      0.00000      0.00000      0.00000
     -2.62000      0.00000      0.00000      0.00000
     -2.61000      0.00000      0.00000      0.00000
     -2.60000      0.00000      0.00000      0.00000
     -2.59000      0.00000      0.00000      0.00000
     -2.58000      0.00005      0.00000      0.00005
     -2.57000      0.00153      0.00011      0.00141
     -2.56000      0.01701      0.00127      0.01574
     -2.55000      0.07617      0.00570      0.07047
     -2.54000      0.16214      0.01220      0.14994
     -2.53000      0.22371      0.01702      0.20668
     -2.52000      0.27949      0.02152      0.25796
     -2.51000      0.35588      0.02751      0.32837
     -2.50000      0.39089      0.03044      0.36045
     -2.49000      0.46705      0.03709      0.42996
     -2.48000      0.57638      0.04627      0.53011
     -2.47000      0.51949      0.04188      0.47761
     -2.46000      0.42210      0.03444      0.38766
     -2.45000      0.53208      0.04394      0.48814
     -2.44000      0.67526      0.05596      0.61931
     -2.43000      0.74566      0.06250      0.68315
     -2.42000      0.84433      0.07173      0.77259
     -2.41000      0.83988      0.07134      0.76854
     -2.40000      0.67406      0.05761      0.61645
     -2.39000      0.76659      0.06672      0.69986
     -2.38000      0.90491      0.07941      0.82550
     -2.37000      0.86776      0.07708      0.79068
     -2.36000      0.90891      0.08188      0.82702
     -2.35000      0.99104      0.08897      0.90206
     -2.34000      1.01598      0.08997      0.92601
     -2.33000      1.17893      0.10592      1.07301
     -2.32000      1.36626      0.12588      1.24038
     -2.31000      1.21011      0.11157      1.09854
     -2.30000      1.02595      0.09432      0.93163
     -2.29000      1.30203      0.12128      1.18075
     -2.28000      1.36442      0.12910      1.23532
     -2.27000      1.13912      0.10872      1.03039
     -2.26000      1.19659      0.11300      1.08359
     -2.25000      1.58174      0.15014      1.43160
     -2.24000      1.87591      0.17989      1.69602
     -2.23000      1.89652      0.18082      1.71570
     -2.22000      1.84846      0.17512      1.67333
     -2.21000      1.67324      0.16061      1.51263
     -2.20000      1.64640      0.16076      1.48564
     -2.19000      1.93223      0.18698      1.74526
     -2.18000      2.01787      0.19320      1.82466
     -2.17000      2.21924      0.21501      2.00423
     -2.16000      2.66297      0.26034      2.40263
     -2.15000      2.87171      0.27680      2.59491
     -2.14000      2.90173      0.27680      2.62493
     -2.13000      2.61856      0.25567      2.36290
     -2.12000      2.45847      0.24756      2.21091
     -2.11000      2.42743      0.24220      2.18523
     -2.10000      2.55724      0.24850      2.30874
     -2.09000      2.69070      0.26987      2.42083
     -2.08000      2.60268      0.27534      2.32734
     -2.07000      2.52237      0.26670      2.25567
     -2.06000      2.58437      0.26967      2.31470
     -2.05000      2.83887      0.29878      2.54009
     -2.04000      2.99442      0.31896      2.67546
     -2.03000      2.65886      0.28284      2.37602
     -2.02000      2.31036      0.24185      2.06852
     -2.01000      2.43601      0.26362      2.17239
     -2.00000      2.37016      0.27412      2.09604
     -1.99000      1.90541      0.23498      1.67044
     -1.98000      2.06935      0.25627      1.81308
     -1.97000      2.80975      0.33424      2.47551
     -1.96000      2.85103      0.32921      2.52182
     -1.95000      2.31986      0.27705      2.04280
     -1.94000      2.08795      0.26984      1.81811
     -1.93000      2.13497      0.28535      1.84961
     -1.92000      2.09751      0.28488      1.81263
     -1.91000      1.85075      0.26112      1.58963
     -1.90000      2.00210      0.28246      1.71964
     -1.89000      2.52371      0.33840      2.18531
     -1.88000      2.94393      0.38643      2.55749
     -1.87000      2.77546      0.37963      2.39583
     -1.86000      2.12038      0.30545      1.81493
     -1.85000      1.78262      0.24830      1.53432
     -1.84000      2.00447      0.27434      1.73013
     -1.83000      1.96197      0.28087      1.68110
     -1.82000      1.65369      0.24930      1.40439
     -1.81000      1.85567      0.27682      1.57885
     -1.80000      2.51347      0.35992      2.15354
     -1.79000      2.95527      0.42590      2.52937
     -1.78000      2.68505      0.42638      2.25867
     -1.77000      2.58884      0.46129      2.12754
     -1.76000      3.08961      0.55532      2.53429
     -1.75000      3.05242      0.55103      2.50138
     -1.74000      2.64971      0.51289      2.13682
     -1.73000      2.98588      0.60382      2.38206
     -1.72000      3.94174      0.77346      3.16828
     -1.71000      4.74938      0.90391      3.84547
     -1.70000      4.99924      0.98268      4.01655
     -1.69000      4.59776      0.97804      3.61972
     -1.68000      4.26530      0.92176      3.34354
     -1.67000      4.27315      0.88438      3.38877
     -1.66000      4.20081      0.85835      3.34245
     -1.65000      4.15191      0.88717      3.26474
     -1.64000      4.71646      1.03370      3.68276
     -1.63000      5.45306      1.16779      4.28526
     -1.62000      5.53564      1.15217      4.38347
     -1.61000      5.02273      1.04421      3.97852
     -1.60000      4.84779      0.99450      3.85330
     -1.59000      5.05180      0.99108      4.06072
     -1.58000      5.34731      1.05840      4.28891
     -1.57000      6.01307      1.20865      4.80442
     -1.56000      6.09067      1.18515      4.90552
     -1.55000      5.47667      1.04899      4.42768
     -1.54000      4.67616      0.91876      3.75740
     -1.53000      3.69955      0.71968      2.97987
     -1.52000      3.52845      0.65092      2.87753
     -1.51000      4.51707      0.86602      3.65105
     -1.50000      6.56720      1.31943      5.24777
     -1.49000      8.04354      1.59625      6.44728
     -1.48000      7.59155      1.44983      6.14171
     -1.47000      6.29561      1.13409      5.16152
     -1.46000      4.89660      0.80615      4.09045
     -1.45000      4.24498      0.62346      3.62152
     -1.44000      4.35432      0.59350      3.76082
     -1.43000      4.32886      0.60062      3.72824
     -1.42000      4.93329      0.75109      4.18220
     -1.41000      6.60334      1.08784      5.51550
     -1.40000      7.47636      1.26683      6.20953
     -1.39000      6.06126      1.00499      5.05627
     -1.38000      4.27673      0.65290      3.62382
     -1.37000      3.62276      0.53146      3.09130
     -1.36000      3.69408      0.56091      3.13317
     -1.35000      4.02893      0.61479      3.41413
     -1.34000      4.41380      0.69202      3.72178
     -1.33000      4.85618      0.82622      4.02996
     -1.32000      5.49809      1.01074      4.48735
     -1.31000      5.93365      1.12319      4.81045
     -1.30000      5.44755      0.99443      4.45312
     -1.29000      4.74392      0.81334      3.93058
     -1.28000      4.56213      0.78797      3.77416
     -1.27000      4.18561      0.75667      3.42894
     -1.26000      3.86927      0.70469      3.16458
     -1.25000      4.41298      0.81506      3.59793
     -1.24000      5.23085      0.96866      4.26219
     -1.23000      5.42644      0.97756      4.44888
     -1.22000      5.36321      0.96608      4.39714
     -1.21000      5.81911      1.09048      4.72864
     -1.20000      7.78693      1.52482      6.26212
     -1.19000      9.70965      1.92684      7.78282
     -1.18000      8.93050      1.74381      7.18668
     -1.17000      8.05827      1.54601      6.51225
     -1.16000      8.33051      1.59310      6.73741
     -1.15000      8.77986      1.67859      7.10127
     -1.14000      8.96296      1.69121      7.27175
     -1.13000     10.47799      1.96870      8.50929
     -1.12000     12.62548      2.42855     10.19693
     -1.11000     12.96009      2.53379     10.42630
     -1.10000     11.98933      2.34264      9.64668
     -1.09000     11.33930      2.20098      9.13832
     -1.08000     11.00179      2.12228      8.87951
     -1.07000     10.34773      1.99835      8.34938
     -1.06000      9.52482      1.85420      7.67062
     -1.05000      9.07087      1.76298      7.30789
     -1.04000      8.54677      1.64397      6.90280
     -1.03000      7.53448      1.44600      6.08848
     -1.02000      6.80435      1.30480      5.49954
     -1.01000      6.84962      1.29109      5.55853
     -1.00000      7.17930      1.33967      5.83963
     -0.99000      7.56385      1.44080      6.12305
     -0.98000      7.79626      1.51599      6.28027
     -0.97000      7.49923      1.44474      6.05449
     -0.96000      7.05002      1.32158      5.72843
     -0.95000      6.44973      1.18890      5.26083
     -0.94000      5.77019      1.07884      4.69135
     -0.93000      5.49722      1.04988      4.44734
     -0.92000      5.99225      1.14794      4.84431
     -0.91000      7.27107      1.39485      5.87622
     -0.90000      7.30175      1.41239      5.88936
     -0.89000      6.30535      1.24081      5.06454
     -0.88000      5.79664      1.14227      4.65437
     -0.87000      5.44537      1.05698      4.38839
     -0.86000      5.14961      0.98808      4.16153
     -0.85000      5.48040      1.06549      4.41490
     -0.84000      5.95188      1.18869      4.76319
     -0.83000      6.00965      1.20843      4.80122
     -0.82000      5.93761      1.18620      4.75141
     -0.81000      5.58214      1.10524      4.47690
     -0.80000      5.37889      1.07081      4.30808
     -0.79000      5.96936      1.21730      4.75206
     -0.78000      6.37395      1.31989      5.05406
     -0.77000      6.13873      1.27462      4.86411
     -0.76000      5.44862      1.13036      4.31826
     -0.75000      4.33726      0.90877      3.42849
     -0.74000      3.55430      0.75227      2.80202
     -0.73000      3.32187      0.70557      2.61630
     -0.72000      3.08047      0.65023      2.43024
     -0.71000      2.93113      0.63282      2.29831
     -0.70000      2.66723      0.59492      2.07231
     -0.69000      1.97597      0.44864      1.52733
     -0.68000      1.34827      0.31672      1.03155
     -0.67000      1.30057      0.33739      0.96319
     -0.66000      1.58224      0.43550      1.14674
     -0.65000      1.46129      0.40566      1.05563
     -0.64000      1.35726      0.37818      0.97908
     -0.63000      1.38799      0.39058      0.99741
     -0.62000      1.13166      0.32090      0.81075
     -0.61000      0.88359      0.25291      0.63068
     -0.60000      0.92351      0.26668      0.65683
     -0.59000      1.02872      0.29843      0.73029
     -0.58000      0.90913      0.26436      0.64478
     -0.57000      0.64547      0.18750      0.45798
     -0.56000      0.53145      0.15556      0.37589
     -0.55000      0.61255      0.18218      0.43037
     -0.54000      0.68667      0.20607      0.48060
     -0.53000      0.61851      0.18626      0.43226
     -0.52000      0.65589      0.19891      0.45698
     -0.51000      0.79048      0.24166      0.54883
     -0.50000      0.64676      0.19875      0.44801
     -0.49000      0.40801      0.12624      0.28176
     -0.48000      0.49004      0.15285      0.33719
     -0.47000      0.58272      0.18230      0.40042
     -0.46000      0.46885      0.14739      0.32147
     -0.45000      0.40650      0.12896      0.27754
     -0.44000      0.38436      0.12250      0.26187
     -0.43000      0.29671      0.09490      0.20181
     -0.42000      0.23321      0.07504      0.15816
     -0.41000      0.17958      0.05808      0.12150
     -0.40000      0.09895      0.03209      0.06686
     -0.39000      0.02916      0.00947      0.01969
     -0.38000      0.00393      0.00128      0.00265
     -0.37000      0.00061      0.00014      0.00048
     -0.36000      0.00955      0.00159      0.00796
     -0.35000      0.09188      0.01532      0.07657
     -0.34000      0.37445      0.06256      0.31189
     -0.33000      0.75793      0.12717      0.63076
     -0.32000      1.00189      0.16925      0.83264
     -0.31000      1.13006      0.19265      0.93741
     -0.30000      1.36257      0.23377      1.12879
     -0.29000      1.93852      0.33257      1.60596
     -0.28000      2.64872      0.45676      2.19196
     -0.27000      3.22383      0.56460      2.65923
     -0.26000      3.50497      0.62395      2.88102
     -0.25000      3.46238      0.61832      2.84406
     -0.24000      3.62604      0.64005      2.98599
     -0.23000      4.06775      0.71270      3.35505
     -0.22000      4.79023      0.83924      3.95099
     -0.21000      5.59118      0.97304      4.61814
     -0.20000      5.95080      1.02231      4.92849
     -0.19000      5.93753      1.00962      4.92791
     -0.18000      6.05851      1.02543      5.03308
     -0.17000      7.05814      1.19144      5.86671
     -0.16000      8.93052      1.49455      7.43597
     -0.15000     10.87585      1.80783      9.06802
     -0.14000     12.17713      2.02720     10.14993
     -0.13000     12.42519      2.07775     10.34744
     -0.12000     11.97258      2.01099      9.96159
     -0.11000     11.63126      1.96097      9.67029
     -0.10000     11.79411      1.99614      9.79797
     -0.09000     12.35565      2.09904     10.25661
     -0.08000     11.97720      2.03987      9.93733
     -0.07000      9.91024      1.68991      8.22033
     -0.06000      7.26817      1.23946      6.02872
     -0.05000      5.27102      0.89808      4.37294
     -0.04000      3.93826      0.66973      3.26854
     -0.03000      2.89395      0.49040      2.40355
     -0.02000      2.09511      0.35327      1.74185
     -0.01000      1.28308      0.21530      1.06779
      0.00000      0.55260      0.09234      0.46026
      0.01000      0.13688      0.02281      0.11408
      0.02000      0.01600      0.00266      0.01334
      0.03000      0.00078      0.00013      0.00065
      0.04000      0.00001      0.00000      0.00001
      0.05000      0.00000      0.00000      0.00000
      0.06000      0.00000      0.00000      0.00000
      0.07000      0.00000      0.00000      0.00000
      0.08000      0.00000      0.00000      0.00000
      0.09000      0.00000      0.00000      0.00000
      0.10000      0.00000      0.00000      0.00000
      0.11000      0.00000      0.00000      0.00000
      0.12000      0.00000      0.00000      0.00000
      0.13000      0.00000      0.00000      0.00000
      0.14000      0.00000      0.00000      0.00000
      0.15000      0.00000      0.00000      0.00000
      0.16000      0.00000      0.00000      0.00000
      0.17000      0.00000      0.00000      0.00000
      0.18000      0.00000      0.00000      0.00000
      0.19000      0.00000      0.00000      0.00000
      0.20000      0.00000      0.00000      0.00000
      0.21000      0.00000      0.00000      0.00000
      0.22000      0.00000      0.00000      0.00000
      0.23000      0.00000      0.00000      0.00000
      0.24000      0.00000      0.00000      0.00000
      0.25000      0.00000      0.00000      0.00000
      0.26000      0.00000      0.00000      0.00000
      0.27000      0.00000      0.00000      0.00000
      0.28000      0.00000      0.00000      0.00000
      0.29000      0.00000      0.00000      0.00000
      0.30000      0.00000      0.00000      0.00000
      0.31000      0.00000      0.00000      0.00000
      0.32000      0.00000      0.00000      0.00000
      0.33000      0.00000      0.00000      0.00000
      0.34000      0.00000      0.00000      0.00000
      0.35000      0.00000      0.00000      0.00000
      0.36000      0.00000      0.00000      0.00000
      0.37000      0.00000      0.00000      0.00000
      0.38000      0.00000      0.00000      0.00000
      0.39000      0.00000      0.00000      0.00000
      0.40000      0.00000      0.00000      0.00000
      0.41000      0.00000      0.00000      0.00000
      0.42000      0.00000      0.00000      0.00000
      0.43000      0.00000      0.00000      0.00000
      0.44000      0.00000      0.00000      0.00000
      0.45000      0.00000      0.00000      0.00000
      0.46000      0.00000      0.00000      0.00000
      0.47000      0.00000      0.00000      0.00000
      0.48000      0.00000      0.00000      0.00000
      0.49000      0.00000      0.00000      0.00000
      0.50000      0.00000      0.00000      0.00000
      0.51000      0.00000      0.00000      0.00000
      0.52000      0.00000      0.00000      0.00000
      0.53000      0.00000      0.00000      0.00000
      0.54000      0.00000      0.00000      0.00000
      0.55000      0.00000      0.00000      0.00000
      0.56000      0.00000      0.00000      0.00000
      0.57000      0.00000      0.00000      0.00000
      0.58000      0.00000      0.00000      0.00000
      0.59000      0.00000      0.00000      0.00000
      0.60000      0.00000      0.00000      0.00000
      0.61000      0.00000      0.00000      0.00000
      0.62000      0.00000      0.00000      0.00000
      0.63000      0.00000      0.00000      0.00000
      0.64000      0.00000      0.00000      0.00000
      0.65000      0.00000      0.00000      0.00000
      0.66000      0.00000      0.00000      0.00000
      0.67000      0.00000      0.00000      0.00000
      0.68000      0.00000      0.00000      0.00000
      0.69000      0.00000      0.00000      0.00000
      0.70000      0.00000      0.00000      0.00000
      0.71000      0.00000      0.00000      0.00000
      0.72000      0.00000      0.00000      0.00000
      0.73000      0.00000      0.00000      0.00000
      0.74000      0.00000      0.00000      0.00000
      0.75000      0.00000      0.00000      0.00000
      0.76000      0.00000      0.00000      0.00000
      0.77000      0.00000      0.00000      0.00000
      0.78000      0.00000      0.00000      0.00000
      0.79000      0.00000      0.00000      0.00000
      0.80000      0.00000      0.00000      0.00000
      0.81000      0.00000      0.00000      0.00000
      0.82000      0.00000      0.00000      0.00000
      0.83000      0.00000      0.00000      0.00000
      0.84000      0.00000      0.00000      0.00000
      0.85000      0.00000      0.00000      0.00000
      0.86000      0.00000      0.00000      0.00000
      0.87000      0.00000      0.00000      0.00000
      0.88000      0.00000      0.00000      0.00000
      0.89000      0.00000      0.00000      0.00000
      0.90000      0.00000      0.00000      0.00000
      0.91000      0.00000      0.00000      0.00000
      0.92000      0.00000      0.00000      0.00000
      0.93000      0.00000      0.00000      0.00000
      0.94000      0.00000      0.00000      0.00000
      0.95000      0.00000      0.00000      0.00000
      0.96000      0.00000      0.00000      0.00000
      0.97000      0.00000      0.00000      0.00000
      0.98000      0.00000      0.00000      0.00000
      0.99000      0.00000      0.00000      0.00000
      1.00000      0.00000      0.00000      0.00000
      1.01000      0.00000      0.00000      0.00000
      1.02000      0.00000      0.00000      0.00000
      1.03000      0.00000      0.00000      0.00000
      1.04000      0.00000      0.00000      0.00000
      1.05000      0.00000      0.00000      0.00000
      1.06000      0.00000      0.00000      0.00000
      1.07000      0.00000      0.00000      0.00000
      1.08000      0.00000      0.00000      0.00000
      1.09000      0.00000      0.00000      0.00000
      1.10000      0.00000      0.00000      0.00000
      1.11000      0.00000      0.00000      0.00000
      1.12000      0.00000      0.00000      0.00000
      1.13000      0.00000      0.00000      0.00000
      1.14000      0.00000      0.00000      0.00000
      1.15000      0.00000      0.00000      0.00000
      1.16000      0.00000      0.00000      0.00000
      1.17000      0.00000      0.00000      0.00000
      1.18000      0.00000      0.00000      0.00000
      1.19000      0.00000      0.00000      0.00000
      1.20000      0.00000      0.00000      0.00000
      1.21000      0.00000      0.00000      0.00000
      1.22000      0.00000      0.00000      0.00000
      1.23000      0.00000      0.00000      0.00000
      1.24000      0.00000      0.00000      0.00000
      1.25000      0.00000      0.00000      0.00000
      1.26000      0.00000      0.00000      0.00000
      1.27000      0.00000      0.00000      0.00000
      1.28000      0.00000      0.00000      0.00000
      1.29000      0.00000      0.00000      0.00000
      1.30000      0.00000      0.00000      0.00000
      1.31000      0.00000      0.00000      0.00000
      1.32000      0.00000      0.00000      0.00000
      1.33000      0.00000      0.00000      0.00000
      1.34000      0.00000      0.00000      0.00000
      1.35000      0.00000      0.00000      0.00000
      1.36000      0.00000      0.00000      0.00000
      1.37000      0.00000      0.00000      0.00000
      1.38000      0.00000      0.00000      0.00000
      1.39000      0.00000      0.00000      0.00000
      1.40000      0.00000      0.00000      0.00000
      1.41000      0.00000      0.00000      0.00000
      1.42000      0.00000      0.00000      0.00000
      1.43000      0.00000      0.00000      0.00000
      1.44000      0.00000      0.00000      0.00000
      1.45000      0.00000      0.00000      0.00000
      1.46000      0.00000      0.00000      0.00000
      1.47000      0.00000      0.00000      0.00000
      1.48000      0.00000      0.00000      0.00000
      1.49000      0.00000      0.00000      0.00000
      1.50000      0.00000      0.00000      0.00000
      1.51000      0.00000      0.00000      0.00000
      1.52000      0.00000      0.00000      0.00000
      1.53000      0.00000      0.00000      0.00000
      1.54000      0.00000      0.00000      0.00000
      1.55000      0.00000      0.00000      0.00000
      1.56000      0.00000      0.00000      0.00000
      1.57000      0.00000      0.00000      0.00000
      1.58000      0.00000      0.00000      0.00000
      1.59000      0.00000      0.00000      0.00000
      1.60000      0.00000      0.00000      0.00000
      1.61000      0.00000      0.00000      0.00000
      1.62000      0.00000      0.00000      0.00000
      1.63000      0.00000      0.00000      0.00000
      1.64000      0.00000      0.00000      0.00000
      1.65000      0.00000      0.00000      0.00000
      1.66000      0.00000      0.00000      0.00000
      1.67000      0.00000      0.00000      0.00000
      1.68000      0.00000      0.00000      0.00000
      1.69000      0.00000      0.00000      0.00000
      1.70000      0.00000      0.00000      0.00000
      1.71000      0.00000      0.00000      0.00000
      1.72000      0.00000      0.00000      0.00000
      1.73000      0.00000      0.00000      0.00000
      1.74000      0.00000      0.00000      0.00000
      1.75000      0.00000      0.00000      0.00000
      1.76000      0.00000      0.00000      0.00000
      1.77000      0.00000      0.00000      0.00000
      1.78000      0.00000      0.00000      0.00000
      1.79000      0.00000      0.00000      0.00000
      1.80000      0.00000      0.00000      0.00000
      1.81000      0.00000      0.00000      0.00000
      1.82000      0.00000      0.00000      0.00000
      1.83000      0.00000      0.00000      0.00000
      1.84000      0.00000      0.00000      0.00000
      1.85000      0.00000      0.00000      0.00000
      1.86000      0.00000      0.00000      0.00000
      1.87000      0.00000      0.00000      0.00000
      1.88000      0.00000      0.00000      0.00000
      1.89000      0.00000      0.00000      0.00000
      1.90000      0.00000      0.00000      0.00000
      1.91000      0.00000      0.00000      0.00000
      1.92000      0.00000      0.00000      0.00000
      1.93000      0.00000      0.00000      0.00000
      1.94000      0.00000      0.00000      0.00000
      1.95000      0.00000      0.00000      0.00000
      1.96000      0.00000      0.00000      0.00000
      1.97000      0.00000      0.00000      0.00000
      1.98000      0.00000      0.00000      0.00000
      1.99000      0.00000      0.00000      0.00000
      2.00000      0.00000      0.00000      0.00000
      2.01000      0.00000      0.00000      0.00000
      2.02000      0.00000      0.00000      0.00000
      2.03000      0.00000      0.00000      0.00000
      2.04000      0.00000      0.00000      0.00000
      2.05000      0.00000      0.00000      0.00000
      2.06000      0.00000      0.00000      0.00000
      2.07000      0.00000      0.00000      0.00000
      2.08000      0.00000      0.00000      0.00000
      2.09000      0.00000      0.00000      0.00000
      2.10000      0.00000      0.00000      0.00000
      2.11000      0.00000      0.00000      0.00000
      2.12000      0.00000      0.00000      0.00000
      2.13000      0.00000      0.00000      0.00000
      2.14000      0.00000      0.00000      0.00000
      2.15000      0.00000      0.00000      0.00000
      2.16000      0.00000      0.00000      0.00000
      2.17000      0.00000      0.00000      0.00000
      2.18000      0.00000      0.00000      0.00000
      2.19000      0.00000      0.00000      0.00000
      2.20000      0.00000      0.00000      0.00000
      2.21000      0.00000      0.00000      0.00000
      2.22000      0.00000      0.00000      0.00000
      2.23000      0.00000      0.00000      0.00000
      2.24000      0.00000      0.00000      0.00000
      2.25000      0.00000      0.00000      0.00000
      2.26000      0.00000      0.00000      0.00000
      2.27000      0.00000      0.00000      0.00000
      2.28000      0.00000      0.00000      0.00000
      2.29000      0.00000      0.00000      0.00000
      2.30000      0.00000      0.00000      0.00000
      2.31000      0.00000      0.00000      0.00000
      2.32000      0.00000      0.00000      0.00000
      2.33000      0.00000      0.00000      0.00000
      2.34000      0.00000      0.00000      0.00000
      2.35000      0.00000      0.00000      0.00000
      2.36000      0.00000      0.00000      0.00000
      2.37000      0.00000      0.00000      0.00000
      2.38000      0.00000      0.00000      0.00000
      2.39000      0.00000      0.00000      0.00000
      2.40000      0.00000      0.00000      0.00000
      2.41000      0.00000      0.00000      0.00000
      2.42000      0.00000      0.00000      0.00000
      2.43000      0.00000      0.00000      0.00000
      2.44000      0.00000      0.00000      0.00000
      2.45000      0.00000      0.00000      0.00000
      2.46000      0.00000      0.00000      0.00000
      2.47000      0.00000      0.00000      0.00000
      2.48000      0.00000      0.00000      0.00000
      2.49000      0.00000      0.00000      0.00000
      2.50000      0.00000      0.00000      0.00000
      2.51000      0.00004      0.00003      0.00002
      2.52000      0.00151      0.00094      0.00057
      2.53000      0.02081      0.01297      0.00783
      2.54000      0.11505      0.07171      0.04334
      2.55000      0.30465      0.18962      0.11503
      2.56000      0.54546      0.33866      0.20680
      2.57000      0.80456      0.49781      0.30675
      2.58000      1.04616      0.64453      0.40162
      2.59000      1.31203      0.80604      0.50600
      2.60000      1.54979      0.95089      0.59890
      2.61000      1.75227      1.07586      0.67640
      2.62000      1.73399      1.06698      0.66700
      2.63000      1.51837      0.93471      0.58365
      2.64000      1.33112      0.81703      0.51409
      2.65000      1.34004      0.82188      0.51816
      2.66000      1.55424      0.95600      0.59824
      2.67000      1.77247      1.09129      0.68117
      2.68000      1.63006      1.00369      0.62637
      2.69000      1.31575      0.81067      0.50508
      2.70000      1.30485      0.80283      0.50203
      2.71000      1.56310      0.96272      0.60038
      2.72000      1.74448      1.07633      0.66815
      2.73000      1.71392      1.05693      0.65699
      2.74000      1.59778      0.98556      0.61222
      2.75000      1.40442      0.86823      0.53618
      2.76000      1.35072      0.83634      0.51438
      2.77000      1.47875      0.91374      0.56501
      2.78000      1.63029      1.00779      0.62250
      2.79000      1.75972      1.09256      0.66716
      2.80000      1.61495      1.00463      0.61032
      2.81000      1.38118      0.85661      0.52457
      2.82000      1.38460      0.85774      0.52686
      2.83000      1.42096      0.88507      0.53589
      2.84000      1.42581      0.89154      0.53426
      2.85000      1.34525      0.83891      0.50634
      2.86000      1.38371      0.86194      0.52177
      2.87000      1.82449      1.13986      0.68462
      2.88000      2.17089      1.35166      0.81923
      2.89000      1.90963      1.18265      0.72698
      2.90000      1.58955      0.98772      0.60183
      2.91000      1.45985      0.91622      0.54364
      2.92000      1.31731      0.83408      0.48322
      2.93000      1.20256      0.76191      0.44065
      2.94000      1.34830      0.84450      0.50380
      2.95000      1.73024      1.08522      0.64502
      2.96000      1.99694      1.26500      0.73194
      2.97000      1.81358      1.14893      0.66464
      2.98000      1.57704      0.99431      0.58273
      2.99000      1.68566      1.06317      0.62250
      3.00000      1.68368      1.06354      0.62014
      3.01000      1.55329      0.98141      0.57187
      3.02000      1.43643      0.90463      0.53181
      3.03000      1.41975      0.89869      0.52106
      3.04000      1.62426      1.04801      0.57625
      3.05000      1.90591      1.23188      0.67404
      3.06000      1.91167      1.22016      0.69151
      3.07000      2.00037      1.27202      0.72835
      3.08000      2.13010      1.35441      0.77569
      3.09000      1.77792      1.13229      0.64563
      3.10000      1.26629      0.80726      0.45904
      3.11000      1.39503      0.89239      0.50264
      3.12000      2.00532      1.29746      0.70786
      3.13000      2.28458      1.48644      0.79814
      3.14000      2.12974      1.38272      0.74702
      3.15000      2.17846      1.40722      0.77124
      3.16000      2.17182      1.40180      0.77002
      3.17000      1.78935      1.16015      0.62920
      3.18000      1.66727      1.10136      0.56591
      3.19000      2.23019      1.48270      0.74749
      3.20000      2.64824      1.74243      0.90581
      3.21000      2.52689      1.64433      0.88256
      3.22000      2.46619      1.60780      0.85839
      3.23000      2.77948      1.83461      0.94487
      3.24000      2.95659      1.93808      1.01851
      3.25000      2.94172      1.89512      1.04660
      3.26000      3.06775      1.98085      1.08690
      3.27000      2.84773      1.84515      1.00258
      3.28000      2.58183      1.65294      0.92889
      3.29000      2.49128      1.57684      0.91444
      3.30000      2.32763      1.47099      0.85664
      3.31000      2.26445      1.41332      0.85114
      3.32000      2.28688      1.38997      0.89691
      3.33000      2.42631      1.46599      0.96033
      3.34000      2.55090      1.56924      0.98166
      3.35000      2.36789      1.47002      0.89787
      3.36000      2.04208      1.25777      0.78431
      3.37000      1.94311      1.18915      0.75396
      3.38000      2.01427      1.21805      0.79622
      3.39000      2.08498      1.23026      0.85472
      3.40000      2.04409      1.18190      0.86219
      3.41000      1.97749      1.15057      0.82691
      3.42000      2.28128      1.36344      0.91784
      3.43000      2.43344      1.46249      0.97095
      3.44000      1.88885      1.11475      0.77410
      3.45000      1.49717      0.87511      0.62206
      3.46000      1.67502      0.98359      0.69144
      3.47000      2.02204      1.16122      0.86082
      3.48000      2.09488      1.19630      0.89858
      3.49000      1.88845      1.09783      0.79062
      3.50000      2.11125      1.22748      0.88377
      3.51000      2.59410      1.48360      1.11050
      3.52000      2.48742      1.40302      1.08440
      3.53000      2.19254      1.23860      0.95394
      3.54000      2.22667      1.26091      0.96577
      3.55000      2.33994      1.32759      1.01235
      3.56000      2.23567      1.27791      0.95776
      3.57000      2.05728      1.16508      0.89220
      3.58000      2.23563      1.22830      1.00733
      3.59000      2.49277      1.35371      1.13906
      3.60000      2.44339      1.34064      1.10275
      3.61000      2.30478      1.28204      1.02274
      3.62000      2.16982      1.21525      0.95457
      3.63000      2.26632      1.25445      1.01186
      3.64000      2.93942      1.60220      1.33723
      3.65000      3.50861      1.89851      1.61010
      3.66000      3.42002      1.85292      1.56710
      3.67000      3.56368      1.94711      1.61658
      3.68000      3.84821      2.10604      1.74216
      3.69000      3.68665      2.00845      1.67820
      3.70000      3.45995      1.85949      1.60045
      3.71000      3.44944      1.82549      1.62396
      3.72000      3.30509      1.74651      1.55858
      3.73000      3.21560      1.71239      1.50321
      3.74000      3.51645      1.89971      1.61674
      3.75000      3.45005      1.87794      1.57211
      3.76000      3.18168      1.72207      1.45961
      3.77000      3.39700      1.82910      1.56790
      3.78000      3.49955      1.87290      1.62665
      3.79000      2.72827      1.45938      1.26889
      3.80000      1.83104      0.99339      0.83765
      3.81000      1.62790      0.89457      0.73334
      3.82000      2.09814      1.14785      0.95029
      3.83000      2.69273      1.45308      1.23966
      3.84000      3.13416      1.67370      1.46046
      3.85000      3.14395      1.69067      1.45329
      3.86000      2.65204      1.44621      1.20583
      3.87000      2.15867      1.18629      0.97238
      3.88000      2.05958      1.13499      0.92460
      3.89000      2.00051      1.09729      0.90322
      3.90000      1.76778      0.96019      0.80759
      3.91000      1.73194      0.93545      0.79649
      3.92000      2.11561      1.14848      0.96712
      3.93000      2.53859      1.38966      1.14893
      3.94000      2.85877      1.56901      1.28976
      3.95000      2.81510      1.54691      1.26819
      3.96000      2.43931      1.34952      1.08979
      3.97000      1.99128      1.10658      0.88470
      3.98000      1.76529      0.97261      0.79268
      3.99000      1.89562      1.03947      0.85614
      4.00000      2.03345      1.11661      0.91685
      4.01000      1.93454      1.06671      0.86783
      4.02000      1.87402      1.03461      0.83941
      4.03000      2.30423      1.26622      1.03800
      4.04000      2.68775      1.47826      1.20948
      4.05000      2.52917      1.40014      1.12903
      4.06000      2.11895      1.18117      0.93778
      4.07000      1.99732      1.11399      0.88333
      4.08000      2.30967      1.28639      1.02328
      4.09000      2.27369      1.26411      1.00959
      4.10000      1.82371      1.01388      0.80982
      4.11000      1.88081      1.05173      0.82908
      4.12000      2.75571      1.54397      1.21174
      4.13000      3.39308      1.90058      1.49250
      4.14000      2.87946      1.61471      1.26475
      4.15000      2.22456      1.25139      0.97316
      4.16000      2.26103      1.27375      0.98729
      4.17000      2.28635      1.28574      1.00061
      4.18000      2.07289      1.16448      0.90841
      4.19000      2.23757      1.26361      0.97395
      4.20000      2.86820      1.62221      1.24599
      4.21000      3.23192      1.82565      1.40627
      4.22000      2.77580      1.56847      1.20732
      4.23000      2.05898      1.16355      0.89543
      4.24000      1.86522      1.05398      0.81123
      4.25000      2.32378      1.31418      1.00960
      4.26000      2.95627      1.67042      1.28585
      4.27000      3.32502      1.87995      1.44507
      4.28000      3.69528      2.09429      1.60099
      4.29000      3.52428      1.99588      1.52840
      4.30000      2.97331      1.68036      1.29296
      4.31000      2.98822      1.69229      1.29593
      4.32000      3.44833      1.95886      1.48947
      4.33000      3.71644      2.11009      1.60635
      4.34000      3.59059      2.03511      1.55548
      4.35000      3.89858      2.20804      1.69053
      4.36000      3.90192      2.20666      1.69526
      4.37000      3.36160      1.89207      1.46953
      4.38000      2.87866      1.61407      1.26459
      4.39000      2.56028      1.43580      1.12448
      4.40000      2.33590      1.30420      1.03170
      4.41000      2.22614      1.23036      0.99579
      4.42000      2.34332      1.28830      1.05503
      4.43000      2.47291      1.35944      1.11347
      4.44000      2.48441      1.36444      1.11998
      4.45000      2.42909      1.33019      1.09891
      4.46000      2.48622      1.35289      1.13333
      4.47000      2.77715      1.49043      1.28672
      4.48000      3.22602      1.71765      1.50837
      4.49000      3.24615      1.73114      1.51501
      4.50000      2.90933      1.54621      1.36312
      4.51000      2.32593      1.21932      1.10661
      4.52000      1.84697      0.96467      0.88229
      4.53000      2.03072      1.06966      0.96107
      4.54000      2.44228      1.28387      1.15841
      4.55000      2.38208      1.25969      1.12239
      4.56000      2.14473      1.14536      0.99937
      4.57000      2.04296      1.06976      0.97320
      4.58000      2.38744      1.21997      1.16747
      4.59000      2.90973      1.49006      1.41966
      4.60000      3.00680      1.55500      1.45180
      4.61000      2.37939      1.23126      1.14812
      4.62000      1.76921      0.90430      0.86491
      4.63000      1.88841      0.94503      0.94339
      4.64000      2.29852      1.14558      1.15294
      4.65000      2.60693      1.33007      1.27685
      4.66000      2.70625      1.39672      1.30953
      4.67000      2.75902      1.40902      1.34999
      4.68000      2.99636      1.53490      1.46146
      4.69000      2.92822      1.49768      1.43054
      4.70000      2.45410      1.21229      1.24181
      4.71000      2.08279      1.00815      1.07464
      4.72000      2.06256      1.03069      1.03186
      4.73000      2.47379      1.25125      1.22254
      4.74000      3.05226      1.56145      1.49081
      4.75000      3.14509      1.64853      1.49656
      4.76000      2.88208      1.50954      1.37254
      4.77000      2.44591      1.24820      1.19771
      4.78000      2.07504      1.04877      1.02628
      4.79000      2.19803      1.08999      1.10804
      4.80000      2.59563      1.25310      1.34253
      4.81000      2.66160      1.29832      1.36329
      4.82000      2.89985      1.47610      1.42375
      4.83000      3.67235      1.92418      1.74817
      4.84000      3.54887      1.84567      1.70320
      4.85000      2.48856      1.23586      1.25270
      4.86000      1.90203      0.89116      1.01087
      4.87000      2.10638      1.00506      1.10132
      4.88000      2.47939      1.24362      1.23577
      4.89000      2.57235      1.32933      1.24302
      4.90000      3.17714      1.66420      1.51294
      4.91000      4.05337      2.10845      1.94492
      4.92000      3.71068      1.85776      1.85292
      4.93000      2.80065      1.32793      1.47271
      4.94000      2.42439      1.12628      1.29811
      4.95000      2.92150      1.42785      1.49365
      4.96000      3.63316      1.87655      1.75661
      4.97000      3.82813      2.00698      1.82115
      4.98000      3.74818      1.90721      1.84097
      4.99000      3.89180      1.94690      1.94490
      5.00000      4.09568      2.11926      1.97642
      5.01000      4.26812      2.28282      1.98529
      5.02000      4.48125      2.40461      2.07664
      5.03000      5.00669      2.63846      2.36822
      5.04000      5.17539      2.68682      2.48857
      5.05000      4.28778      2.18817      2.09961
      5.06000      3.53445      1.78159      1.75286
      5.07000      3.09137      1.55610      1.53527
      5.08000      2.39384      1.18869      1.20515
      5.09000      2.28944      1.12321      1.16623
      5.10000      2.57402      1.23507      1.33894
      5.11000      2.42997      1.16319      1.26678
      5.12000      2.18562      1.10444      1.08118
      5.13000      2.15748      1.11255      1.04493
      5.14000      2.16493      1.07945      1.08548
      5.15000      2.10163      0.99383      1.10780
      5.16000      2.03951      0.94444      1.09507
      5.17000      1.71248      0.82082      0.89166
      5.18000      1.38750      0.66630      0.72121
      5.19000      1.45800      0.70219      0.75581
      5.20000      1.55566      0.75360      0.80206
      5.21000      1.48267      0.70330      0.77936
      5.22000      1.42599      0.65507      0.77092
      5.23000      1.45517      0.66230      0.79287
      5.24000      1.31875      0.63440      0.68435
      5.25000      1.12255      0.57630      0.54625
      5.26000      1.06763      0.54068      0.52695
      5.27000      1.06133      0.51529      0.54605
      5.28000      0.99146      0.44281      0.54865
      5.29000      1.07655      0.44131      0.63525
      5.30000      1.15268      0.48052      0.67215
      5.31000      1.00610      0.43609      0.57001
      5.32000      0.81024      0.35010      0.46014
      5.33000      0.71645      0.29470      0.42175
      5.34000      0.72050      0.26598      0.45452
      5.35000      0.78374      0.27203      0.51172
      5.36000      0.63071      0.21755      0.41316
      5.37000      0.45139      0.15576      0.29564
      5.38000      0.61593      0.21201      0.40392
      5.39000      0.92234      0.31715      0.60519
      5.40000      0.83848      0.28834      0.55013
      5.41000      0.52482      0.18095      0.34387
      5.42000      0.44061      0.15222      0.28839
      5.43000      0.37825      0.13054      0.24772
      5.44000      0.41332      0.14279      0.27054
      5.45000      0.50969      0.17634      0.33335
      5.46000      0.40246      0.13920      0.26325
      5.47000      0.23059      0.07980      0.15079
      5.48000      0.20057      0.06969      0.13088
      5.49000      0.22328      0.07760      0.14568
      5.50000      0.27021      0.09365      0.17657
      5.51000      0.36482      0.12634      0.23848
      5.52000      0.33357      0.11568      0.21790
      5.53000      0.26351      0.09161      0.17190
      5.54000      0.20927      0.07291      0.13636
      5.55000      0.22140      0.07726      0.14415
      5.56000      0.25112      0.08749      0.16363
      5.57000      0.26519      0.09223      0.17295
      5.58000      0.31059      0.10821      0.20238
      5.59000      0.23076      0.08057      0.15019
      5.60000      0.09985      0.03498      0.06487
      5.61000      0.13676      0.04810      0.08866
      5.62000      0.29401      0.10313      0.19088
      5.63000      0.46516      0.16287      0.30228
      5.64000      0.58546      0.20695      0.37851
      5.65000      0.57621      0.20817      0.36804
      5.66000      0.52749      0.19335      0.33414
      5.67000      0.49017      0.18015      0.31003
      5.68000      0.56771      0.20970      0.35801
      5.69000      0.76454      0.28007      0.48447
      5.70000      0.76948      0.27972      0.48976
      5.71000      0.59142      0.21698      0.37444
      5.72000      0.52652      0.19366      0.33286
      5.73000      0.59286      0.21410      0.37876
      5.74000      0.76049      0.27434      0.48614
      5.75000      0.76903      0.28174      0.48729
      5.76000      0.56863      0.21093      0.35770
      5.77000      0.42313      0.15593      0.26720
      5.78000      0.37986      0.13948      0.24038
      5.79000      0.40412      0.14833      0.25579
      5.80000      0.45234      0.16597      0.28637
      5.81000      0.41882      0.15457      0.26425
      5.82000      0.21260      0.07905      0.13355
      5.83000      0.06617      0.02487      0.04129
      5.84000      0.12388      0.04705      0.07683
      5.85000      0.30446      0.11567      0.18878
      5.86000      0.39293      0.14927      0.24366
      5.87000      0.32389      0.12300      0.20090
      5.88000      0.18483      0.07016      0.11467
      5.89000      0.10028      0.03804      0.06225
      5.90000      0.10675      0.04021      0.06654
      5.91000      0.14176      0.05039      0.09137
      5.92000      0.31229      0.10262      0.20967
      5.93000      0.49679      0.15824      0.33855
      5.94000      0.45835      0.14565      0.31270
      5.95000      0.28508      0.08732      0.19775
      5.96000      0.22348      0.05921      0.16427
      5.97000      0.25005      0.06233      0.18773
      5.98000      0.18664      0.04622      0.14041
      5.99000      0.18657      0.04648      0.14009
      6.00000      0.38969      0.10049      0.28919
      6.01000      0.63438      0.17217      0.46220
      6.02000      0.80341      0.22826      0.57516
      6.03000      0.72948      0.21640      0.51308
      6.04000      0.46609      0.14491      0.32118
      6.05000      0.40031      0.12361      0.27670
      6.06000      0.50414      0.14940      0.35474
      6.07000      0.51558      0.14563      0.36995
      6.08000      0.49418      0.13583      0.35835
      6.09000      0.66378      0.18811      0.47567
      6.10000      0.75329      0.21397      0.53931
      6.11000      0.52130      0.14371      0.37760
      6.12000      0.39714      0.10848      0.28866
      6.13000      0.86103      0.23560      0.62543
      6.14000      1.41280      0.38606      1.02674
      6.15000      1.16912      0.32335      0.84577
      6.16000      0.73591      0.21239      0.52352
      6.17000      0.88693      0.27413      0.61280
      6.18000      1.27344      0.41083      0.86261
      6.19000      1.69304      0.56851      1.12453
      6.20000      1.73590      0.60296      1.13294
      6.21000      1.35358      0.48010      0.87348
      6.22000      1.21140      0.42740      0.78400
      6.23000      1.15527      0.40321      0.75206
      6.24000      0.84645      0.30022      0.54623
      6.25000      0.42200      0.15613      0.26587
      6.26000      0.35004      0.12925      0.22079
      6.27000      0.58327      0.19968      0.38358
      6.28000      0.55781      0.18001      0.37779
      6.29000      0.44738      0.13540      0.31198
      6.30000      0.70909      0.19685      0.51225
      6.31000      0.87231      0.23526      0.63705
      6.32000      0.70433      0.19853      0.50580
      6.33000      0.51640      0.15451      0.36189
      6.34000      0.40558      0.12468      0.28090
      6.35000      0.48702      0.15946      0.32756
      6.36000      0.57407      0.19259      0.38148
      6.37000      0.58416      0.18792      0.39625
      6.38000      0.67202      0.20286      0.46916
      6.39000      0.96333      0.28520      0.67813
      6.40000      1.20990      0.37602      0.83388
      6.41000      1.15975      0.38163      0.77812
      6.42000      0.99718      0.34017      0.65702
      6.43000      0.78249      0.27972      0.50277
      6.44000      0.71364      0.25950      0.45414
      6.45000      1.01515      0.35327      0.66188
      6.46000      1.15641      0.39601      0.76040
      6.47000      0.97526      0.32585      0.64940
      6.48000      0.75256      0.24686      0.50570
      6.49000      0.57117      0.18809      0.38308
      6.50000      0.55978      0.19485      0.36493
      6.51000      0.73647      0.27475      0.46172
      6.52000      0.73274      0.27926      0.45348
      6.53000      0.52670      0.19304      0.33365
      6.54000      0.36229      0.12943      0.23286
      6.55000      0.31142      0.11855      0.19287
      6.56000      0.35767      0.12971      0.22796
      6.57000      0.41393      0.14753      0.26640
      6.58000      0.44362      0.16843      0.27519
      6.59000      0.53360      0.19673      0.33688
      6.60000      0.68033      0.22494      0.45538
      6.61000      0.90917      0.29365      0.61552
      6.62000      1.06313      0.36887      0.69426
      6.63000      1.03821      0.39548      0.64273
      6.64000      0.97367      0.40173      0.57194
      6.65000      1.03653      0.44449      0.59204
      6.66000      0.84985      0.37431      0.47554
      6.67000      0.69294      0.31783      0.37511
      6.68000      0.87913      0.40954      0.46959
      6.69000      0.93887      0.44144      0.49743
      6.70000      1.07187      0.50067      0.57120
      6.71000      1.48993      0.66774      0.82218
      6.72000      1.81891      0.77292      1.04599
      6.73000      2.04619      0.86739      1.17880
      6.74000      2.09972      0.92134      1.17837
      6.75000      1.85358      0.83945      1.01413
      6.76000      1.73190      0.79952      0.93237
      6.77000      1.63159      0.74967      0.88192
      6.78000      1.46881      0.65150      0.81731
      6.79000      1.34257      0.58848      0.75409
      6.80000      1.11128      0.51341      0.59786
      6.81000      1.14283      0.55399      0.58885
      6.82000      1.41467      0.68552      0.72915
      6.83000      1.73594      0.82596      0.90998
      6.84000      2.39498      1.11459      1.28039
      6.85000      3.17193      1.42481      1.74712
      6.86000      3.87028      1.71688      2.15340
      6.87000      4.02976      1.81364      2.21612
      6.88000      4.07988      1.87095      2.20893
      6.89000      4.38501      2.04514      2.33987
      6.90000      4.32829      2.01669      2.31160
      6.91000      3.94854      1.81786      2.13067
      6.92000      3.60609      1.67065      1.93544
      6.93000      3.80048      1.79786      2.00262
      6.94000      4.39953      2.08929      2.31024
      6.95000      4.61054      2.16878      2.44176
      6.96000      4.37271      2.05383      2.31888
      6.97000      3.88618      1.84117      2.04500
      6.98000      3.57337      1.69227      1.88110
      6.99000      3.45005      1.61091      1.83914
      7.00000      3.49580      1.63668      1.85912
      7.01000      3.68965      1.75570      1.93395
      7.02000      3.60862      1.71408      1.89454
      7.03000      3.62919      1.69646      1.93273
      7.04000      3.85365      1.78400      2.06965
      7.05000      3.50782      1.61559      1.89223
      7.06000      2.78157      1.28162      1.49995
      7.07000      2.55114      1.18583      1.36531
      7.08000      3.17188      1.49308      1.67880
      7.09000      3.97826      1.86640      2.11186
      7.10000      4.29857      1.98878      2.30978
      7.11000      4.11981      1.90263      2.21718
      7.12000      3.76808      1.75517      2.01291
      7.13000      3.32285      1.53997      1.78288
      7.14000      3.14514      1.42987      1.71528
      7.15000      3.42844      1.53805      1.89040
      7.16000      3.96011      1.79317      2.16695
      7.17000      4.35412      2.01559      2.33853
      7.18000      4.15943      1.94235      2.21708
      7.19000      3.58280      1.65550      1.92729
      7.20000      2.85013      1.32166      1.52847
      7.21000      2.47219      1.15298      1.31921
      7.22000      2.75661      1.25476      1.50185
      7.23000      3.43350      1.54226      1.89124
      7.24000      4.07504      1.85139      2.22365
      7.25000      4.28870      1.96640      2.32230
      7.26000      4.33848      1.95730      2.38117
      7.27000      4.38588      1.95884      2.42704
      7.28000      3.83250      1.73950      2.09301
      7.29000      3.04766      1.39787      1.64980
      7.30000      2.76482      1.26229      1.50253
      7.31000      3.05207      1.39550      1.65657
      7.32000      3.85902      1.79432      2.06470
      7.33000      4.99187      2.35157      2.64031
      7.34000      5.77883      2.72455      3.05428
      7.35000      5.66395      2.63844      3.02551
      7.36000      5.28715      2.42228      2.86487
      7.37000      5.56960      2.54702      3.02258
      7.38000      6.02344      2.76792      3.25553
      7.39000      6.29329      2.89988      3.39341
      7.40000      5.91181      2.74456      3.16725
      7.41000      5.28816      2.47012      2.81804
      7.42000      4.88324      2.29787      2.58537
      7.43000      4.56090      2.18506      2.37584
      7.44000      4.67763      2.26539      2.41224
      7.45000      4.85312      2.33112      2.52200
      7.46000      5.08217      2.40940      2.67276
      7.47000      5.77728      2.68425      3.09303
      7.48000      6.20933      2.80537      3.40396
      7.49000      5.77654      2.56514      3.21139
      7.50000      4.91892      2.20013      2.71879
      7.51000      4.02191      1.83468      2.18723
      7.52000      2.98776      1.39805      1.58972
      7.53000      2.53434      1.19868      1.33566
      7.54000      2.63966      1.22572      1.41394
