Energy-E_F (eV)    DOS (1/eV)    PDOS (1/eV)  of atom type C  N  
     -4.99000      2.58400      0.85713      1.72687
     -4.98000      3.03429      1.05469      1.97960
     -4.97000      3.97348      1.39210      2.58138
     -4.96000      3.57527      1.21488      2.36039
     -4.95000      2.69420      0.87298      1.82122
     -4.94000      2.73048      0.84193      1.88855
     -4.93000      3.15758      0.96528      2.19230
     -4.92000      3.33147      1.06598      2.26549
     -4.91000      3.33810      1.09531      2.24278
     -4.90000      3.46394      1.12407      2.33987
     -4.89000      3.57524      1.10296      2.47228
     -4.88000      3.51115      1.01598      2.49517
     -4.87000      3.09745      0.93328      2.16417
     -4.86000      3.32625      1.14884      2.17742
     -4.85000      4.24316      1.56551      2.67765
     -4.84000      4.86991      1.76918      3.10073
     -4.83000      4.83801      1.67215      3.16587
     -4.82000      4.37277      1.45514      2.91763
     -4.81000      3.99688      1.29910      2.69779
     -4.80000      4.15658      1.32877      2.82780
     -4.79000      4.84931      1.53168      3.31763
     -4.78000      5.09947      1.64280      3.45667
     -4.77000      5.00391      1.67417      3.32973
     -4.76000      4.65021      1.57628      3.07393
     -4.75000      4.17925      1.35925      2.82001
     -4.74000      5.01256      1.54681      3.46575
     -4.73000      6.89493      2.19045      4.70448
     -4.72000      7.94435      2.66733      5.27702
     -4.71000      8.27186      2.79758      5.47428
     -4.70000      8.41058      2.78216      5.62842
     -4.69000      7.29782      2.41683      4.88099
     -4.68000      6.39753      2.15416      4.24338
     -4.67000      6.84586      2.30429      4.54157
     -4.66000      7.50270      2.47717      5.02553
     -4.65000      7.83528      2.59270      5.24257
     -4.64000      8.14246      2.75333      5.38914
     -4.63000      8.05693      2.74308      5.31386
     -4.62000      8.12442      2.72683      5.39759
     -4.61000      8.21144      2.75537      5.45606
     -4.60000      8.88687      2.99630      5.89056
     -4.59000      9.97492      3.38627      6.58865
     -4.58000     10.53711      3.63144      6.90567
     -4.57000     11.28242      3.95809      7.32433
     -4.56000     11.22677      4.06049      7.16628
     -4.55000      9.75867      3.60630      6.15236
     -4.54000      8.06877      2.99068      5.07808
     -4.53000      7.02392      2.65575      4.36817
     -4.52000      6.51908      2.52974      3.98933
     -4.51000      5.87166      2.26615      3.60550
     -4.50000      5.12521      1.97435      3.15086
     -4.49000      5.06558      1.98703      3.07855
     -4.48000      5.50213      2.19962      3.30251
     -4.47000      5.19331      2.11886      3.07446
     -4.46000      4.03059      1.67880      2.35179
     -4.45000      2.92561      1.24696      1.67865
     -4.44000      2.15180      0.93315      1.21865
     -4.43000      2.06909      0.90703      1.16207
     -4.42000      2.35438      1.04865      1.30573
     -4.41000      2.20751      0.99678      1.21074
     -4.40000      2.02623      0.90340      1.12283
     -4.39000      2.23090      0.97022      1.26068
     -4.38000      2.85197      1.22642      1.62555
     -4.37000      3.25529      1.38156      1.87374
     -4.36000      3.02804      1.25655      1.77149
     -4.35000      2.55389      1.04574      1.50815
     -4.34000      2.30474      0.95568      1.34906
     -4.33000      2.33993      0.99696      1.34296
     -4.32000      2.40163      1.05301      1.34862
     -4.31000      2.76881      1.22952      1.53929
     -4.30000      3.25282      1.43328      1.81954
     -4.29000      3.21648      1.40904      1.80744
     -4.28000      3.21088      1.41277      1.79812
     -4.27000      3.14754      1.39210      1.75544
     -4.26000      2.43973      1.08340      1.35633
     -4.25000      2.04614      0.91551      1.13064
     -4.24000      2.03229      0.92370      1.10858
     -4.23000      2.20878      1.01262      1.19616
     -4.22000      2.99822      1.36876      1.62946
     -4.21000      3.40350      1.54684      1.85666
     -4.20000      2.80586      1.26726      1.53860
     -4.19000      2.15936      0.97299      1.18638
     -4.18000      2.00578      0.90925      1.09653
     -4.17000      2.38122      1.07614      1.30509
     -4.16000      2.98450      1.35197      1.63253
     -4.15000      3.71641      1.69640      2.02001
     -4.14000      4.48999      2.05291      2.43708
     -4.13000      5.67323      2.60977      3.06345
     -4.12000      6.54408      3.03636      3.50773
     -4.11000      6.40273      2.98734      3.41539
     -4.10000      5.55461      2.59022      2.96440
     -4.09000      4.83284      2.23631      2.59653
     -4.08000      4.05679      1.87583      2.18096
     -4.07000      3.77816      1.75951      2.01864
     -4.06000      4.40722      2.05892      2.34830
     -4.05000      4.35534      2.05254      2.30280
     -4.04000      4.07658      1.94857      2.12801
     -4.03000      4.70008      2.24364      2.45644
     -4.02000      5.79023      2.74578      3.04444
     -4.01000      5.63934      2.65751      2.98182
     -4.00000      4.23575      1.97128      2.26447
     -3.99000      3.55937      1.63472      1.92465
     -3.98000      3.53990      1.62196      1.91794
     -3.97000      3.38438      1.55393      1.83046
     -3.96000      3.65024      1.68160      1.96864
     -3.95000      3.68415      1.69479      1.98936
     -3.94000      2.96866      1.36793      1.60074
     -3.93000      2.73980      1.27909      1.46071
     -3.92000      3.29028      1.54751      1.74277
     -3.91000      4.32845      2.03754      2.29091
     -3.90000      4.77954      2.25279      2.52675
     -3.89000      4.40720      2.07517      2.33204
     -3.88000      4.47571      2.11367      2.36204
     -3.87000      5.22818      2.49524      2.73294
     -3.86000      6.20264      2.99718      3.20546
     -3.85000      6.00938      2.92152      3.08787
     -3.84000      4.85813      2.35121      2.50692
     -3.83000      3.48963      1.67732      1.81231
     -3.82000      2.39614      1.15277      1.24337
     -3.81000      1.80461      0.87385      0.93076
     -3.80000      1.32893      0.64499      0.68394
     -3.79000      1.62072      0.78644      0.83428
     -3.78000      2.57427      1.25804      1.31623
     -3.77000      2.82341      1.39027      1.43314
     -3.76000      2.29201      1.14095      1.15105
     -3.75000      1.63969      0.82177      0.81791
     -3.74000      1.69748      0.84800      0.84948
     -3.73000      2.47161      1.22079      1.25082
     -3.72000      5.07290      2.05773      3.01517
     -3.71000     25.16285      8.04438     17.11847
     -3.70000     87.60371     26.80847     60.79524
     -3.69000    156.53051     50.10862    106.42189
     -3.68000    172.05525     64.21542    107.83983
     -3.67000    131.88967     58.93497     72.95470
     -3.66000     86.41172     43.06112     43.35060
     -3.65000     89.75804     46.11770     43.64034
     -3.64000     70.97378     36.38783     34.58596
     -3.63000     24.91350     12.33029     12.58321
     -3.62000      5.98483      2.49942      3.48541
     -3.61000      3.80152      1.35732      2.44420
     -3.60000      4.48387      1.59474      2.88913
     -3.59000      5.23368      1.89499      3.33869
     -3.58000      5.65006      2.08713      3.56293
     -3.57000      5.54734      1.97395      3.57340
     -3.56000      5.62744      1.85779      3.76966
     -3.55000      6.32789      2.13926      4.18863
     -3.54000      7.79658      2.82697      4.96960
     -3.53000      9.10912      3.36134      5.74778
     -3.52000      9.08494      3.28627      5.79867
     -3.51000      9.10562      3.29447      5.81114
     -3.50000      9.92660      3.66941      6.25719
     -3.49000     10.72204      4.03499      6.68705
     -3.48000     10.66643      3.98892      6.67751
     -3.47000      9.77634      3.47513      6.30121
     -3.46000      9.36610      3.08095      6.28515
     -3.45000      8.87698      2.71544      6.16154
     -3.44000      9.06760      2.66183      6.40577
     -3.43000     10.68954      3.16533      7.52421
     -3.42000     12.23349      3.70332      8.53017
     -3.41000     12.61533      3.88034      8.73499
     -3.40000     11.91736      3.79840      8.11896
     -3.39000     11.53733      3.90175      7.63558
     -3.38000     12.18673      4.20036      7.98637
     -3.37000     11.60627      3.86101      7.74526
     -3.36000      8.97891      2.78498      6.19393
     -3.35000      7.00549      2.01176      4.99373
     -3.34000      7.54128      2.10016      5.44112
     -3.33000      8.28844      2.31853      5.96991
     -3.32000      7.74541      2.19395      5.55145
     -3.31000      6.81435      1.94364      4.87071
     -3.30000      6.92854      1.97605      4.95249
     -3.29000      7.94019      2.27356      5.66663
     -3.28000      7.73277      2.23313      5.49963
     -3.27000      6.49673      1.90212      4.59461
     -3.26000      5.45850      1.60266      3.85584
     -3.25000      4.46950      1.30522      3.16429
     -3.24000      3.66304      1.05856      2.60448
     -3.23000      3.27496      0.94511      2.32985
     -3.22000      3.45444      1.01236      2.44208
     -3.21000      3.09382      0.91510      2.17872
     -3.20000      2.55667      0.76838      1.78829
     -3.19000      2.69316      0.82002      1.87314
     -3.18000      2.85719      0.86741      1.98978
     -3.17000      2.52006      0.76523      1.75484
     -3.16000      2.61770      0.77800      1.83970
     -3.15000      3.53139      1.03118      2.50021
     -3.14000      4.11531      1.20867      2.90664
     -3.13000      4.51035      1.33935      3.17100
     -3.12000      4.42130      1.32091      3.10039
     -3.11000      3.64760      1.08582      2.56178
     -3.10000      3.80359      1.10837      2.69522
     -3.09000      4.49283      1.28405      3.20878
     -3.08000      4.42195      1.25100      3.17095
     -3.07000      4.06477      1.14147      2.92330
     -3.06000      4.08343      1.14578      2.93766
     -3.05000      4.72210      1.33844      3.38366
     -3.04000      5.32916      1.50451      3.82465
     -3.03000      4.55243      1.25945      3.29297
     -3.02000      3.75236      1.02592      2.72644
     -3.01000      3.97707      1.11001      2.86706
     -3.00000      4.49131      1.27219      3.21912
     -2.99000      4.90611      1.39648      3.50963
     -2.98000      4.52796      1.29431      3.23365
     -2.97000      3.11708      0.88984      2.22724
     -2.96000      2.28306      0.64484      1.63822
     -2.95000      2.34614      0.64519      1.70094
     -2.94000      2.76679      0.74761      2.01918
     -2.93000      2.62541      0.71048      1.91494
     -2.92000      2.06047      0.56065      1.49982
     -2.91000      1.88499      0.51286      1.37213
     -2.90000      1.80438      0.48082      1.32356
     -2.89000      1.89203      0.49386      1.39816
     -2.88000      1.83033      0.47423      1.35611
     -2.87000      1.53142      0.39738      1.13404
     -2.86000      1.13026      0.29257      0.83769
     -2.85000      1.02292      0.26062      0.76230
     -2.84000      0.94886      0.23748      0.71138
     -2.83000      0.83093      0.20558      0.62535
     -2.82000      0.68167      0.16832      0.51336
     -2.81000      0.51034      0.12529      0.38505
     -2.80000      0.25328      0.06191      0.19137
     -2.79000      0.05620      0.01372      0.04248
     -2.78000      0.00481      0.00117      0.00364
     -2.77000      0.00015      0.00004      0.00012
     -2.76000      0.00000      0.00000      0.00000
     -2.75000      0.00000      0.00000      0.00000
     -2.74000      0.00000      0.00000      0.00000
     -2.73000      0.00000      0.00000      0.00000
     -2.72000      0.00000      0.00000      0.00000
     -2.71000      0.00000      0.00000      0.00000
     -2.70000      0.00000      0.00000      0.00000
     -2.69000      0.00000      0.00000      0.00000
     -2.68000      0.00000      0.00000      0.00000
     -2.67000      0.00000      0.00000      0.00000
     -2.66000      0.00000      0.00000      0.00000
     -2.65000      0.00000      0.00000      0.00000
     -2.64000      0.00000      0.00000      0.00000
     -2.63000      0.00000      0.00000      0.00000
     -2.62000      0.00000      0.00000      0.00000
     -2.61000      0.00000      0.00000      0.00000
     -2.60000      0.00000      0.00000      0.00000
     -2.59000      0.00000      0.00000      0.00000
     -2.58000      0.00000      0.00000      0.00000
     -2.57000      0.00025      0.00002      0.00023
     -2.56000      0.00587      0.00045      0.00542
     -2.55000      0.05208      0.00396      0.04813
     -2.54000      0.18690      0.01421      0.17269
     -2.53000      0.30785      0.02345      0.28441
     -2.52000      0.28564      0.02184      0.26380
     -2.51000      0.28570      0.02208      0.26362
     -2.50000      0.44302      0.03445      0.40856
     -2.49000      0.45941      0.03584      0.42357
     -2.48000      0.36827      0.02899      0.33928
     -2.47000      0.46444      0.03732      0.42712
     -2.46000      0.55367      0.04579      0.50788
     -2.45000      0.49575      0.04228      0.45347
     -2.44000      0.60417      0.05096      0.55321
     -2.43000      0.94650      0.07912      0.86737
     -2.42000      1.06102      0.09007      0.97095
     -2.41000      0.82888      0.07139      0.75750
     -2.40000      0.74438      0.06399      0.68039
     -2.39000      0.82011      0.07082      0.74929
     -2.38000      0.75499      0.06483      0.69016
     -2.37000      0.49356      0.04220      0.45137
     -2.36000      0.56596      0.05041      0.51555
     -2.35000      1.13133      0.10072      1.03062
     -2.34000      1.40929      0.12374      1.28556
     -2.33000      1.25684      0.11138      1.14545
     -2.32000      1.14991      0.10705      1.04287
     -2.31000      1.17180      0.11111      1.06069
     -2.30000      1.28523      0.11932      1.16591
     -2.29000      1.17316      0.11087      1.06228
     -2.28000      1.12001      0.11007      1.00994
     -2.27000      1.16235      0.11503      1.04732
     -2.26000      1.44188      0.14027      1.30161
     -2.25000      2.02922      0.19208      1.83713
     -2.24000      2.07988      0.19080      1.88908
     -2.23000      1.53345      0.13865      1.39480
     -2.22000      1.47069      0.14051      1.33018
     -2.21000      1.94536      0.19022      1.75514
     -2.20000      2.04526      0.19591      1.84935
     -2.19000      1.37374      0.13089      1.24286
     -2.18000      1.06766      0.10534      0.96232
     -2.17000      2.05129      0.19674      1.85455
     -2.16000      3.60060      0.34083      3.25977
     -2.15000      3.70881      0.35277      3.35604
     -2.14000      2.37427      0.22821      2.14606
     -2.13000      2.09138      0.20730      1.88407
     -2.12000      2.93925      0.30308      2.63616
     -2.11000      2.89465      0.30470      2.58996
     -2.10000      1.88906      0.20289      1.68617
     -2.09000      1.81820      0.19095      1.62725
     -2.08000      3.03124      0.30547      2.72576
     -2.07000      3.77979      0.36671      3.41308
     -2.06000      3.12358      0.30051      2.82307
     -2.05000      2.36240      0.24580      2.11660
     -2.04000      2.19286      0.24170      1.95116
     -2.03000      2.28917      0.24599      2.04318
     -2.02000      2.51563      0.27592      2.23971
     -2.01000      2.69090      0.31090      2.37999
     -2.00000      2.39253      0.28131      2.11121
     -1.99000      2.07346      0.24174      1.83171
     -1.98000      2.29470      0.26716      2.02754
     -1.97000      2.23301      0.26944      1.96357
     -1.96000      1.79808      0.23013      1.56795
     -1.95000      2.79797      0.42560      2.37237
     -1.94000     14.56520      2.61171     11.95349
     -1.93000     55.04389     10.21403     44.82986
     -1.92000     84.25777     15.74627     68.51150
     -1.91000     49.08438      9.14992     39.93446
     -1.90000     12.08035      2.17609      9.90426
     -1.89000      3.18889      0.49134      2.69755
     -1.88000      2.25243      0.32290      1.92954
     -1.87000      1.53865      0.22317      1.31548
     -1.86000      1.53086      0.22225      1.30861
     -1.85000      2.29303      0.32473      1.96831
     -1.84000      2.73585      0.37642      2.35943
     -1.83000      2.28875      0.30554      1.98321
     -1.82000      1.50006      0.20615      1.29391
     -1.81000      1.77638      0.26574      1.51064
     -1.80000      2.64383      0.39660      2.24723
     -1.79000      2.61050      0.39468      2.21581
     -1.78000      2.10847      0.35767      1.75080
     -1.77000      1.98558      0.38440      1.60118
     -1.76000      2.73456      0.50226      2.23230
     -1.75000      4.00033      0.67844      3.32189
     -1.74000      4.00317      0.69270      3.31047
     -1.73000      3.25919      0.61239      2.64679
     -1.72000      3.51389      0.69254      2.82135
     -1.71000      4.14185      0.83110      3.31075
     -1.70000      4.49844      0.93828      3.56016
     -1.69000      4.78174      1.02915      3.75259
     -1.68000      4.85655      1.03388      3.82267
     -1.67000      4.64830      0.95395      3.69436
     -1.66000      4.44189      0.89342      3.54847
     -1.65000      4.35245      0.90499      3.44747
     -1.64000      4.35731      0.92996      3.42735
     -1.63000      4.39111      0.94420      3.44690
     -1.62000      4.02977      0.88100      3.14876
     -1.61000      3.55582      0.76881      2.78701
     -1.60000      4.24840      0.82566      3.42273
     -1.59000      5.61590      1.01876      4.59714
     -1.58000      6.28936      1.18592      5.10344
     -1.57000      6.09640      1.22008      4.87632
     -1.56000      5.42441      1.07571      4.34870
     -1.55000      5.27885      1.02749      4.25136
     -1.54000      5.29658      1.08746      4.20912
     -1.53000      4.35822      0.90233      3.45589
     -1.52000      3.50278      0.67859      2.82420
     -1.51000      4.77742      0.91864      3.85879
     -1.50000      7.97408      1.57938      6.39470
     -1.49000      9.69596      1.92626      7.76970
     -1.48000      8.61863      1.66431      6.95433
     -1.47000      6.83573      1.24731      5.58842
     -1.46000      5.33405      0.85420      4.47985
     -1.45000      3.87720      0.52277      3.35443
     -1.44000      2.98654      0.37793      2.60861
     -1.43000      3.41052      0.47199      2.93853
     -1.42000      4.62969      0.72665      3.90304
     -1.41000      6.31583      1.06613      5.24971
     -1.40000      7.11727      1.21455      5.90272
     -1.39000      6.73065      1.08599      5.64466
     -1.38000      5.98948      0.89708      5.09240
     -1.37000      4.46501      0.65036      3.81465
     -1.36000      3.33482      0.47281      2.86200
     -1.35000      3.42296      0.50191      2.92105
     -1.34000      3.90462      0.62717      3.27745
     -1.33000      4.37598      0.75011      3.62587
     -1.32000      4.93792      0.88980      4.04812
     -1.31000      5.44818      1.01305      4.43513
     -1.30000      4.83564      0.90550      3.93015
     -1.29000      4.40781      0.79207      3.61574
     -1.28000      4.86123      0.86183      3.99940
     -1.27000      4.69518      0.84537      3.84981
     -1.26000      3.99677      0.72512      3.27165
     -1.25000      4.11272      0.78076      3.33196
     -1.24000      4.87669      0.93553      3.94117
     -1.23000      5.24092      0.94705      4.29386
     -1.22000      5.55991      0.97160      4.58831
     -1.21000      6.29873      1.12911      5.16962
     -1.20000      7.58963      1.43802      6.15161
     -1.19000      8.75761      1.74981      7.00780
     -1.18000      7.92583      1.59066      6.33517
     -1.17000      7.81879      1.50491      6.31388
     -1.16000      8.93519      1.67670      7.25849
     -1.15000      8.38841      1.58674      6.80167
     -1.14000      7.93752      1.51492      6.42260
     -1.13000     10.00767      1.91505      8.09262
     -1.12000     12.66026      2.47298     10.18728
     -1.11000     13.80541      2.71668     11.08872
     -1.10000     13.87857      2.70237     11.17620
     -1.09000     13.65111      2.66111     10.99000
     -1.08000     12.69768      2.49755     10.20013
     -1.07000     11.26545      2.21809      9.04736
     -1.06000      9.62468      1.87579      7.74889
     -1.05000      8.28263      1.58681      6.69582
     -1.04000      7.86732      1.49594      6.37138
     -1.03000      7.27792      1.39068      5.88724
     -1.02000      6.04843      1.14855      4.89987
     -1.01000      5.44350      1.00610      4.43740
     -1.00000      5.82235      1.03443      4.78792
     -0.99000      6.64645      1.18348      5.46297
     -0.98000      7.03348      1.29785      5.73563
     -0.97000      6.49579      1.21561      5.28018
     -0.96000      6.49152      1.21666      5.27486
     -0.95000      7.56645      1.46155      6.10489
     -0.94000      7.67451      1.51235      6.16216
     -0.93000      6.63228      1.30236      5.32992
     -0.92000      6.07539      1.18016      4.89523
     -0.91000      6.41747      1.22199      5.19548
     -0.90000      6.49532      1.22081      5.27451
     -0.89000      5.88204      1.10634      4.77570
     -0.88000      5.80122      1.12971      4.67151
     -0.87000      6.08986      1.21644      4.87342
     -0.86000      5.88481      1.18032      4.70449
     -0.85000      5.80984      1.14475      4.66510
     -0.84000      5.86226      1.15278      4.70948
     -0.83000      6.15740      1.24090      4.91650
     -0.82000      6.71735      1.40616      5.31119
     -0.81000      7.33790      1.58211      5.75579
     -0.80000      7.97789      1.64907      6.32882
     -0.79000     17.83102      2.92146     14.90956
     -0.78000     61.30244      8.84808     52.45436
     -0.77000    122.98533     17.31581    105.66952
     -0.76000    132.14111     18.56732    113.57379
     -0.75000     76.32798     10.84377     65.48421
     -0.74000     22.22701      3.34128     18.88573
     -0.73000      5.30677      0.97616      4.33061
     -0.72000      3.07402      0.63704      2.43697
     -0.71000      2.62889      0.56011      2.06878
     -0.70000      2.49938      0.55452      1.94486
     -0.69000      2.38704      0.56601      1.82104
     -0.68000      2.12807      0.53639      1.59168
     -0.67000      1.64308      0.42996      1.21312
     -0.66000      1.12128      0.29799      0.82329
     -0.65000      0.93906      0.25368      0.68538
     -0.64000      1.00372      0.28058      0.72313
     -0.63000      1.12858      0.31948      0.80909
     -0.62000      1.31907      0.37228      0.94679
     -0.61000      1.44104      0.40890      1.03214
     -0.60000      1.19499      0.34319      0.85180
     -0.59000      0.61599      0.17915      0.43684
     -0.58000      0.35020      0.10233      0.24787
     -0.57000      0.39535      0.11535      0.28001
     -0.56000      0.34037      0.10004      0.24033
     -0.55000      0.44574      0.13307      0.31267
     -0.54000      0.79513      0.23869      0.55644
     -0.53000      1.07139      0.32355      0.74785
     -0.52000      0.93006      0.28259      0.64747
     -0.51000      0.57735      0.17563      0.40172
     -0.50000      0.48388      0.14742      0.33646
     -0.49000      0.59392      0.18279      0.41112
     -0.48000      0.49673      0.15415      0.34258
     -0.47000      0.36429      0.11444      0.24985
     -0.46000      0.47181      0.14934      0.32247
     -0.45000      0.46725      0.14824      0.31902
     -0.44000      0.39600      0.12674      0.26926
     -0.43000      2.34017      0.76004      1.58013
     -0.42000     18.92921      6.15843     12.77077
     -0.41000     63.00686     20.50198     42.50487
     -0.40000     78.02594     25.38965     52.63629
     -0.39000     35.60482     11.58586     24.01896
     -0.38000      5.97882      1.94552      4.03330
     -0.37000      0.36969      0.12025      0.24945
     -0.36000      0.01701      0.00417      0.01284
     -0.35000      0.08627      0.01438      0.07189
     -0.34000      0.35988      0.06012      0.29976
     -0.33000      0.74888      0.12567      0.62322
     -0.32000      0.99863      0.16859      0.83004
     -0.31000      1.11904      0.19074      0.92830
     -0.30000      1.36117      0.23356      1.12761
     -0.29000      1.90444      0.32663      1.57781
     -0.28000      2.64273      0.45565      2.18709
     -0.27000      3.20198      0.56033      2.64165
     -0.26000      3.50924      0.62466      2.88459
     -0.25000      3.47133      0.61989      2.85144
     -0.24000      3.60417      0.63656      2.96761
     -0.23000      4.07198      0.71339      3.35859
     -0.22000      4.75304      0.83274      3.92030
     -0.21000      5.58739      0.97289      4.61450
     -0.20000      5.95908      1.02385      4.93522
     -0.19000      5.93303      1.00909      4.92394
     -0.18000      6.06060      1.02585      5.03475
     -0.17000      7.02295      1.18555      5.83740
     -0.16000      8.88768      1.48787      7.39982
     -0.15000     10.85922      1.80510      9.05411
     -0.14000     12.16728      2.02536     10.14192
     -0.13000     12.44874      2.08165     10.36709
     -0.12000     12.00550      2.01615      9.98934
     -0.11000     11.66966      1.96771      9.70194
     -0.10000     13.09487      2.22076     10.87411
     -0.09000     26.14766      4.48430     21.66336
     -0.08000     67.04530     11.56332     55.48198
     -0.07000     90.54541     15.63509     74.91032
     -0.06000     50.75745      8.76052     41.99693
     -0.05000     13.90457      2.39113     11.51344
     -0.04000      4.58358      0.78129      3.80229
     -0.03000      2.91915      0.49474      2.42441
     -0.02000      2.10235      0.35449      1.74785
     -0.01000      1.28909      0.21631      1.07278
      0.00000      0.55601      0.09291      0.46310
      0.01000      0.13795      0.02299      0.11496
      0.02000      0.01614      0.00269      0.01346
      0.03000      0.00079      0.00013      0.00066
      0.04000      0.00002      0.00000      0.00001
      0.05000      0.00000      0.00000      0.00000
      0.06000      0.00000      0.00000      0.00000
      0.07000      0.00000      0.00000      0.00000
      0.08000      0.00000      0.00000      0.00000
      0.09000      0.00000      0.00000      0.00000
      0.10000      0.00000      0.00000      0.00000
      0.11000      0.00000      0.00000      0.00000
      0.12000      0.00000      0.00000      0.00000
      0.13000      0.00000      0.00000      0.00000
      0.14000      0.00000      0.00000      0.00000
      0.15000      0.00000      0.00000      0.00000
      0.16000      0.00000      0.00000      0.00000
      0.17000      0.00000      0.00000      0.00000
      0.18000      0.00000      0.00000      0.00000
      0.19000      0.00000      0.00000      0.00000
      0.20000      0.00000      0.00000      0.00000
      0.21000      0.00000      0.00000      0.00000
      0.22000      0.00000      0.00000      0.00000
      0.23000      0.00000      0.00000      0.00000
      0.24000      0.00000      0.00000      0.00000
      0.25000      0.00000      0.00000      0.00000
      0.26000      0.00000      0.00000      0.00000
      0.27000      0.00000      0.00000      0.00000
      0.28000      0.00000      0.00000      0.00000
      0.29000      0.00000      0.00000      0.00000
      0.30000      0.00000      0.00000      0.00000
      0.31000      0.00000      0.00000      0.00000
      0.32000      0.00000      0.00000      0.00000
      0.33000      0.00000      0.00000      0.00000
      0.34000      0.00000      0.00000      0.00000
      0.35000      0.00000      0.00000      0.00000
      0.36000      0.00000      0.00000      0.00000
      0.37000      0.00000      0.00000      0.00000
      0.38000      0.00000      0.00000      0.00000
      0.39000      0.00000      0.00000      0.00000
      0.40000      0.00000      0.00000      0.00000
      0.41000      0.00000      0.00000      0.00000
      0.42000      0.00000      0.00000      0.00000
      0.43000      0.00000      0.00000      0.00000
      0.44000      0.00000      0.00000      0.00000
      0.45000      0.00000      0.00000      0.00000
      0.46000      0.00000      0.00000      0.00000
      0.47000      0.00000      0.00000      0.00000
      0.48000      0.00000      0.00000      0.00000
      0.49000      0.00000      0.00000      0.00000
      0.50000      0.00000      0.00000      0.00000
      0.51000      0.00000      0.00000      0.00000
      0.52000      0.00000      0.00000      0.00000
      0.53000      0.00000      0.00000      0.00000
      0.54000      0.00000      0.00000      0.00000
      0.55000      0.00000      0.00000      0.00000
      0.56000      0.00000      0.00000      0.00000
      0.57000      0.00000      0.00000      0.00000
      0.58000      0.00000      0.00000      0.00000
      0.59000      0.00000      0.00000      0.00000
      0.60000      0.00000      0.00000      0.00000
      0.61000      0.00000      0.00000      0.00000
      0.62000      0.00000      0.00000      0.00000
      0.63000      0.00000      0.00000      0.00000
      0.64000      0.00000      0.00000      0.00000
      0.65000      0.00000      0.00000      0.00000
      0.66000      0.00000      0.00000      0.00000
      0.67000      0.00000      0.00000      0.00000
      0.68000      0.00000      0.00000      0.00000
      0.69000      0.00000      0.00000      0.00000
      0.70000      0.00000      0.00000      0.00000
      0.71000      0.00000      0.00000      0.00000
      0.72000      0.00000      0.00000      0.00000
      0.73000      0.00000      0.00000      0.00000
      0.74000      0.00000      0.00000      0.00000
      0.75000      0.00000      0.00000      0.00000
      0.76000      0.00000      0.00000      0.00000
      0.77000      0.00000      0.00000      0.00000
      0.78000      0.00000      0.00000      0.00000
      0.79000      0.00000      0.00000      0.00000
      0.80000      0.00000      0.00000      0.00000
      0.81000      0.00000      0.00000      0.00000
      0.82000      0.00000      0.00000      0.00000
      0.83000      0.00000      0.00000      0.00000
      0.84000      0.00000      0.00000      0.00000
      0.85000      0.00000      0.00000      0.00000
      0.86000      0.00000      0.00000      0.00000
      0.87000      0.00000      0.00000      0.00000
      0.88000      0.00000      0.00000      0.00000
      0.89000      0.00000      0.00000      0.00000
      0.90000      0.00000      0.00000      0.00000
      0.91000      0.00000      0.00000      0.00000
      0.92000      0.00000      0.00000      0.00000
      0.93000      0.00000      0.00000      0.00000
      0.94000      0.00000      0.00000      0.00000
      0.95000      0.00000      0.00000      0.00000
      0.96000      0.00000      0.00000      0.00000
      0.97000      0.00000      0.00000      0.00000
      0.98000      0.00000      0.00000      0.00000
      0.99000      0.00000      0.00000      0.00000
      1.00000      0.00000      0.00000      0.00000
      1.01000      0.00000      0.00000      0.00000
      1.02000      0.00000      0.00000      0.00000
      1.03000      0.00000      0.00000      0.00000
      1.04000      0.00000      0.00000      0.00000
      1.05000      0.00000      0.00000      0.00000
      1.06000      0.00000      0.00000      0.00000
      1.07000      0.00000      0.00000      0.00000
      1.08000      0.00000      0.00000      0.00000
      1.09000      0.00000      0.00000      0.00000
      1.10000      0.00000      0.00000      0.00000
      1.11000      0.00000      0.00000      0.00000
      1.12000      0.00000      0.00000      0.00000
      1.13000      0.00000      0.00000      0.00000
      1.14000      0.00000      0.00000      0.00000
      1.15000      0.00000      0.00000      0.00000
      1.16000      0.00000      0.00000      0.00000
      1.17000      0.00000      0.00000      0.00000
      1.18000      0.00000      0.00000      0.00000
      1.19000      0.00000      0.00000      0.00000
      1.20000      0.00000      0.00000      0.00000
      1.21000      0.00000      0.00000      0.00000
      1.22000      0.00000      0.00000      0.00000
      1.23000      0.00000      0.00000      0.00000
      1.24000      0.00000      0.00000      0.00000
      1.25000      0.00000      0.00000      0.00000
      1.26000      0.00000      0.00000      0.00000
      1.27000      0.00000      0.00000      0.00000
      1.28000      0.00000      0.00000      0.00000
      1.29000      0.00000      0.00000      0.00000
      1.30000      0.00000      0.00000      0.00000
      1.31000      0.00000      0.00000      0.00000
      1.32000      0.00000      0.00000      0.00000
      1.33000      0.00000      0.00000      0.00000
      1.34000      0.00000      0.00000      0.00000
      1.35000      0.00000      0.00000      0.00000
      1.36000      0.00000      0.00000      0.00000
      1.37000      0.00000      0.00000      0.00000
      1.38000      0.00000      0.00000      0.00000
      1.39000      0.00000      0.00000      0.00000
      1.40000      0.00000      0.00000      0.00000
      1.41000      0.00000      0.00000      0.00000
      1.42000      0.00000      0.00000      0.00000
      1.43000      0.00000      0.00000      0.00000
      1.44000      0.00000      0.00000      0.00000
      1.45000      0.00000      0.00000      0.00000
      1.46000      0.00000      0.00000      0.00000
      1.47000      0.00000      0.00000      0.00000
      1.48000      0.00000      0.00000      0.00000
      1.49000      0.00000      0.00000      0.00000
      1.50000      0.00000      0.00000      0.00000
      1.51000      0.00000      0.00000      0.00000
      1.52000      0.00000      0.00000      0.00000
      1.53000      0.00000      0.00000      0.00000
      1.54000      0.00000      0.00000      0.00000
      1.55000      0.00000      0.00000      0.00000
      1.56000      0.00000      0.00000      0.00000
      1.57000      0.00000      0.00000      0.00000
      1.58000      0.00000      0.00000      0.00000
      1.59000      0.00000      0.00000      0.00000
      1.60000      0.00000      0.00000      0.00000
      1.61000      0.00000      0.00000      0.00000
      1.62000      0.00000      0.00000      0.00000
      1.63000      0.00000      0.00000      0.00000
      1.64000      0.00000      0.00000      0.00000
      1.65000      0.00000      0.00000      0.00000
      1.66000      0.00000      0.00000      0.00000
      1.67000      0.00000      0.00000      0.00000
      1.68000      0.00000      0.00000      0.00000
      1.69000      0.00000      0.00000      0.00000
      1.70000      0.00000      0.00000      0.00000
      1.71000      0.00000      0.00000      0.00000
      1.72000      0.00000      0.00000      0.00000
      1.73000      0.00000      0.00000      0.00000
      1.74000      0.00000      0.00000      0.00000
      1.75000      0.00000      0.00000      0.00000
      1.76000      0.00000      0.00000      0.00000
      1.77000      0.00000      0.00000      0.00000
      1.78000      0.00000      0.00000      0.00000
      1.79000      0.00000      0.00000      0.00000
      1.80000      0.00000      0.00000      0.00000
      1.81000      0.00000      0.00000      0.00000
      1.82000      0.00000      0.00000      0.00000
      1.83000      0.00000      0.00000      0.00000
      1.84000      0.00000      0.00000      0.00000
      1.85000      0.00000      0.00000      0.00000
      1.86000      0.00000      0.00000      0.00000
      1.87000      0.00000      0.00000      0.00000
      1.88000      0.00000      0.00000      0.00000
      1.89000      0.00000      0.00000      0.00000
      1.90000      0.00000      0.00000      0.00000
      1.91000      0.00000      0.00000      0.00000
      1.92000      0.00000      0.00000      0.00000
      1.93000      0.00000      0.00000      0.00000
      1.94000      0.00000      0.00000      0.00000
      1.95000      0.00000      0.00000      0.00000
      1.96000      0.00000      0.00000      0.00000
      1.97000      0.00000      0.00000      0.00000
      1.98000      0.00000      0.00000      0.00000
      1.99000      0.00000      0.00000      0.00000
      2.00000      0.00000      0.00000      0.00000
      2.01000      0.00000      0.00000      0.00000
      2.02000      0.00000      0.00000      0.00000
      2.03000      0.00000      0.00000      0.00000
      2.04000      0.00000      0.00000      0.00000
      2.05000      0.00000      0.00000      0.00000
      2.06000      0.00000      0.00000      0.00000
      2.07000      0.00000      0.00000      0.00000
      2.08000      0.00000      0.00000      0.00000
      2.09000      0.00000      0.00000      0.00000
      2.10000      0.00000      0.00000      0.00000
      2.11000      0.00000      0.00000      0.00000
      2.12000      0.00000      0.00000      0.00000
      2.13000      0.00000      0.00000      0.00000
      2.14000      0.00000      0.00000      0.00000
      2.15000      0.00000      0.00000      0.00000
      2.16000      0.00000      0.00000      0.00000
      2.17000      0.00000      0.00000      0.00000
      2.18000      0.00000      0.00000      0.00000
      2.19000      0.00000      0.00000      0.00000
      2.20000      0.00000      0.00000      0.00000
      2.21000      0.00000      0.00000      0.00000
      2.22000      0.00000      0.00000      0.00000
      2.23000      0.00000      0.00000      0.00000
      2.24000      0.00000      0.00000      0.00000
      2.25000      0.00000      0.00000      0.00000
      2.26000      0.00000      0.00000      0.00000
      2.27000      0.00000      0.00000      0.00000
      2.28000      0.00000      0.00000      0.00000
      2.29000      0.00000      0.00000      0.00000
      2.30000      0.00000      0.00000      0.00000
      2.31000      0.00000      0.00000      0.00000
      2.32000      0.00000      0.00000      0.00000
      2.33000      0.00000      0.00000      0.00000
      2.34000      0.00000      0.00000      0.00000
      2.35000      0.00000      0.00000      0.00000
      2.36000      0.00000      0.00000      0.00000
      2.37000      0.00000      0.00000      0.00000
      2.38000      0.00000      0.00000      0.00000
      2.39000      0.00000      0.00000      0.00000
      2.40000      0.00000      0.00000      0.00000
      2.41000      0.00000      0.00000      0.00000
      2.42000      0.00000      0.00000      0.00000
      2.43000      0.00000      0.00000      0.00000
      2.44000      0.00000      0.00000      0.00000
      2.45000      0.00000      0.00000      0.00000
      2.46000      0.00000      0.00000      0.00000
      2.47000      0.00000      0.00000      0.00000
      2.48000      0.00000      0.00000      0.00000
      2.49000      0.00000      0.00000      0.00000
      2.50000      0.00000      0.00000      0.00000
      2.51000      0.00000      0.00000      0.00000
      2.52000      0.00009      0.00006      0.00003
      2.53000      0.00327      0.00204      0.00123
      2.54000      0.04394      0.02743      0.01651
      2.55000      0.23548      0.14693      0.08855
      2.56000      0.58601      0.36505      0.22095
      2.57000      0.90229      0.55998      0.34231
      2.58000      1.07780      0.66463      0.41317
      2.59000      1.23497      0.75633      0.47864
      2.60000      1.56705      0.95886      0.60819
      2.61000      1.77057      1.08442      0.68615
      2.62000      1.55382      0.95017      0.60365
      2.63000      1.09021      0.66813      0.42208
      2.64000      0.96699      0.60026      0.36673
      2.65000      1.35213      0.84099      0.51113
      2.66000      1.67608      1.03753      0.63855
      2.67000      1.74417      1.07435      0.66982
      2.68000      2.15425      1.32502      0.82923
      2.69000      2.39989      1.47931      0.92058
      2.70000      2.00657      1.23789      0.76869
      2.71000      1.57193      0.96571      0.60621
      2.72000      1.24499      0.76149      0.48350
      2.73000      1.09119      0.66733      0.42387
      2.74000      1.05567      0.64571      0.40996
      2.75000      0.98820      0.60273      0.38547
      2.76000      1.13990      0.69278      0.44711
      2.77000      1.35993      0.82856      0.53137
      2.78000      1.31370      0.81205      0.50165
      2.79000      1.36557      0.85890      0.50667
      2.80000      1.65983      1.04573      0.61410
      2.81000      1.62919      1.02387      0.60532
      2.82000      1.71626      1.07739      0.63887
      2.83000      2.35869      1.48306      0.87563
      2.84000      2.46505      1.55191      0.91315
      2.85000      2.04075      1.27796      0.76279
      2.86000      1.76326      1.09235      0.67091
      2.87000      1.48169      0.91078      0.57091
      2.88000      1.37534      0.84363      0.53172
      2.89000      1.40015      0.85759      0.54256
      2.90000      1.23522      0.75830      0.47692
      2.91000      1.11646      0.68863      0.42783
      2.92000      1.05724      0.65346      0.40378
      2.93000      0.78367      0.48674      0.29693
      2.94000      0.96392      0.60372      0.36019
      2.95000      1.61228      1.01555      0.59673
      2.96000      1.90316      1.20425      0.69891
      2.97000      2.06191      1.30035      0.76156
      2.98000      2.02498      1.27010      0.75488
      2.99000      1.79491      1.13994      0.65497
      3.00000      2.33109      1.50677      0.82432
      3.01000      2.69000      1.74151      0.94849
      3.02000      1.98641      1.28306      0.70335
      3.03000      1.43130      0.92359      0.50770
      3.04000      1.23944      0.79610      0.44334
      3.05000      1.17687      0.74530      0.43157
      3.06000      1.43647      0.88884      0.54763
      3.07000      1.52392      0.94128      0.58264
      3.08000      1.27469      0.79661      0.47808
      3.09000      1.58697      0.99037      0.59660
      3.10000      2.04395      1.28806      0.75588
      3.11000      2.07998      1.34393      0.73605
      3.12000      2.25317      1.46985      0.78332
      3.13000      2.06113      1.33477      0.72636
      3.14000      1.61554      1.03228      0.58327
      3.15000      2.03238      1.32205      0.71034
      3.16000      2.63034      1.75316      0.87719
      3.17000      2.32770      1.55265      0.77505
      3.18000      1.92871      1.26266      0.66605
      3.19000      2.14922      1.40886      0.74036
      3.20000      2.46270      1.62358      0.83912
      3.21000      2.40246      1.56769      0.83477
      3.22000      2.17553      1.39228      0.78325
      3.23000      2.16985      1.36887      0.80098
      3.24000      2.54571      1.63945      0.90627
      3.25000      3.27768      2.16104      1.11664
      3.26000      3.36198      2.22311      1.13887
      3.27000      2.89719      1.90084      0.99635
      3.28000      2.54442      1.65895      0.88547
      3.29000      2.62179      1.67453      0.94726
      3.30000      2.90265      1.80212      1.10052
      3.31000      2.35978      1.44786      0.91192
      3.32000      2.00412      1.23413      0.76999
      3.33000      2.27538      1.38475      0.89063
      3.34000      2.28065      1.37179      0.90886
      3.35000      2.17281      1.33181      0.84100
      3.36000      2.42626      1.49503      0.93123
      3.37000      2.44293      1.48596      0.95697
      3.38000      1.88812      1.14181      0.74632
      3.39000      1.66508      0.98960      0.67548
      3.40000      2.12306      1.23160      0.89146
      3.41000      2.32234      1.34423      0.97811
      3.42000      1.96566      1.16715      0.79851
      3.43000      1.81954      1.09343      0.72612
      3.44000      2.06712      1.23008      0.83705
      3.45000      2.44291      1.45213      0.99078
      3.46000      2.23038      1.31716      0.91322
      3.47000      1.57028      0.90720      0.66308
      3.48000      1.25268      0.72378      0.52890
      3.49000      1.27485      0.75495      0.51990
      3.50000      1.78792      1.04245      0.74547
      3.51000      2.58016      1.44888      1.13128
      3.52000      2.76645      1.53108      1.23537
      3.53000      2.67580      1.49789      1.17792
      3.54000      2.91277      1.66540      1.24738
      3.55000      3.14354      1.81660      1.32694
      3.56000      2.56432      1.47142      1.09290
      3.57000      1.60020      0.89893      0.70127
      3.58000      1.41162      0.78674      0.62488
      3.59000      1.70167      0.94604      0.75563
      3.60000      1.48807      0.81025      0.67782
      3.61000      1.77279      0.94326      0.82953
      3.62000      3.10184      1.66196      1.43988
      3.63000      4.11015      2.24856      1.86159
      3.64000      3.93913      2.18824      1.75089
      3.65000      3.24998      1.78444      1.46554
      3.66000      3.25328      1.76392      1.48936
      3.67000      3.17349      1.73162      1.44187
      3.68000      2.91837      1.60214      1.31623
      3.69000      3.03074      1.65626      1.37449
      3.70000      3.00308      1.61417      1.38892
      3.71000      3.11357      1.64406      1.46951
      3.72000      3.95397      2.09337      1.86060
      3.73000      4.39559      2.36302      2.03257
      3.74000      3.91185      2.12866      1.78319
      3.75000      3.12055      1.69971      1.42084
      3.76000      2.59658      1.41633      1.18025
      3.77000      2.39511      1.29718      1.09792
      3.78000      2.70267      1.44298      1.25969
      3.79000      3.34066      1.77150      1.56916
      3.80000      3.41646      1.80647      1.60998
      3.81000      3.25407      1.73698      1.51709
      3.82000      2.76826      1.50835      1.25991
      3.83000      1.91663      1.04864      0.86799
      3.84000      1.66985      0.90383      0.76602
      3.85000      1.87617      1.02237      0.85381
      3.86000      1.72505      0.94758      0.77747
      3.87000      1.81890      1.00037      0.81853
      3.88000      2.45588      1.35424      1.10164
      3.89000      3.11827      1.71915      1.39912
      3.90000      3.44226      1.88567      1.55659
      3.91000      2.95674      1.60921      1.34754
      3.92000      2.11416      1.14979      0.96437
      3.93000      1.80629      0.97943      0.82685
      3.94000      2.08267      1.12626      0.95640
      3.95000      2.29123      1.24007      1.05116
      3.96000      2.15080      1.15811      0.99269
      3.97000      1.81903      0.99183      0.82720
      3.98000      2.09476      1.17447      0.92029
      3.99000      2.69339      1.50387      1.18952
      4.00000      2.41582      1.33059      1.08522
      4.01000      1.66934      0.91382      0.75552
      4.02000      1.32711      0.73012      0.59699
      4.03000      1.39911      0.77415      0.62496
      4.04000      1.55368      0.86538      0.68830
      4.05000      1.54419      0.86240      0.68179
      4.06000      1.76112      0.97977      0.78135
      4.07000      2.71006      1.51011      1.19995
      4.08000      3.79648      2.12190      1.67458
      4.09000      3.87108      2.16444      1.70664
      4.10000      3.08735      1.72337      1.36398
      4.11000      2.36214      1.31343      1.04871
      4.12000      2.36311      1.30810      1.05501
      4.13000      2.60535      1.43855      1.16680
      4.14000      2.39582      1.32666      1.06916
      4.15000      1.73060      0.96734      0.76326
      4.16000      1.93556      1.09006      0.84551
      4.17000      2.79586      1.57770      1.21816
      4.18000      2.75972      1.56345      1.19627
      4.19000      2.01038      1.14318      0.86720
      4.20000      1.70749      0.96882      0.73868
      4.21000      1.80305      1.02106      0.78198
      4.22000      1.69414      0.95999      0.73415
      4.23000      2.17155      1.23205      0.93951
      4.24000      3.35474      1.90229      1.45245
      4.25000      3.63155      2.05703      1.57453
      4.26000      2.94159      1.66616      1.27543
      4.27000      3.36980      1.90769      1.46211
      4.28000      4.29739      2.42884      1.86855
      4.29000      4.11641      2.32366      1.79275
      4.30000      3.40291      1.92025      1.48266
      4.31000      5.09525      2.90598      2.18927
      4.32000     24.30682     14.00913     10.29769
      4.33000     74.92043     43.24938     31.67105
      4.34000    112.43836     64.96270     47.47566
      4.35000    111.98385     64.77632     47.20753
      4.36000     73.67707     42.61165     31.06542
      4.37000     24.47588     14.09958     10.37630
      4.38000      6.09931      3.46335      2.63596
      4.39000      3.39442      1.90448      1.48993
      4.40000      2.40719      1.34125      1.06594
      4.41000      1.70239      0.94787      0.75452
      4.42000      1.71349      0.94524      0.76825
      4.43000      2.91262      1.40891      1.50372
      4.44000     13.88221      5.28381      8.59841
      4.45000     53.13047     18.87283     34.25764
      4.46000     84.03243     29.46846     54.56397
      4.47000     51.13760     18.14188     32.99572
      4.48000     13.36642      5.13854      8.22789
      4.49000      3.34688      1.63544      1.71144
      4.50000      2.12659      1.15338      0.97321
      4.51000      1.96635      1.08049      0.88586
      4.52000      2.15844      1.16543      0.99300
      4.53000      2.62972      1.38769      1.24203
      4.54000      2.83210      1.48021      1.35189
      4.55000      2.95890      1.53147      1.42743
      4.56000      3.02033      1.52633      1.49400
      4.57000      2.59059      1.28640      1.30419
      4.58000      2.00797      1.00275      1.00521
      4.59000      2.08133      1.04382      1.03751
      4.60000      2.43346      1.23329      1.20017
      4.61000      2.25351      1.17822      1.07529
      4.62000      2.24440      1.17597      1.06844
      4.63000      2.71995      1.37922      1.34073
      4.64000      3.09302      1.56655      1.52647
      4.65000      2.84045      1.47384      1.36662
      4.66000      2.42789      1.25427      1.17362
      4.67000      2.44517      1.23234      1.21283
      4.68000      2.14227      1.06986      1.07241
      4.69000      2.00582      0.99183      1.01399
      4.70000      2.36269      1.18120      1.18149
      4.71000      2.44834      1.25101      1.19733
      4.72000      2.15671      1.08360      1.07311
      4.73000      2.25212      1.09219      1.15994
      4.74000      2.54896      1.24371      1.30525
      4.75000      2.57412      1.27398      1.30014
      4.76000      2.76177      1.38724      1.37453
      4.77000      2.82422      1.46103      1.36318
      4.78000      3.55481      1.85834      1.69647
      4.79000      4.74516      2.48803      2.25713
      4.80000      4.18476      2.24155      1.94321
      4.81000      2.53195      1.37202      1.15993
      4.82000      1.49767      0.75790      0.73977
      4.83000      1.34335      0.63595      0.70739
      4.84000      1.69623      0.81220      0.88403
      4.85000      2.10344      0.98474      1.11869
      4.86000      2.47897      1.18597      1.29300
      4.87000      2.83043      1.41326      1.41718
      4.88000      2.60633      1.32243      1.28391
      4.89000      2.08175      1.04029      1.04146
      4.90000      1.86680      0.91596      0.95084
      4.91000      2.45454      1.24682      1.20771
      4.92000      3.43035      1.77979      1.65055
      4.93000      4.16104      2.23642      1.92462
      4.94000      4.61556      2.57907      2.03649
      4.95000      4.27268      2.36841      1.90427
      4.96000      3.27360      1.71953      1.55407
      4.97000      2.46379      1.19057      1.27322
      4.98000      2.32680      1.05378      1.27302
      4.99000      2.53795      1.19400      1.34395
      5.00000      4.87850      2.64620      2.23230
      5.01000     23.63074     13.98952      9.64121
      5.02000     70.51043     42.36304     28.14739
      5.03000     84.27285     50.60682     33.66604
      5.04000     40.48474     23.95166     16.53308
      5.05000     10.33144      5.75489      4.57656
      5.06000      3.48862      1.75935      1.72927
      5.07000      2.46183      1.13590      1.32594
      5.08000      2.65205      1.15239      1.49967
      5.09000      2.85073      1.30326      1.54746
      5.10000      2.71711      1.34910      1.36801
      5.11000      2.77392      1.36707      1.40685
      5.12000      2.79526      1.33314      1.46212
      5.13000      2.48423      1.20226      1.28196
      5.14000      2.09638      1.01728      1.07910
      5.15000      1.95704      0.92362      1.03342
      5.16000      1.85491      0.89323      0.96168
      5.17000      1.61442      0.80400      0.81042
      5.18000      1.73419      0.89147      0.84272
      5.19000      1.44585      0.76545      0.68040
      5.20000      0.84153      0.41099      0.43054
      5.21000      0.94561      0.40401      0.54160
      5.22000      1.32175      0.60226      0.71949
      5.23000      1.38224      0.66795      0.71429
      5.24000      1.44245      0.71955      0.72289
      5.25000      1.41709      0.73561      0.68149
      5.26000      1.30206      0.65465      0.64741
      5.27000      1.06435      0.47874      0.58561
      5.28000      0.56958      0.24390      0.32568
      5.29000      0.41883      0.20186      0.21697
      5.30000      0.66461      0.31092      0.35369
      5.31000      0.86012      0.39147      0.46865
      5.32000      0.95264      0.42403      0.52861
      5.33000      0.95609      0.37984      0.57625
      5.34000      0.73747      0.26238      0.47509
      5.35000      0.54503      0.18599      0.35904
      5.36000      0.42433      0.14429      0.28005
      5.37000      0.42758      0.14562      0.28197
      5.38000      0.50097      0.17044      0.33053
      5.39000      0.51938      0.17640      0.34298
      5.40000      0.61507      0.20920      0.40587
      5.41000      0.50264      0.17130      0.33135
      5.42000      0.21988      0.07513      0.14475
      5.43000      0.24112      0.08277      0.15836
      5.44000      0.55529      0.19020      0.36508
      5.45000      0.89480      0.30539      0.58941
      5.46000      1.05744      0.36073      0.69671
      5.47000      0.89713      0.30717      0.58996
      5.48000      0.72711      0.25058      0.47653
      5.49000      0.67082      0.23223      0.43859
      5.50000      0.69050      0.23909      0.45142
      5.51000      0.98941      0.34217      0.64724
      5.52000      1.17092      0.40572      0.76520
      5.53000      0.84641      0.29441      0.55200
      5.54000      0.68481      0.23876      0.44604
      5.55000      0.98701      0.34312      0.64390
      5.56000      1.27369      0.44131      0.83238
      5.57000      0.96304      0.33309      0.62994
      5.58000      0.50402      0.17459      0.32944
      5.59000      0.46088      0.16019      0.30070
      5.60000      0.45262      0.15741      0.29521
      5.61000      0.43301      0.15079      0.28222
      5.62000      0.48909      0.17069      0.31841
      5.63000      0.46088      0.16101      0.29988
      5.64000      0.22769      0.07956      0.14813
      5.65000      0.04633      0.01619      0.03014
      5.66000      0.00359      0.00125      0.00233
      5.67000      0.00010      0.00004      0.00007
      5.68000      0.00000      0.00000      0.00000
      5.69000      0.00000      0.00000      0.00000
      5.70000      0.00000      0.00000      0.00000
      5.71000      0.00000      0.00000      0.00000
      5.72000      0.00000      0.00000      0.00000
      5.73000      0.00000      0.00000      0.00000
      5.74000      0.00000      0.00000      0.00000
      5.75000      0.00000      0.00000      0.00000
      5.76000      0.00000      0.00000      0.00000
      5.77000      0.00000      0.00000      0.00000
      5.78000      0.00000      0.00000      0.00000
      5.79000      0.00000      0.00000      0.00000
      5.80000      0.00000      0.00000      0.00000
      5.81000      0.00000      0.00000      0.00000
      5.82000      0.00000      0.00000      0.00000
      5.83000      0.00000      0.00000      0.00000
      5.84000      0.00000      0.00000      0.00000
      5.85000      0.00000      0.00000      0.00000
      5.86000      0.00000      0.00000      0.00000
      5.87000      0.00000      0.00000      0.00000
      5.88000      0.00000      0.00000      0.00000
      5.89000      0.00007      0.00003      0.00004
      5.90000      0.00242      0.00103      0.00139
      5.91000      0.02955      0.01260      0.01695
      5.92000      0.14339      0.06111      0.08228
      5.93000      0.30115      0.12822      0.17293
      5.94000      0.31809      0.13518      0.18292
      5.95000      0.28700      0.12135      0.16565
      5.96000      0.42565      0.17925      0.24641
      5.97000      0.48634      0.20457      0.28177
      5.98000      0.31831      0.13357      0.18474
      5.99000      0.30146      0.12492      0.17654
      6.00000      0.42010      0.16673      0.25337
      6.01000      0.39255      0.13357      0.25898
      6.02000      0.34461      0.09418      0.25043
      6.03000      0.27916      0.07107      0.20808
      6.04000      0.20920      0.05329      0.15591
      6.05000      0.26423      0.06756      0.19667
      6.06000      0.48688      0.12363      0.36325
      6.07000      0.90076      0.22897      0.67179
      6.08000      1.08944      0.28552      0.80393
      6.09000      0.98410      0.27436      0.70974
      6.10000      0.76360      0.21554      0.54806
      6.11000      0.53157      0.14178      0.38979
      6.12000      0.61167      0.15517      0.45650
      6.13000      0.80166      0.20203      0.59963
      6.14000      0.72452      0.18484      0.53969
      6.15000      0.74031      0.20140      0.53891
      6.16000      0.91962      0.29063      0.62899
      6.17000      1.01753      0.37385      0.64368
      6.18000      0.92206      0.36293      0.55913
      6.19000      0.76119      0.28154      0.47964
      6.20000      0.72255      0.23720      0.48535
      6.21000      1.00290      0.34776      0.65514
      6.22000      1.51383      0.52888      0.98495
      6.23000      1.55505      0.52084      1.03421
      6.24000      1.20702      0.40440      0.80262
      6.25000      1.22256      0.42966      0.79290
      6.26000      1.27523      0.47658      0.79865
      6.27000      1.17145      0.45727      0.71418
      6.28000      1.12735      0.42543      0.70192
      6.29000      1.04094      0.36099      0.67995
      6.30000      0.94081      0.32674      0.61407
      6.31000      0.88335      0.32884      0.55452
      6.32000      0.72559      0.26186      0.46373
      6.33000      0.71380      0.23703      0.47677
      6.34000      0.95470      0.34502      0.60968
      6.35000      1.33449      0.50320      0.83129
      6.36000      1.61683      0.58695      1.02988
      6.37000      1.48425      0.52247      0.96178
      6.38000      1.14159      0.41048      0.73111
      6.39000      0.95122      0.36411      0.58711
      6.40000      0.96230      0.38320      0.57910
      6.41000      1.06093      0.42417      0.63676
      6.42000      1.15150      0.44776      0.70375
      6.43000      1.37457      0.51057      0.86400
      6.44000      1.84116      0.69930      1.14186
      6.45000      1.86152      0.73617      1.12535
      6.46000      1.29608      0.52655      0.76953
      6.47000      0.96231      0.38868      0.57363
      6.48000      0.94849      0.35249      0.59601
      6.49000      1.28146      0.42717      0.85429
      6.50000      1.25924      0.39882      0.86042
      6.51000      0.73508      0.21954      0.51553
      6.52000      0.56362      0.15602      0.40760
      6.53000      0.64150      0.17406      0.46743
      6.54000      0.62109      0.16581      0.45528
      6.55000      0.55685      0.14821      0.40864
      6.56000      0.50251      0.13639      0.36613
      6.57000      0.44961      0.12392      0.32569
      6.58000      0.69295      0.19137      0.50158
      6.59000      1.45815      0.39931      1.05884
      6.60000      1.62788      0.44184      1.18604
      6.61000      1.01200      0.27464      0.73735
      6.62000      0.66070      0.19827      0.46243
      6.63000      0.68098      0.25802      0.42296
      6.64000      0.83768      0.34811      0.48957
      6.65000      0.86413      0.34939      0.51473
      6.66000      0.86401      0.33991      0.52410
      6.67000      0.74277      0.28344      0.45933
      6.68000      0.44481      0.17886      0.26595
      6.69000      0.49351      0.21918      0.27433
      6.70000      0.84777      0.33786      0.50991
      6.71000      1.43998      0.56681      0.87317
      6.72000      1.74142      0.74901      0.99241
      6.73000      1.46935      0.66948      0.79987
      6.74000      1.28482      0.57674      0.70808
      6.75000      1.25793      0.53342      0.72450
      6.76000      1.46209      0.61846      0.84363
      6.77000      1.52606      0.68806      0.83800
      6.78000      1.32265      0.61062      0.71204
      6.79000      1.65721      0.74268      0.91453
      6.80000      1.68950      0.75108      0.93842
      6.81000      1.14934      0.51874      0.63060
      6.82000      1.19112      0.52873      0.66239
      6.83000      1.71159      0.74912      0.96247
      6.84000      2.45859      1.13065      1.32794
      6.85000      3.16046      1.50093      1.65954
      6.86000      3.62262      1.70329      1.91933
      6.87000      3.92901      1.80660      2.12240
      6.88000      3.87938      1.78763      2.09175
      6.89000      3.88869      1.80379      2.08490
      6.90000      3.69044      1.69349      1.99695
      6.91000      3.73734      1.72759      2.00975
      6.92000      4.33674      2.02262      2.31412
      6.93000      4.91283      2.27693      2.63591
      6.94000      5.06417      2.35710      2.70708
      6.95000      5.02994      2.36843      2.66151
      6.96000      4.75042      2.25117      2.49924
      6.97000      3.61188      1.71808      1.89380
      6.98000      2.52960      1.20433      1.32527
      6.99000      2.13476      0.99769      1.13706
      7.00000      2.53960      1.14389      1.39571
      7.01000      2.83981      1.27272      1.56709
      7.02000      2.60013      1.20120      1.39893
      7.03000      2.44970      1.15406      1.29565
      7.04000      3.25580      1.52760      1.72820
      7.05000      4.15769      1.93992      2.21777
      7.06000      4.11553      1.92785      2.18768
      7.07000      3.83647      1.80779      2.02868
      7.08000      3.78699      1.75971      2.02728
      7.09000      3.60769      1.63312      1.97457
      7.10000      3.36558      1.53118      1.83441
      7.11000      3.25856      1.51041      1.74815
      7.12000      3.40902      1.55105      1.85797
      7.13000      3.94512      1.78927      2.15585
      7.14000      4.02371      1.86780      2.15591
      7.15000      3.29461      1.54760      1.74701
      7.16000      2.50479      1.14902      1.35578
      7.17000      2.14709      0.94804      1.19905
      7.18000      2.17297      0.96690      1.20607
      7.19000      2.87024      1.32868      1.54156
      7.20000      3.88852      1.79624      2.09228
      7.21000      3.84195      1.74090      2.10105
      7.22000      3.19863      1.46581      1.73283
      7.23000      3.10966      1.43480      1.67486
      7.24000      3.23666      1.45666      1.78000
      7.25000      2.82172      1.25911      1.56261
      7.26000      2.38071      1.07639      1.30432
      7.27000      2.78960      1.26259      1.52700
      7.28000      3.52341      1.60753      1.91587
      7.29000      3.35608      1.54642      1.80967
      7.30000      3.19207      1.44011      1.75196
      7.31000      3.55213      1.57356      1.97857
      7.32000      3.29209      1.45287      1.83922
      7.33000      2.94106      1.31028      1.63079
      7.34000      3.12690      1.47032      1.65658
      7.35000      3.96028      1.94155      2.01873
      7.36000      5.82859      2.84835      2.98024
      7.37000      7.08504      3.46271      3.62233
      7.38000      6.86938      3.38889      3.48049
      7.39000      5.85833      2.89646      2.96187
      7.40000      4.77911      2.35465      2.42446
      7.41000      4.72626      2.30139      2.42487
      7.42000      5.24033      2.50241      2.73792
      7.43000      5.08086      2.39093      2.68993
      7.44000      9.28032      4.43885      4.84147
      7.45000     37.68730     18.20949     19.47781
      7.46000     84.67276     40.94480     43.72795
      7.47000     88.89879     42.92789     45.97091
      7.48000     86.51290     41.73275     44.78015
      7.49000     88.19206     42.60943     45.58263
      7.50000     44.86756     21.72945     23.13811
      7.51000     11.27426      5.50203      5.77222
      7.52000      4.00940      1.94848      2.06092
      7.53000      3.07424      1.45116      1.62308
      7.54000      2.29741      1.07591      1.22150
