Energy-E_F (eV)    DOS (1/eV)    PDOS (1/eV)  of atom type C  N  
     -5.36953      1.82496      0.82781      0.99715
     -5.35953      2.16657      0.98621      1.18035
     -5.34953      2.70448      1.23215      1.47233
     -5.33953      2.53234      1.14943      1.38291
     -5.32953      2.15250      0.97229      1.18021
     -5.31953      1.77512      0.80167      0.97345
     -5.30953      1.30823      0.59287      0.71536
     -5.29953      1.35611      0.61944      0.73667
     -5.28953      2.20979      1.01527      1.19453
     -5.27953      3.18947      1.46640      1.72307
     -5.26953      3.35958      1.54262      1.81696
     -5.25953      2.80065      1.28594      1.51471
     -5.24953      2.13011      0.98174      1.14838
     -5.23953      1.47942      0.68417      0.79525
     -5.22953      0.88033      0.40645      0.47388
     -5.21953      0.74545      0.34482      0.40063
     -5.20953      1.31413      0.61102      0.70311
     -5.19953      2.19806      1.02182      1.17625
     -5.18953      2.40937      1.11871      1.29066
     -5.17953      1.72756      0.80322      0.92434
     -5.16953      1.51909      0.70977      0.80933
     -5.15953      1.93307      0.90199      1.03107
     -5.14953      2.03665      0.94532      1.09132
     -5.13953      1.79730      0.83461      0.96269
     -5.12953      1.88527      0.88088      1.00438
     -5.11953      2.27544      1.06439      1.21105
     -5.10953      2.50216      1.16818      1.33397
     -5.09953      2.16451      1.00948      1.15503
     -5.08953      1.42879      0.66636      0.76243
     -5.07953      1.12562      0.52671      0.59891
     -5.06953      1.20974      0.57060      0.63914
     -5.05953      1.04415      0.49571      0.54843
     -5.04953      0.87958      0.41712      0.46246
     -5.03953      1.32693      0.62880      0.69814
     -5.02953      1.98624      0.94541      1.04083
     -5.01953      2.21684      1.05654      1.16029
     -5.00953      1.81214      0.85973      0.95241
     -4.99953      1.47845      0.69738      0.78107
     -4.98953      1.74098      0.82067      0.92031
     -4.97953      1.81219      0.85644      0.95575
     -4.96953      1.69917      0.80867      0.89050
     -4.95953      1.85185      0.88737      0.96448
     -4.94953      1.91152      0.91593      0.99559
     -4.93953      1.71857      0.82025      0.89832
     -4.92953      1.19895      0.57110      0.62785
     -4.91953      0.73574      0.35098      0.38476
     -4.90953      0.76972      0.36961      0.40011
     -4.89953      1.35257      0.65285      0.69971
     -4.88953      1.95599      0.94363      1.01236
     -4.87953      1.87424      0.89876      0.97548
     -4.86953      1.87200      0.88268      0.98932
     -4.85953      2.01565      0.94080      1.07485
     -4.84953      1.63984      0.76291      0.87693
     -4.83953      1.74393      0.66523      1.07870
     -4.82953      7.75997      1.43899      6.32098
     -4.81953     38.50709      5.57691     32.93018
     -4.80953     80.11815     11.29365     68.82450
     -4.79953     63.00277      9.10844     53.89433
     -4.78953     19.65852      3.22494     16.43358
     -4.77953      3.80440      0.94328      2.86112
     -4.76953      2.02477      0.67227      1.35250
     -4.75953      2.19708      0.71395      1.48314
     -4.74953      2.41696      0.77519      1.64176
     -4.73953      2.49037      0.81360      1.67676
     -4.72953      2.70534      0.90721      1.79814
     -4.71953      3.57411      1.24586      2.32825
     -4.70953      4.31310      1.52858      2.78453
     -4.69953      4.26286      1.48708      2.77577
     -4.68953      4.31510      1.42672      2.88838
     -4.67953      5.11798      1.62019      3.49779
     -4.66953      5.64308      1.82537      3.81771
     -4.65953      5.96696      2.05297      3.91399
     -4.64953      6.53937      2.28418      4.25518
     -4.63953      6.74013      2.31408      4.42605
     -4.62953      6.24891      2.18252      4.06639
     -4.61953      5.89246      2.07817      3.81429
     -4.60953      6.50079      2.27382      4.22697
     -4.59953      7.40462      2.60901      4.79561
     -4.58953      7.87265      2.76519      5.10746
     -4.57953      7.27759      2.52494      4.75265
     -4.56953      6.37464      2.15204      4.22260
     -4.55953      6.37812      2.14469      4.23344
     -4.54953      5.60078      1.87955      3.72123
     -4.53953      4.81120      1.58460      3.22660
     -4.52953      6.14923      2.05415      4.09508
     -4.51953      7.59998      2.56317      5.03681
     -4.50953      7.43384      2.50330      4.93054
     -4.49953      7.69868      2.60277      5.09591
     -4.48953      8.28515      2.80548      5.47967
     -4.47953      8.43080      2.84373      5.58707
     -4.46953      8.54681      2.90371      5.64310
     -4.45953      8.83336      2.98949      5.84387
     -4.44953      8.97460      2.93403      6.04057
     -4.43953      9.17729      2.91287      6.26442
     -4.42953      9.66585      3.10955      6.55630
     -4.41953     11.49393      3.84172      7.65221
     -4.40953     12.75491      4.37016      8.38475
     -4.39953     11.10232      3.82333      7.27899
     -4.38953      9.95249      3.41942      6.53306
     -4.37953     10.29724      3.53550      6.76174
     -4.36953     10.12758      3.48064      6.64694
     -4.35953     10.49887      3.61999      6.87888
     -4.34953     10.57218      3.66264      6.90954
     -4.33953     10.18573      3.61555      6.57018
     -4.32953      9.92169      3.68130      6.24039
     -4.31953      9.32376      3.58421      5.73955
     -4.30953      8.50166      3.28560      5.21607
     -4.29953      7.54682      2.92320      4.62362
     -4.28953      6.50265      2.56939      3.93326
     -4.27953      6.08382      2.49284      3.59098
     -4.26953      5.95876      2.54983      3.40894
     -4.25953      5.85188      2.61736      3.23452
     -4.24953      6.60617      3.06082      3.54535
     -4.23953      7.53561      3.52079      4.01482
     -4.22953      7.41934      3.45361      3.96573
     -4.21953      6.33840      2.94490      3.39350
     -4.20953      5.65527      2.62656      3.02871
     -4.19953      5.79414      2.68632      3.10783
     -4.18953      5.88186      2.74180      3.14005
     -4.17953      5.53718      2.60696      2.93022
     -4.16953      5.76412      2.73139      3.03273
     -4.15953      6.96294      3.29552      3.66742
     -4.14953      6.59887      3.10505      3.49381
     -4.13953      5.03509      2.35547      2.67962
     -4.12953      4.10950      1.91189      2.19760
     -4.11953      3.90633      1.81387      2.09247
     -4.10953      4.01502      1.87302      2.14200
     -4.09953      3.82181      1.78966      2.03216
     -4.08953      3.47657      1.64420      1.83237
     -4.07953      3.72369      1.77894      1.94475
     -4.06953      4.40767      2.11076      2.29691
     -4.05953      4.32855      2.08411      2.24445
     -4.04953      4.23717      2.06093      2.17624
     -4.03953      4.92013      2.41206      2.50807
     -4.02953      5.96561      2.94387      3.02174
     -4.01953      5.75377      2.84316      2.91062
     -4.00953      3.84195      1.89053      1.95142
     -3.99953      2.37756      1.16620      1.21136
     -3.98953      1.75882      0.86857      0.89024
     -3.97953      1.58339      0.78979      0.79360
     -3.96953      2.05265      1.02579      1.02686
     -3.95953      2.53955      1.26962      1.26993
     -3.94953      2.59507      1.30459      1.29048
     -3.93953      2.11170      1.06996      1.04174
     -3.92953      2.42192      1.23870      1.18322
     -3.91953      8.13286      4.20091      3.93195
     -3.90953     36.68458     19.03151     17.65307
     -3.89953     82.84509     43.02032     39.82477
     -3.88953     92.90186     48.23512     44.66673
     -3.87953     95.18317     49.37799     45.80518
     -3.86953     80.69520     41.83414     38.86106
     -3.85953     31.72434     16.42955     15.29479
     -3.84953      5.80713      3.00378      2.80335
     -3.83953      1.64948      0.85710      0.79238
     -3.82953      1.39640      0.72658      0.66982
     -3.81953      1.55673      0.80819      0.74854
     -3.80953      1.83884      0.95392      0.88492
     -3.79953      1.69941      0.88307      0.81635
     -3.78953      1.43381      0.74828      0.68553
     -3.77953      1.95125      1.02036      0.93088
     -3.76953      2.58716      1.34629      1.24087
     -3.75953      2.72943      1.41581      1.31362
     -3.74953      2.88471      1.50042      1.38429
     -3.73953      3.46434      1.79119      1.67315
     -3.72953      4.58567      2.35479      2.23088
     -3.71953      4.70741      2.42096      2.28645
     -3.70953      3.02925      1.56896      1.46029
     -3.69953      1.30756      0.68484      0.62272
     -3.68953      1.04360      0.54976      0.49384
     -3.67953      1.66352      0.86883      0.79469
     -3.66953      2.19430      1.14487      1.04943
     -3.65953      2.53565      1.32480      1.21086
     -3.64953      3.33361      1.72765      1.60596
     -3.63953      3.84110      1.97674      1.86435
     -3.62953      2.69049      1.38044      1.31005
     -3.61953      0.93194      0.47759      0.45435
     -3.60953      0.13922      0.07132      0.06789
     -3.59953      0.00828      0.00424      0.00404
     -3.58953      0.00019      0.00010      0.00009
     -3.57953      0.00000      0.00000      0.00000
     -3.56953      0.00000      0.00000      0.00000
     -3.55953      0.00000      0.00000      0.00000
     -3.54953      0.00000      0.00000      0.00000
     -3.53953      0.00000      0.00000      0.00000
     -3.52953      0.00000      0.00000      0.00000
     -3.51953      0.00000      0.00000      0.00000
     -3.50953      0.00000      0.00000      0.00000
     -3.49953      0.00032      0.00010      0.00023
     -3.48953      0.02909      0.00860      0.02049
     -3.47953      0.96920      0.28653      0.68267
     -3.46953     12.25894      3.62411      8.63484
     -3.45953     61.47041     18.17194     43.29848
     -3.44953    131.85421     38.97674     92.87747
     -3.43953    130.44285     38.55690     91.88595
     -3.42953     59.92914     17.71304     42.21610
     -3.41953     12.99808      3.84056      9.15752
     -3.40953      2.81953      0.83160      1.98793
     -3.39953      2.39197      0.70858      1.68339
     -3.38953      2.94332      0.87109      2.07223
     -3.37953      3.24329      0.95989      2.28340
     -3.36953      3.66947      1.09428      2.57519
     -3.35953      3.97898      1.19658      2.78240
     -3.34953      4.53753      1.39281      3.14472
     -3.33953      5.45056      1.69584      3.75472
     -3.32953      5.77106      1.79663      3.97442
     -3.31953      6.12275      1.90101      4.22174
     -3.30953      6.59413      2.04065      4.55348
     -3.29953      6.52505      2.01104      4.51401
     -3.28953      6.50958      1.99178      4.51780
     -3.27953      6.71987      2.02812      4.69175
     -3.26953      6.69387      1.97775      4.71612
     -3.25953      6.52876      1.91481      4.61395
     -3.24953      6.69114      1.96639      4.72475
     -3.23953      7.35467      2.13067      5.22400
     -3.22953      7.75514      2.20926      5.54588
     -3.21953      8.02959      2.27998      5.74962
     -3.20953      8.90178      2.50159      6.40019
     -3.19953     10.07562      2.74425      7.33137
     -3.18953     11.14623      2.95445      8.19177
     -3.17953     11.45916      3.02944      8.42971
     -3.16953     11.07121      2.94872      8.12249
     -3.15953     10.72666      2.86690      7.85976
     -3.14953     10.53936      2.82923      7.71013
     -3.13953     10.47727      2.83872      7.63855
     -3.12953     10.21645      2.79795      7.41850
     -3.11953      9.61213      2.64993      6.96219
     -3.10953      9.76515      2.72710      7.03804
     -3.09953      9.52951      2.71103      6.81848
     -3.08953      8.22569      2.36802      5.85767
     -3.07953      6.78539      1.95315      4.83224
     -3.06953      5.64495      1.61190      4.03305
     -3.05953      5.03289      1.43204      3.60085
     -3.04953      4.63180      1.32239      3.30941
     -3.03953      4.32047      1.23894      3.08153
     -3.02953      4.03485      1.17166      2.86318
     -3.01953      3.54520      1.05242      2.49279
     -3.00953      2.84635      0.86559      1.98077
     -2.99953      2.62767      0.80296      1.82470
     -2.98953      2.81981      0.84635      1.97346
     -2.97953      2.92555      0.87054      2.05501
     -2.96953      3.13699      0.94788      2.18911
     -2.95953      3.28593      1.01563      2.27030
     -2.94953      3.69755      1.13821      2.55934
     -2.93953      4.18363      1.24685      2.93678
     -2.92953      4.37482      1.26859      3.10622
     -2.91953      4.36852      1.25714      3.11139
     -2.90953      3.85172      1.11261      2.73911
     -2.89953      3.89938      1.12535      2.77403
     -2.88953      4.67799      1.34274      3.33525
     -2.87953      4.88536      1.38206      3.50330
     -2.86953      4.94347      1.35907      3.58440
     -2.85953      4.81620      1.29864      3.51756
     -2.84953      4.84036      1.29778      3.54258
     -2.83953      5.61946      1.50065      4.11881
     -2.82953      6.40977      1.72741      4.68236
     -2.81953      6.15686      1.64493      4.51193
     -2.80953      5.08135      1.28464      3.79670
     -2.79953      4.34034      1.06487      3.27547
     -2.78953      4.13076      1.00416      3.12660
     -2.77953      4.34143      0.98236      3.35907
     -2.76953      4.44059      0.97212      3.46847
     -2.75953      3.83724      0.86248      2.97476
     -2.74953      3.50111      0.78373      2.71738
     -2.73953      3.16696      0.69400      2.47296
     -2.72953      2.86466      0.62748      2.23719
     -2.71953      2.85221      0.59519      2.25701
     -2.70953      3.05972      0.60311      2.45661
     -2.69953      3.00580      0.55549      2.45030
     -2.68953      2.76981      0.46253      2.30728
     -2.67953      2.56968      0.39667      2.17302
     -2.66953      2.42698      0.37829      2.04869
     -2.65953      2.24191      0.35122      1.89069
     -2.64953      1.86678      0.27232      1.59445
     -2.63953      1.56701      0.19737      1.36964
     -2.62953      1.48251      0.15311      1.32940
     -2.61953      1.36431      0.13127      1.23304
     -2.60953      1.56743      0.15379      1.41364
     -2.59953      2.17039      0.21227      1.95812
     -2.58953      2.42022      0.23561      2.18460
     -2.57953      2.06987      0.20942      1.86044
     -2.56953      1.82079      0.18936      1.63143
     -2.55953      1.98435      0.20034      1.78401
     -2.54953      2.02108      0.21022      1.81086
     -2.53953      1.92947      0.20720      1.72227
     -2.52953      2.30985      0.23836      2.07149
     -2.51953      3.40927      0.33966      3.06962
     -2.50953      4.05199      0.39811      3.65388
     -2.49953      3.34358      0.32437      3.01921
     -2.48953      2.69616      0.26608      2.43009
     -2.47953      2.89560      0.31133      2.58427
     -2.46953      2.90219      0.33335      2.56885
     -2.45953      2.54930      0.28780      2.26150
     -2.44953      3.36545      0.35395      3.01149
     -2.43953      4.56679      0.51795      4.04884
     -2.42953     10.70257      1.71916      8.98341
     -2.41953     42.10936      7.69745     34.41191
     -2.40953     82.69041     15.41142     67.27899
     -2.39953     63.09516     11.74030     51.35485
     -2.38953     19.47169      3.49945     15.97224
     -2.37953      4.94588      0.71658      4.22930
     -2.36953      3.68847      0.47496      3.21350
     -2.35953      3.13810      0.41709      2.72101
     -2.34953      2.31874      0.31479      2.00395
     -2.33953      2.72336      0.35790      2.36546
     -2.32953      3.73917      0.46213      3.27703
     -2.31953      3.49480      0.41775      3.07706
     -2.30953      2.52022      0.31849      2.20173
     -2.29953      2.31647      0.32156      1.99491
     -2.28953      2.62214      0.36833      2.25381
     -2.27953      2.51635      0.35481      2.16154
     -2.26953      2.55450      0.36650      2.18800
     -2.25953      2.73360      0.38987      2.34374
     -2.24953      2.71013      0.37623      2.33389
     -2.23953      2.52827      0.34899      2.17928
     -2.22953      2.03634      0.28509      1.75125
     -2.21953      1.70908      0.23841      1.47067
     -2.20953      1.82152      0.25610      1.56541
     -2.19953      2.75360      0.39309      2.36050
     -2.18953      3.32735      0.47138      2.85597
     -2.17953      2.72922      0.38552      2.34370
     -2.16953      2.30588      0.33234      1.97354
     -2.15953      2.55910      0.37568      2.18342
     -2.14953      2.46590      0.36351      2.10239
     -2.13953      1.74559      0.25619      1.48940
     -2.12953      1.77815      0.25779      1.52036
     -2.11953      2.22673      0.31723      1.90950
     -2.10953      2.13969      0.30351      1.83617
     -2.09953      1.91976      0.28509      1.63466
     -2.08953      1.88609      0.28723      1.59886
     -2.07953      2.57275      0.38076      2.19198
     -2.06953      3.16857      0.46064      2.70793
     -2.05953      2.62874      0.38132      2.24742
     -2.04953      2.11690      0.31099      1.80591
     -2.03953      1.89371      0.27801      1.61569
     -2.02953      1.56668      0.22668      1.33999
     -2.01953      1.14124      0.16480      0.97644
     -2.00953      1.73923      0.25762      1.48161
     -1.99953      2.96678      0.44272      2.52406
     -1.98953      2.89700      0.42826      2.46874
     -1.97953      2.06235      0.30057      1.76178
     -1.96953      1.73737      0.25384      1.48352
     -1.95953      1.69338      0.24746      1.44592
     -1.94953      1.27445      0.18561      1.08884
     -1.93953      0.98209      0.14518      0.83691
     -1.92953      1.13388      0.17033      0.96355
     -1.91953      1.08365      0.16331      0.92034
     -1.90953      0.73021      0.10983      0.62039
     -1.89953      0.55788      0.08381      0.47407
     -1.88953      0.61139      0.09181      0.51957
     -1.87953      0.47221      0.07090      0.40132
     -1.86953      0.17203      0.02583      0.14620
     -1.85953      0.02550      0.00383      0.02167
     -1.84953      0.00145      0.00022      0.00123
     -1.83953      0.00003      0.00000      0.00003
     -1.82953      0.00000      0.00000      0.00000
     -1.81953      0.00000      0.00000      0.00000
     -1.80953      0.00001      0.00000      0.00000
     -1.79953      0.00038      0.00003      0.00034
     -1.78953      0.01021      0.00093      0.00928
     -1.77953      0.10697      0.00976      0.09721
     -1.76953      0.46613      0.04255      0.42358
     -1.75953      0.97433      0.08911      0.88522
     -1.74953      1.39150      0.12781      1.26369
     -1.73953      1.98991      0.18368      1.80623
     -1.72953      2.29776      0.21289      2.08488
     -1.71953      2.03864      0.19040      1.84824
     -1.70953      1.81843      0.17542      1.64301
     -1.69953      2.05164      0.20906      1.84258
     -1.68953      2.69917      0.28231      2.41686
     -1.67953      3.23969      0.35348      2.88621
     -1.66953      3.39794      0.41452      2.98342
     -1.65953      3.52139      0.49267      3.02872
     -1.64953      3.65368      0.55813      3.09555
     -1.63953      3.48638      0.57019      2.91619
     -1.62953      3.56547      0.61436      2.95111
     -1.61953      4.08863      0.75253      3.33610
     -1.60953      4.61666      0.93777      3.67890
     -1.59953      5.23750      1.10898      4.12852
     -1.58953      5.81866      1.20330      4.61536
     -1.57953      5.88134      1.19670      4.68464
     -1.56953      5.72811      1.16740      4.56071
     -1.55953      6.45131      1.30020      5.15110
     -1.54953      7.42867      1.48835      5.94032
     -1.53953      7.00643      1.41799      5.58843
     -1.52953      6.22680      1.24965      4.97715
     -1.51953      5.60414      1.10239      4.50175
     -1.50953      4.83747      0.92519      3.91228
     -1.49953      5.05153      0.98723      4.06430
     -1.48953      5.66840      1.15372      4.51468
     -1.47953      6.16257      1.23744      4.92513
     -1.46953      6.83034      1.34568      5.48466
     -1.45953      7.03237      1.36917      5.66320
     -1.44953      6.97798      1.32257      5.65541
     -1.43953      7.46329      1.47256      5.99073
     -1.42953      8.46525      1.78826      6.67698
     -1.41953      8.36901      1.79027      6.57874
     -1.40953      7.37396      1.52918      5.84478
     -1.39953      6.85215      1.37158      5.48057
     -1.38953      5.92828      1.16572      4.76256
     -1.37953      4.26634      0.82270      3.44364
     -1.36953      3.19376      0.57235      2.62141
     -1.35953      3.57329      0.63423      2.93906
     -1.34953      4.66490      0.90581      3.75909
     -1.33953      5.64072      1.16432      4.47640
     -1.32953      6.52581      1.33416      5.19166
     -1.31953      7.46866      1.48745      5.98121
     -1.30953      7.32225      1.48243      5.83982
     -1.29953      5.88051      1.21247      4.66804
     -1.28953      5.46087      1.11718      4.34369
     -1.27953      6.58008      1.35322      5.22686
     -1.26953      7.38716      1.57567      5.81149
     -1.25953      6.93823      1.54327      5.39496
     -1.24953      5.70572      1.30454      4.40117
     -1.23953      5.44015      1.26487      4.17528
     -1.22953      6.38291      1.49254      4.89037
     -1.21953      7.51705      1.76329      5.75376
     -1.20953      8.23694      1.93496      6.30198
     -1.19953      8.15018      1.92674      6.22344
     -1.18953      7.51014      1.77123      5.73891
     -1.17953      7.07202      1.63846      5.43356
     -1.16953      7.53663      1.72679      5.80985
     -1.15953      8.09641      1.84206      6.25435
     -1.14953      8.38399      1.88004      6.50394
     -1.13953      9.21637      2.05181      7.16456
     -1.12953      9.47277      2.08612      7.38665
     -1.11953      8.38005      1.80582      6.57424
     -1.10953      7.89451      1.67468      6.21983
     -1.09953      8.41902      1.76777      6.65125
     -1.08953      9.26174      1.91427      7.34747
     -1.07953     10.58025      2.20456      8.37568
     -1.06953     11.66455      2.48437      9.18018
     -1.05953     10.65365      2.25175      8.40190
     -1.04953      9.18994      1.87614      7.31380
     -1.03953      9.60234      1.93352      7.66881
     -1.02953     10.38762      2.10631      8.28131
     -1.01953      9.44842      1.95807      7.49035
     -1.00953      7.42477      1.58857      5.83619
     -0.99953      6.30865      1.33760      4.97106
     -0.98953      5.96453      1.22270      4.74183
     -0.97953      5.65747      1.15811      4.49935
     -0.96953      5.50486      1.10447      4.40039
     -0.95953      5.66141      1.10535      4.55606
     -0.94953      5.59286      1.08394      4.50892
     -0.93953      6.73691      1.46349      5.27342
     -0.92953     19.40068      5.57973     13.82095
     -0.91953     60.30948     18.92235     41.38713
     -0.90953     85.58230     27.16282     58.41947
     -0.89953     47.96003     14.97218     32.98785
     -0.88953     12.58884      3.52916      9.05969
     -0.87953      4.37919      0.87456      3.50464
     -0.86953      3.80708      0.67884      3.12823
     -0.85953      3.75013      0.66286      3.08728
     -0.84953      3.61786      0.62423      2.99363
     -0.83953      3.85071      0.65110      3.19960
     -0.82953      4.35544      0.73337      3.62207
     -0.81953      4.28960      0.72733      3.56226
     -0.80953      3.82404      0.65323      3.17082
     -0.79953      3.87995      0.65757      3.22239
     -0.78953      6.59974      1.03766      5.56208
     -0.77953     26.64903      3.81071     22.83833
     -0.76953     84.11294     11.75253     72.36040
     -0.75953    135.06179     18.80854    116.25325
     -0.74953    115.45385     16.11305     99.34080
     -0.73953     50.29023      7.07660     43.21362
     -0.72953     10.97499      1.60772      9.36727
     -0.71953      2.33876      0.38699      1.95177
     -0.70953      1.02980      0.18016      0.84964
     -0.69953      0.52042      0.09212      0.42830
     -0.68953      0.19546      0.03495      0.16051
     -0.67953      0.03654      0.00658      0.02996
     -0.66953      0.00281      0.00051      0.00230
     -0.65953      0.00008      0.00002      0.00007
     -0.64953      0.00000      0.00000      0.00000
     -0.63953      0.00000      0.00000      0.00000
     -0.62953      0.00000      0.00000      0.00000
     -0.61953      0.00000      0.00000      0.00000
     -0.60953      0.00000      0.00000      0.00000
     -0.59953      0.00000      0.00000      0.00000
     -0.58953      0.00000      0.00000      0.00000
     -0.57953      0.00000      0.00000      0.00000
     -0.56953      0.00000      0.00000      0.00000
     -0.55953      0.00000      0.00000      0.00000
     -0.54953      0.00000      0.00000      0.00000
     -0.53953      0.00000      0.00000      0.00000
     -0.52953      0.00000      0.00000      0.00000
     -0.51953      0.00000      0.00000      0.00000
     -0.50953      0.00000      0.00000      0.00000
     -0.49953      0.00000      0.00000      0.00000
     -0.48953      0.00000      0.00000      0.00000
     -0.47953      0.00000      0.00000      0.00000
     -0.46953      0.00000      0.00000      0.00000
     -0.45953      0.00000      0.00000      0.00000
     -0.44953      0.00000      0.00000      0.00000
     -0.43953      0.00000      0.00000      0.00000
     -0.42953      0.00000      0.00000      0.00000
     -0.41953      0.00000      0.00000      0.00000
     -0.40953      0.00000      0.00000      0.00000
     -0.39953      0.00000      0.00000      0.00000
     -0.38953      0.00000      0.00000      0.00000
     -0.37953      0.00002      0.00000      0.00002
     -0.36953      0.00111      0.00018      0.00092
     -0.35953      0.02181      0.00364      0.01817
     -0.34953      0.17145      0.02868      0.14277
     -0.33953      0.59207      0.09950      0.49257
     -0.32953      1.08613      0.18410      0.90202
     -0.31953      1.42477      0.24530      1.17948
     -0.30953      1.78413      0.31457      1.46955
     -0.29953      2.54695      0.45670      2.09025
     -0.28953      3.46777      0.61959      2.84817
     -0.27953      3.81920      0.67477      3.14443
     -0.26953      3.77630      0.66354      3.11276
     -0.25953      3.84024      0.67931      3.16093
     -0.24953      4.41072      0.78658      3.62415
     -0.23953      4.85420      0.86079      3.99341
     -0.22953      4.83736      0.84347      3.99389
     -0.21953      5.17143      0.88159      4.28984
     -0.20953      5.80403      0.97892      4.82511
     -0.19953      6.55724      1.11204      5.44521
     -0.18953      7.19886      1.22421      5.97465
     -0.17953      8.43577      1.42503      7.01074
     -0.16953     10.38332      1.73554      8.64778
     -0.15953     11.49018      1.90459      9.58559
     -0.14953     11.97991      1.98395      9.99596
     -0.13953     12.65012      2.10549     10.54463
     -0.12953     13.11058      2.19773     10.91285
     -0.11953     12.90799      2.17647     10.73152
     -0.10953     11.57670      1.95845      9.61825
     -0.09953      9.73398      1.65141      8.08257
     -0.08953      8.77691      1.49569      7.28122
     -0.07953     16.57766      2.85166     13.72600
     -0.06953     52.81460      9.12206     43.69254
     -0.05953     85.84340     14.83556     71.00784
     -0.04953     54.73168      9.45669     45.27499
     -0.03953     14.63195      2.52254     12.10941
     -0.02953      3.28278      0.55956      2.72321
     -0.01953      1.69609      0.28603      1.41006
     -0.00953      0.99942      0.16764      0.83177
      0.00047      0.43660      0.07292      0.36367
      0.01047      0.10561      0.01759      0.08802
      0.02047      0.01154      0.00192      0.00962
      0.03047      0.00052      0.00009      0.00043
      0.04047      0.00001      0.00000      0.00001
      0.05047      0.00000      0.00000      0.00000
      0.06047      0.00000      0.00000      0.00000
      0.07047      0.00000      0.00000      0.00000
      0.08047      0.00000      0.00000      0.00000
      0.09047      0.00000      0.00000      0.00000
      0.10047      0.00000      0.00000      0.00000
      0.11047      0.00000      0.00000      0.00000
      0.12047      0.00000      0.00000      0.00000
      0.13047      0.00000      0.00000      0.00000
      0.14047      0.00000      0.00000      0.00000
      0.15047      0.00000      0.00000      0.00000
      0.16047      0.00000      0.00000      0.00000
      0.17047      0.00000      0.00000      0.00000
      0.18047      0.00000      0.00000      0.00000
      0.19047      0.00000      0.00000      0.00000
      0.20047      0.00000      0.00000      0.00000
      0.21047      0.00000      0.00000      0.00000
      0.22047      0.00000      0.00000      0.00000
      0.23047      0.00000      0.00000      0.00000
      0.24047      0.00000      0.00000      0.00000
      0.25047      0.00000      0.00000      0.00000
      0.26047      0.00000      0.00000      0.00000
      0.27047      0.00000      0.00000      0.00000
      0.28047      0.00000      0.00000      0.00000
      0.29047      0.00000      0.00000      0.00000
      0.30047      0.00000      0.00000      0.00000
      0.31047      0.00000      0.00000      0.00000
      0.32047      0.00000      0.00000      0.00000
      0.33047      0.00000      0.00000      0.00000
      0.34047      0.00000      0.00000      0.00000
      0.35047      0.00000      0.00000      0.00000
      0.36047      0.00000      0.00000      0.00000
      0.37047      0.00000      0.00000      0.00000
      0.38047      0.00000      0.00000      0.00000
      0.39047      0.00000      0.00000      0.00000
      0.40047      0.00000      0.00000      0.00000
      0.41047      0.00000      0.00000      0.00000
      0.42047      0.00000      0.00000      0.00000
      0.43047      0.00000      0.00000      0.00000
      0.44047      0.00000      0.00000      0.00000
      0.45047      0.00000      0.00000      0.00000
      0.46047      0.00000      0.00000      0.00000
      0.47047      0.00000      0.00000      0.00000
      0.48047      0.00000      0.00000      0.00000
      0.49047      0.00000      0.00000      0.00000
      0.50047      0.00000      0.00000      0.00000
      0.51047      0.00000      0.00000      0.00000
      0.52047      0.00000      0.00000      0.00000
      0.53047      0.00000      0.00000      0.00000
      0.54047      0.00000      0.00000      0.00000
      0.55047      0.00000      0.00000      0.00000
      0.56047      0.00000      0.00000      0.00000
      0.57047      0.00000      0.00000      0.00000
      0.58047      0.00000      0.00000      0.00000
      0.59047      0.00000      0.00000      0.00000
      0.60047      0.00000      0.00000      0.00000
      0.61047      0.00000      0.00000      0.00000
      0.62047      0.00000      0.00000      0.00000
      0.63047      0.00000      0.00000      0.00000
      0.64047      0.00000      0.00000      0.00000
      0.65047      0.00000      0.00000      0.00000
      0.66047      0.00000      0.00000      0.00000
      0.67047      0.00000      0.00000      0.00000
      0.68047      0.00000      0.00000      0.00000
      0.69047      0.00005      0.00003      0.00002
      0.70047      0.00220      0.00138      0.00083
      0.71047      0.03342      0.02087      0.01256
      0.72047      0.19848      0.12387      0.07461
      0.73047      0.52297      0.32601      0.19696
      0.74047      0.79691      0.49547      0.30144
      0.75047      0.88558      0.54813      0.33746
      0.76047      0.97717      0.60015      0.37702
      0.77047      1.50335      0.92031      0.58304
      0.78047      1.93436      1.18618      0.74818
      0.79047      1.83190      1.12630      0.70559
      0.80047      1.70047      1.04893      0.65154
      0.81047      1.54102      0.95462      0.58640
      0.82047      1.42770      0.88478      0.54292
      0.83047      1.60258      0.98861      0.61397
      0.84047      2.23632      1.37903      0.85729
      0.85047      2.54187      1.56764      0.97423
      0.86047      2.11544      1.29975      0.81570
      0.87047      1.60089      0.97973      0.62116
      0.88047      1.34903      0.82514      0.52389
      0.89047      1.28456      0.78687      0.49769
      0.90047      1.16168      0.71432      0.44736
      0.91047      1.28619      0.79857      0.48762
      0.92047      1.67764      1.04765      0.62998
      0.93047      1.97175      1.23017      0.74158
      0.94047      1.90169      1.18269      0.71900
      0.95047      2.03985      1.27019      0.76966
      0.96047      2.60692      1.63870      0.96822
      0.97047      2.49851      1.57960      0.91891
      0.98047      1.78234      1.12282      0.65951
      0.99047      1.65841      1.03200      0.62641
      1.00047      1.69956      1.05033      0.64923
      1.01047      1.40267      0.86602      0.53665
      1.02047      1.25047      0.76916      0.48131
      1.03047      1.36990      0.84123      0.52867
      1.04047      1.50134      0.92673      0.57461
      1.05047      1.88871      1.17752      0.71119
      1.06047      2.19675      1.38497      0.81178
      1.07047      2.11205      1.34775      0.76430
      1.08047      1.61032      1.03630      0.57401
      1.09047      1.39742      0.90155      0.49588
      1.10047      2.22792      1.44278      0.78514
      1.11047      2.99630      1.92953      1.06677
      1.12047      2.87155      1.81674      1.05481
      1.13047      2.43269      1.52615      0.90655
      1.14047      1.95142      1.23393      0.71750
      1.15047      1.37193      0.87370      0.49823
      1.16047      1.00573      0.63548      0.37025
      1.17047      1.20656      0.76922      0.43733
      1.18047      1.70963      1.10901      0.60061
      1.19047      2.13506      1.38911      0.74595
      1.20047      2.26481      1.47068      0.79413
      1.21047      2.29031      1.47530      0.81501
      1.22047      2.52968      1.63217      0.89751
      1.23047      3.09435      2.02161      1.07273
      1.24047      3.43152      2.23127      1.20024
      1.25047      2.93512      1.91087      1.02425
      1.26047      2.45162      1.63893      0.81269
      1.27047      2.35464      1.59414      0.76050
      1.28047      2.32541      1.53985      0.78557
      1.29047      2.27482      1.46926      0.80556
      1.30047      2.59520      1.71292      0.88228
      1.31047      3.28045      2.19761      1.08284
      1.32047      3.18918      2.12349      1.06569
      1.33047      2.71155      1.80163      0.90992
      1.34047      2.60955      1.73722      0.87233
      1.35047      2.58587      1.68646      0.89942
      1.36047      2.19647      1.38655      0.80992
      1.37047      1.63976      1.03747      0.60229
      1.38047      1.80068      1.17538      0.62530
      1.39047      1.94673      1.27791      0.66881
      1.40047      1.84759      1.19988      0.64771
      1.41047      2.43225      1.55326      0.87899
      1.42047      2.60048      1.63051      0.96997
      1.43047      1.92067      1.15678      0.76389
      1.44047      1.44643      0.83925      0.60718
      1.45047      1.53129      0.90721      0.62408
      1.46047      1.80457      1.12106      0.68351
      1.47047      1.80945      1.12813      0.68133
      1.48047      1.95052      1.18091      0.76960
      1.49047      2.08009      1.26688      0.81321
      1.50047      2.10431      1.27266      0.83165
      1.51047      2.55025      1.49131      1.05894
      1.52047      2.44130      1.40230      1.03900
      1.53047      1.93794      1.10623      0.83171
      1.54047      1.77978      1.02469      0.75509
      1.55047      1.51224      0.88682      0.62542
      1.56047      1.52938      0.89591      0.63347
      1.57047      2.05527      1.17986      0.87541
      1.58047      2.60834      1.51610      1.09224
      1.59047      2.89755      1.70852      1.18904
      1.60047      2.65637      1.53437      1.12200
      1.61047      2.09754      1.16921      0.92833
      1.62047      1.81197      1.00933      0.80264
      1.63047      1.63713      0.94236      0.69476
      1.64047      1.41399      0.81511      0.59888
      1.65047      1.77541      0.97403      0.80137
      1.66047      2.71690      1.47595      1.24095
      1.67047      3.03724      1.66746      1.36977
      1.68047      2.94934      1.62893      1.32041
      1.69047      2.88496      1.59367      1.29129
      1.70047      2.46609      1.37892      1.08717
      1.71047      2.28317      1.29406      0.98911
      1.72047      2.12224      1.18362      0.93862
      1.73047      2.28312      1.22445      1.05867
      1.74047      3.56131      1.89043      1.67088
      1.75047      4.80330      2.58591      2.21739
      1.76047      5.19779      2.82653      2.37126
      1.77047      4.56200      2.48287      2.07913
      1.78047      3.69434      2.01905      1.67529
      1.79047      3.17174      1.71766      1.45409
      1.80047      3.10825      1.65011      1.45814
      1.81047      3.68673      1.94501      1.74172
      1.82047      4.76568      2.51333      2.25235
      1.83047      5.09189      2.70877      2.38312
      1.84047      3.85683      2.06807      1.78876
      1.85047      2.69309      1.43749      1.25560
      1.86047      2.79505      1.48785      1.30720
      1.87047      3.71343      1.98087      1.73256
      1.88047      4.22128      2.25279      1.96850
      1.89047      3.89728      2.07776      1.81952
      1.90047      3.03223      1.63397      1.39826
      1.91047      2.68594      1.47332      1.21262
      1.92047      2.36337      1.29091      1.07247
      1.93047      1.98960      1.07279      0.91681
      1.94047      2.37989      1.28477      1.09511
      1.95047      3.61938      1.97089      1.64849
      1.96047      4.27442      2.33502      1.93941
      1.97047      3.16134      1.72482      1.43651
      1.98047      2.37410      1.30218      1.07191
      1.99047      2.73116      1.50356      1.22761
      2.00047      2.80215      1.52194      1.28022
      2.01047      2.45809      1.31645      1.14164
      2.02047      2.13780      1.15212      0.98568
      2.03047      2.45938      1.33904      1.12035
      2.04047      2.56597      1.40199      1.16398
      2.05047      2.26358      1.24755      1.01603
      2.06047      2.19988      1.22710      0.97278
      2.07047      2.23772      1.25925      0.97847
      2.08047      2.40067      1.34933      1.05134
      2.09047      3.18012      1.77323      1.40690
      2.10047      4.20329      2.33193      1.87136
      2.11047      4.20199      2.33207      1.86991
      2.12047      3.25290      1.81054      1.44236
      2.13047      2.89978      1.61324      1.28654
      2.14047      3.03367      1.68043      1.35324
      2.15047      2.87719      1.59684      1.28035
      2.16047      2.90892      1.63639      1.27253
      2.17047      3.27151      1.84916      1.42235
      2.18047      2.85746      1.61183      1.24563
      2.19047      2.21080      1.24925      0.96155
      2.20047      2.02058      1.14612      0.87445
      2.21047      2.11034      1.19872      0.91163
      2.22047      2.99522      1.70130      1.29392
      2.23047      3.94333      2.23933      1.70399
      2.24047      3.84579      2.18666      1.65912
      2.25047      3.76172      2.14339      1.61833
      2.26047      4.07723      2.32365      1.75358
      2.27047      5.30920      3.03761      2.27159
      2.28047     19.89802     11.47176      8.42626
      2.29047     68.06306     39.29699     28.76607
      2.30047    114.92374     66.40881     48.51493
      2.31047    118.13135     68.34791     49.78343
      2.32047     75.66014     43.80540     31.85473
      2.33047     23.85069     13.80353     10.04716
      2.34047      5.03484      2.89487      2.13998
      2.35047      2.47769      1.39833      1.07937
      2.36047      1.90542      1.06071      0.84471
      2.37047      1.47777      0.81717      0.66060
      2.38047      0.98998      0.54396      0.44602
      2.39047      0.91063      0.49684      0.41379
      2.40047      1.30009      0.70513      0.59496
      2.41047      2.01837      1.09242      0.92595
      2.42047      2.60444      1.41477      1.18967
      2.43047      2.63816      1.44076      1.19740
      2.44047      2.38139      1.30782      1.07357
      2.45047      2.36240      1.30369      1.05872
      2.46047      2.67252      1.47654      1.19598
      2.47047      3.15525      1.73380      1.42145
      2.48047      3.36511      1.83813      1.52698
      2.49047      3.19320      1.73378      1.45942
      2.50047      3.31072      1.79009      1.52064
      2.51047      3.30364      1.79438      1.50927
      2.52047      2.71727      1.49426      1.22300
      2.53047      2.08485      1.15422      0.93063
      2.54047      2.07941      1.13522      0.94418
      2.55047      2.79985      1.50499      1.29486
      2.56047      3.26053      1.74362      1.51692
      2.57047      2.87349      1.53299      1.34050
      2.58047      2.60828      1.39133      1.21695
      2.59047      2.80056      1.50357      1.29699
      2.60047      3.00394      1.63071      1.37323
      2.61047      3.01703      1.65367      1.36336
      2.62047      3.00531      1.65688      1.34844
      2.63047      2.63073      1.44713      1.18360
      2.64047      2.21308      1.19263      1.02044
      2.65047      2.24872      1.18973      1.05898
      2.66047      2.16057      1.14102      1.01955
      2.67047      2.30493      1.22110      1.08383
      2.68047      2.46660      1.30533      1.16127
      2.69047      2.28328      1.21311      1.07017
      2.70047      2.26716      1.22030      1.04686
      2.71047      2.77407      1.49500      1.27907
      2.72047      3.40999      1.83726      1.57273
      2.73047      4.19804      2.28607      1.91196
      2.74047      5.02254      2.76425      2.25829
      2.75047      4.38134      2.41748      1.96386
      2.76047      2.47682      1.36213      1.11469
      2.77047      1.30526      0.70871      0.59655
      2.78047      1.36852      0.73692      0.63160
      2.79047      1.79883      0.96795      0.83088
      2.80047      2.36711      1.27569      1.09142
      2.81047      2.60414      1.40787      1.19628
      2.82047      2.33409      1.26635      1.06774
      2.83047      2.36019      1.29316      1.06703
      2.84047      3.41040      1.90240      1.50800
      2.85047      4.87386      2.76070      2.11317
      2.86047      5.26458      2.99753      2.26704
      2.87047      4.09862      2.31335      1.78526
      2.88047      2.66316      1.48309      1.18007
      2.89047      1.93004      1.07179      0.85825
      2.90047      3.53834      2.04644      1.49189
      2.91047     18.51135     11.10181      7.40954
      2.92047     63.33873     38.23045     25.10828
      2.93047     87.08688     52.59554     34.49134
      2.94047     46.43791     27.97044     18.46747
      2.95047     10.93386      6.50094      4.43292
      2.96047      2.41500      1.38535      1.02966
      2.97047      1.65359      0.93735      0.71624
      2.98047      2.05071      1.15975      0.89096
      2.99047      2.31022      1.30388      1.00634
      3.00047      2.10704      1.18770      0.91934
      3.01047      1.88558      1.06234      0.82324
      3.02047      1.61624      0.91388      0.70236
      3.03047      1.42291      0.80688      0.61603
      3.04047      1.47037      0.83333      0.63703
      3.05047      1.59754      0.90583      0.69171
      3.06047      1.07875      0.61201      0.46674
      3.07047      0.58443      0.33168      0.25275
      3.08047      0.79353      0.45089      0.34264
      3.09047      1.11304      0.63273      0.48032
      3.10047      1.31306      0.74691      0.56616
      3.11047      1.19597      0.68171      0.51426
      3.12047      0.67576      0.38624      0.28952
      3.13047      0.33960      0.19459      0.14501
      3.14047      0.38637      0.22161      0.16476
      3.15047      0.49564      0.28438      0.21126
      3.16047      0.47357      0.27176      0.20181
      3.17047      0.24204      0.13890      0.10314
      3.18047      0.05171      0.02968      0.02203
      3.19047      0.00422      0.00242      0.00180
      3.20047      0.00013      0.00007      0.00005
      3.21047      0.00000      0.00000      0.00000
      3.22047      0.00000      0.00000      0.00000
      3.23047      0.00000      0.00000      0.00000
      3.24047      0.00000      0.00000      0.00000
      3.25047      0.00000      0.00000      0.00000
      3.26047      0.00000      0.00000      0.00000
      3.27047      0.00000      0.00000      0.00000
      3.28047      0.00000      0.00000      0.00000
      3.29047      0.00000      0.00000      0.00000
      3.30047      0.00000      0.00000      0.00000
      3.31047      0.00000      0.00000      0.00000
      3.32047      0.00000      0.00000      0.00000
      3.33047      0.00000      0.00000      0.00000
      3.34047      0.00000      0.00000      0.00000
      3.35047      0.00000      0.00000      0.00000
      3.36047      0.00000      0.00000      0.00000
      3.37047      0.00000      0.00000      0.00000
      3.38047      0.00000      0.00000      0.00000
      3.39047      0.00000      0.00000      0.00000
      3.40047      0.00000      0.00000      0.00000
      3.41047      0.00000      0.00000      0.00000
      3.42047      0.00000      0.00000      0.00000
      3.43047      0.00000      0.00000      0.00000
      3.44047      0.00000      0.00000      0.00000
      3.45047      0.00000      0.00000      0.00000
      3.46047      0.00000      0.00000      0.00000
      3.47047      0.00000      0.00000      0.00000
      3.48047      0.00000      0.00000      0.00000
      3.49047      0.00000      0.00000      0.00000
      3.50047      0.00000      0.00000      0.00000
      3.51047      0.00000      0.00000      0.00000
      3.52047      0.00000      0.00000      0.00000
      3.53047      0.00000      0.00000      0.00000
      3.54047      0.00000      0.00000      0.00000
      3.55047      0.00000      0.00000      0.00000
      3.56047      0.00000      0.00000      0.00000
      3.57047      0.00000      0.00000      0.00000
      3.58047      0.00000      0.00000      0.00000
      3.59047      0.00000      0.00000      0.00000
      3.60047      0.00000      0.00000      0.00000
      3.61047      0.00000      0.00000      0.00000
      3.62047      0.00000      0.00000      0.00000
      3.63047      0.00000      0.00000      0.00000
      3.64047      0.00000      0.00000      0.00000
      3.65047      0.00000      0.00000      0.00000
      3.66047      0.00000      0.00000      0.00000
      3.67047      0.00000      0.00000      0.00000
      3.68047      0.00000      0.00000      0.00000
      3.69047      0.00000      0.00000      0.00000
      3.70047      0.00000      0.00000      0.00000
      3.71047      0.00000      0.00000      0.00000
      3.72047      0.00000      0.00000      0.00000
      3.73047      0.00000      0.00000      0.00000
      3.74047      0.00000      0.00000      0.00000
      3.75047      0.00000      0.00000      0.00000
      3.76047      0.00685      0.00235      0.00449
      3.77047      0.31591      0.10861      0.20730
      3.78047      5.36099      1.84310      3.51788
      3.79047     33.46775     11.50619     21.96156
      3.80047     76.86239     26.42524     50.43715
      3.81047     64.93918     22.32604     42.61313
      3.82047     20.18402      6.93925     13.24477
      3.83047      2.31110      0.79455      1.51655
      3.84047      0.13294      0.04565      0.08729
      3.85047      0.15981      0.05467      0.10513
      3.86047      0.30888      0.10560      0.20328
      3.87047      0.33083      0.11294      0.21788
      3.88047      0.36611      0.12459      0.24152
      3.89047      0.50193      0.17049      0.33144
      3.90047      0.45466      0.15425      0.30040
      3.91047      0.37558      0.12708      0.24850
      3.92047      0.40307      0.13614      0.26693
      3.93047      0.28759      0.09702      0.19057
      3.94047      0.30668      0.10306      0.20362
      3.95047      0.58836      0.19747      0.39089
      3.96047      0.64158      0.21522      0.42636
      3.97047      0.43563      0.14596      0.28967
      3.98047      0.36933      0.12348      0.24584
      3.99047      0.37451      0.12504      0.24947
      4.00047      0.40288      0.13434      0.26855
      4.01047      0.39802      0.13263      0.26539
      4.02047      0.28993      0.09647      0.19346
      4.03047      0.45179      0.15000      0.30179
      4.04047      0.70942      0.23546      0.47396
      4.05047      0.66428      0.22045      0.44383
      4.06047      0.51985      0.17248      0.34737
      4.07047      0.38193      0.12664      0.25529
      4.08047      0.45901      0.15200      0.30701
      4.09047      0.55637      0.18416      0.37222
      4.10047      0.34327      0.11363      0.22964
      4.11047      0.30477      0.10096      0.20381
      4.12047      0.43284      0.14335      0.28949
      4.13047      0.52972      0.17515      0.35457
      4.14047      0.77581      0.25632      0.51949
      4.15047      0.82635      0.27325      0.55311
      4.16047      0.64699      0.21431      0.43268
      4.17047      0.52891      0.17552      0.35339
      4.18047      0.50540      0.16777      0.33763
      4.19047      0.57379      0.19031      0.38349
      4.20047      0.71530      0.23734      0.47796
      4.21047      0.52963      0.17594      0.35369
      4.22047      0.35642      0.11895      0.23746
      4.23047      0.51645      0.17322      0.34322
      4.24047      0.91179      0.30676      0.60503
      4.25047      1.53673      0.51725      1.01948
      4.26047      1.67609      0.56509      1.11101
      4.27047      1.40860      0.47775      0.93086
      4.28047      1.29474      0.44195      0.85279
      4.29047      1.45668      0.49591      0.96078
      4.30047      1.66356      0.56435      1.09921
      4.31047      1.38114      0.46946      0.91168
      4.32047      1.04019      0.35404      0.68615
      4.33047      1.23865      0.42099      0.81766
      4.34047      1.69148      0.57482      1.11665
      4.35047      1.51043      0.51347      0.99696
      4.36047      1.01240      0.34450      0.66790
      4.37047      0.85230      0.29030      0.56200
      4.38047      0.81734      0.27854      0.53880
      4.39047      0.90159      0.30750      0.59410
      4.40047      0.89866      0.30677      0.59189
      4.41047      0.63474      0.21657      0.41817
      4.42047      0.59674      0.20288      0.39386
      4.43047      0.73606      0.24992      0.48613
      4.44047      0.65096      0.22104      0.42993
      4.45047      0.50222      0.17054      0.33168
      4.46047      0.37873      0.12853      0.25021
      4.47047      0.49272      0.16699      0.32573
      4.48047      0.53699      0.18192      0.35507
      4.49047      0.31918      0.10818      0.21100
      4.50047      0.33610      0.11409      0.22202
      4.51047      0.44823      0.15205      0.29618
      4.52047      0.57363      0.19412      0.37951
      4.53047      0.82396      0.27870      0.54525
      4.54047      0.80942      0.27421      0.53521
      4.55047      0.62149      0.21111      0.41038
      4.56047      0.52774      0.17970      0.34804
      4.57047      0.50750      0.17275      0.33475
      4.58047      0.62980      0.21415      0.41565
      4.59047      0.70606      0.24025      0.46581
      4.60047      0.45898      0.15655      0.30244
      4.61047      0.38840      0.13328      0.25512
      4.62047      0.53344      0.18393      0.34951
      4.63047      0.95213      0.33676      0.61537
      4.64047      1.66063      0.61470      1.04594
      4.65047      1.82667      0.71062      1.11605
      4.66047      1.47860      0.59969      0.87891
      4.67047      1.31477      0.53292      0.78185
      4.68047      1.66999      0.65612      1.01387
      4.69047      1.84475      0.73893      1.10582
      4.70047      1.85924      0.80197      1.05727
      4.71047      2.07832      0.92200      1.15632
      4.72047      2.32126      1.01192      1.30934
      4.73047      2.48370      1.07822      1.40548
      4.74047      2.23223      0.99201      1.24022
      4.75047      1.95663      0.88684      1.06980
      4.76047      1.91638      0.87978      1.03660
      4.77047      2.06570      0.94925      1.11645
      4.78047      2.90266      1.33898      1.56369
      4.79047      4.51201      2.10732      2.40469
      4.80047      5.17688      2.43769      2.73919
      4.81047      4.73700      2.24107      2.49593
      4.82047      4.24756      2.01815      2.22941
      4.83047      3.96181      1.89085      2.07096
      4.84047      4.64691      2.22086      2.42605
      4.85047      6.12685      2.92123      3.20562
      4.86047      6.61825      3.14628      3.47197
      4.87047      5.62391      2.67434      2.94957
      4.88047      4.07066      1.94050      2.13016
      4.89047      3.21316      1.53474      1.67841
      4.90047      3.29071      1.57437      1.71634
      4.91047      3.22201      1.54146      1.68055
      4.92047      2.37250      1.13533      1.23718
      4.93047      1.71887      0.82279      0.89609
      4.94047      2.56065      1.22340      1.33726
      4.95047      4.51782      2.15039      2.36743
      4.96047      5.56553      2.63833      2.92720
      4.97047      5.26527      2.49541      2.76986
      4.98047      4.32685      2.05156      2.27530
      4.99047      3.57466      1.68662      1.88804
      5.00047      3.43829      1.62500      1.81329
      5.01047      3.40725      1.62193      1.78532
      5.02047      2.93586      1.39629      1.53957
      5.03047      2.32015      1.10340      1.21675
      5.04047      1.92654      0.91247      1.01407
      5.05047      2.24684      1.04824      1.19860
      5.06047      3.33007      1.55979      1.77029
      5.07047      5.09080      2.41125      2.67955
      5.08047      5.88491      2.79346      3.09145
      5.09047      5.02284      2.38239      2.64045
      5.10047      4.16952      1.98284      2.18667
      5.11047      4.26465      2.03356      2.23109
      5.12047      4.62462      2.21718      2.40744
      5.13047      3.81965      1.84188      1.97778
      5.14047      2.80297      1.33713      1.46584
      5.15047      2.69270      1.25795      1.43476
      5.16047      2.84917      1.32031      1.52886
      5.17047      3.41370      1.56268      1.85102
      5.18047      4.95489      2.27778      2.67711
      5.19047      7.19280      3.36522      3.82758
      5.20047      8.08667      3.80562      4.28105
      5.21047      7.32911      3.43563      3.89348
      5.22047      6.54847      3.06291      3.48556
      5.23047      5.72927      2.70016      3.02911
      5.24047      7.92190      3.68695      4.23494
      5.25047     30.48642     14.40552     16.08089
      5.26047     80.68093     38.67685     42.00407
      5.27047    104.60273     50.39981     54.20292
      5.28047    103.44439     49.89412     53.55028
      5.29047     84.59938     40.75072     43.84865
      5.30047     35.60898     17.01327     18.59571
      5.31047      8.61921      3.95146      4.66775
      5.32047      3.47421      1.47441      1.99980
      5.33047      2.44433      1.03018      1.41415
      5.34047      2.18341      0.91077      1.27265
      5.35047      2.88043      1.19028      1.69015
      5.36047      3.36924      1.40507      1.96417
      5.37047      2.88549      1.19826      1.68723
      5.38047      2.71228      1.09391      1.61836
      5.39047      3.39660      1.35466      2.04194
      5.40047      3.43711      1.41773      2.01938
      5.41047      2.56817      1.12725      1.44091
      5.42047      1.82525      0.82665      0.99860
      5.43047      2.25070      1.02061      1.23009
      5.44047      3.44650      1.56889      1.87761
      5.45047      3.51433      1.58030      1.93403
      5.46047      2.36747      1.01822      1.34925
      5.47047      1.68806      0.72561      0.96245
      5.48047      2.29158      1.01944      1.27214
      5.49047      3.22019      1.43656      1.78363
      5.50047      3.20397      1.46773      1.73624
      5.51047      2.88894      1.35047      1.53846
      5.52047      2.90610      1.30804      1.59805
      5.53047      2.84623      1.21121      1.63502
      5.54047      2.31886      0.98118      1.33769
      5.55047      2.15883      0.94331      1.21552
      5.56047      2.81072      1.23312      1.57760
      5.57047      3.78592      1.69841      2.08751
      5.58047      4.36188      1.96642      2.39547
      5.59047      4.24706      1.77800      2.46905
      5.60047      4.14089      1.65211      2.48878
      5.61047      4.19304      1.79978      2.39326
      5.62047      4.32614      1.97704      2.34910
      5.63047      4.10418      1.83907      2.26511
      5.64047      3.89087      1.69174      2.19913
      5.65047      3.52709      1.52356      2.00353
      5.66047      2.90462      1.21938      1.68525
      5.67047      2.89924      1.20818      1.69106
      5.68047      3.71678      1.62403      2.09275
      5.69047      4.85655      2.16867      2.68788
      5.70047      5.40123      2.39173      3.00950
      5.71047      4.68764      2.08933      2.59831
      5.72047      3.31488      1.53278      1.78210
      5.73047      3.19565      1.48585      1.70980
      5.74047      3.78917      1.69555      2.09362
      5.75047      4.05168      1.82777      2.22391
      5.76047      3.34993      1.58957      1.76036
      5.77047      2.69479      1.34410      1.35068
      5.78047      2.30393      1.15497      1.14896
      5.79047      1.84528      0.90928      0.93600
      5.80047      2.06104      0.99215      1.06889
      5.81047      3.35881      1.63055      1.72827
      5.82047      4.15157      2.02334      2.12823
      5.83047      3.58308      1.74140      1.84168
      5.84047      2.52722      1.25374      1.27348
      5.85047      2.09966      1.07048      1.02918
      5.86047      1.74892      0.86034      0.88858
      5.87047      1.65164      0.75057      0.90107
      5.88047      1.72555      0.81705      0.90850
      5.89047      1.84843      0.95135      0.89708
      5.90047      2.41323      1.24123      1.17200
      5.91047      2.66357      1.32330      1.34027
      5.92047      2.56010      1.22556      1.33453
      5.93047      2.39990      1.10733      1.29257
      5.94047      2.31117      1.03865      1.27251
      5.95047      2.11309      0.96995      1.14314
      5.96047      1.66035      0.77719      0.88317
      5.97047      1.91560      0.88070      1.03490
      5.98047      2.76566      1.26680      1.49886
      5.99047      3.69433      1.67241      2.02192
      6.00047      3.72755      1.69125      2.03629
      6.01047      2.70435      1.21623      1.48812
      6.02047      1.99347      0.87572      1.11774
      6.03047      2.17083      1.00848      1.16235
      6.04047      2.59601      1.26439      1.33162
      6.05047      2.98052      1.46599      1.51453
      6.06047      3.22014      1.56712      1.65303
      6.07047      2.56189      1.21992      1.34196
      6.08047      1.90631      0.83273      1.07358
      6.09047      2.19934      0.97748      1.22186
      6.10047      2.77382      1.34923      1.42460
      6.11047      5.69181      2.36631      3.32550
      6.12047     25.51934      8.72239     16.79695
      6.13047     70.33980     23.15954     47.18026
      6.14047     77.16500     25.31223     51.85277
      6.15047     33.08679     11.09610     21.99069
      6.16047      7.33803      2.84805      4.48998
      6.17047      2.64297      1.25148      1.39149
      6.18047      2.20333      1.08482      1.11850
      6.19047      2.29789      1.22212      1.07578
      6.20047      2.64356      1.40898      1.23458
      6.21047      2.94161      1.49453      1.44708
      6.22047      2.61975      1.29476      1.32499
      6.23047      2.19074      1.07422      1.11652
      6.24047      2.38984      1.12667      1.26317
      6.25047      2.31632      1.02501      1.29132
      6.26047      1.91479      0.81597      1.09882
      6.27047      2.09379      0.91723      1.17656
      6.28047      3.27893      1.41519      1.86373
      6.29047      3.93384      1.68151      2.25233
      6.30047      3.45571      1.47685      1.97887
      6.31047      3.02708      1.26535      1.76173
      6.32047      2.53167      1.10472      1.42695
      6.33047      2.19671      1.03271      1.16399
      6.34047      1.99824      0.90168      1.09656
      6.35047      1.95101      0.81167      1.13934
      6.36047      1.96875      0.84887      1.11989
      6.37047      2.03092      0.95141      1.07951
      6.38047      2.14724      1.00048      1.14676
      6.39047      2.44740      1.08351      1.36389
      6.40047      2.79071      1.21503      1.57569
      6.41047      3.20764      1.49029      1.71735
      6.42047      3.56151      1.73512      1.82639
      6.43047      3.57757      1.67393      1.90364
      6.44047      3.50485      1.55397      1.95087
      6.45047      3.52878      1.50868      2.02010
      6.46047      3.75350      1.58364      2.16985
      6.47047      8.50672      4.11338      4.39334
      6.48047     40.48007     21.30528     19.17478
      6.49047    116.45063     62.06347     54.38716
      6.50047    151.57330     80.90718     70.66612
      6.51047     87.26584     46.59981     40.66603
      6.52047     22.69110     12.16965     10.52145
      6.53047      4.07025      2.25090      1.81935
      6.54047      2.30253      1.23715      1.06538
      6.55047      3.52666      1.76349      1.76317
      6.56047      4.29074      2.12985      2.16089
      6.57047      4.13037      2.12106      2.00931
      6.58047      4.01575      2.12201      1.89374
      6.59047      3.80735      2.02501      1.78235
      6.60047      3.58738      1.92202      1.66536
      6.61047      3.41994      1.82831      1.59163
      6.62047      3.32889      1.74513      1.58376
      6.63047      3.75238      1.98600      1.76638
      6.64047      3.86124      2.08624      1.77500
      6.65047      3.50875      1.90910      1.59965
      6.66047      4.08045      2.19655      1.88390
      6.67047      4.52508      2.38720      2.13788
      6.68047      4.19936      2.18976      2.00960
      6.69047      3.67404      1.91142      1.76262
      6.70047      3.10810      1.59090      1.51720
      6.71047      3.11717      1.57626      1.54091
      6.72047      3.67473      1.84703      1.82770
      6.73047      4.41111      2.12046      2.29065
      6.74047      5.49042      2.60944      2.88099
      6.75047      6.36819      3.07052      3.29767
      6.76047      7.08127      3.32771      3.75357
      6.77047      7.87173      3.60678      4.26495
      6.78047      8.57258      3.98946      4.58312
      6.79047      8.15820      3.88649      4.27171
      6.80047      6.47356      3.18033      3.29323
      6.81047      4.62723      2.33934      2.28789
      6.82047      3.12265      1.59036      1.53228
      6.83047      2.28715      1.20578      1.08137
      6.84047      2.25497      1.22442      1.03055
      6.85047      2.20349      1.17543      1.02807
      6.86047      2.48244      1.31346      1.16898
      6.87047      3.51018      1.88941      1.62078
      6.88047      4.36408      2.35303      2.01105
      6.89047      4.84791      2.59707      2.25084
      6.90047      4.82914      2.59954      2.22960
      6.91047      4.14102      2.25594      1.88508
      6.92047      2.93365      1.61148      1.32217
      6.93047      2.37056      1.25192      1.11865
      6.94047      7.35805      3.04766      4.31039
      6.95047     35.15714     12.80107     22.35607
      6.96047     79.19374     28.00588     51.18786
      6.97047     68.75657     24.22228     44.53429
      6.98047     23.11380      8.32237     14.79143
      6.99047      5.14652      2.26200      2.88453
      7.00047      4.32531      2.28653      2.03878
      7.01047      4.54126      2.41542      2.12584
      7.02047      4.26636      2.28436      1.98200
      7.03047      4.49117      2.45903      2.03214
      7.04047      4.51690      2.47696      2.03994
      7.05047      3.96928      2.14266      1.82663
      7.06047      3.29251      1.80732      1.48520
      7.07047      4.13198      2.34250      1.78948
      7.08047      5.63657      3.20772      2.42885
      7.09047      5.97496      3.36819      2.60678
      7.10047      6.57216      3.63980      2.93236
      7.11047      8.79098      4.77047      4.02051
      7.12047     11.58611      6.18946      5.39665
      7.13047     12.08277      6.41524      5.66754
      7.14047      9.31424      4.99863      4.31560
      7.15047      7.11729      3.94896      3.16834
      7.16047      6.52499      3.71765      2.80734
