Energy-E_F (eV)    DOS (1/eV)    PDOS (1/eV)  of atom type C  N  
     -5.36921      2.39236      1.08240      1.30996
     -5.35921      2.08125      0.94094      1.14031
     -5.34921      1.66088      0.75373      0.90715
     -5.33921      1.61363      0.73497      0.87866
     -5.32921      1.98769      0.90548      1.08221
     -5.31921      2.48848      1.13445      1.35403
     -5.30921      2.54922      1.16327      1.38596
     -5.29921      2.17152      0.99124      1.18028
     -5.28921      1.92552      0.87842      1.04710
     -5.27921      1.77280      0.80936      0.96344
     -5.26921      1.58876      0.72927      0.85948
     -5.25921      1.57428      0.72650      0.84778
     -5.24921      1.95395      0.90358      1.05037
     -5.23921      2.50192      1.15761      1.34430
     -5.22921      2.61883      1.21160      1.40722
     -5.21921      2.04528      0.94479      1.10049
     -5.20921      1.59048      0.73340      0.85708
     -5.19921      1.68860      0.77970      0.90890
     -5.18921      1.81248      0.83999      0.97249
     -5.17921      1.76548      0.82265      0.94282
     -5.16921      1.84192      0.86058      0.98135
     -5.15921      1.98581      0.92574      1.06007
     -5.14921      2.14557      0.99801      1.14756
     -5.13921      1.93111      0.89952      1.03159
     -5.12921      1.40513      0.65635      0.74878
     -5.11921      1.24144      0.57977      0.66167
     -5.10921      1.41907      0.66286      0.75621
     -5.09921      1.57217      0.73668      0.83550
     -5.08921      1.83074      0.86029      0.97046
     -5.07921      2.11113      0.99251      1.11862
     -5.06921      2.03598      0.95862      1.07735
     -5.05921      1.60089      0.75522      0.84567
     -5.04921      1.09613      0.51647      0.57966
     -5.03921      1.16441      0.54806      0.61635
     -5.02921      1.63316      0.77032      0.86284
     -5.01921      1.94360      0.91857      1.02503
     -5.00921      2.09572      0.99242      1.10330
     -4.99921      2.12148      1.00755      1.11393
     -4.98921      1.71751      0.81938      0.89814
     -4.97921      1.27226      0.60871      0.66355
     -4.96921      1.13329      0.53948      0.59381
     -4.95921      1.34067      0.63569      0.70498
     -4.94921      1.50506      0.71603      0.78903
     -4.93921      1.50250      0.71958      0.78293
     -4.92921      1.59241      0.76534      0.82706
     -4.91921      1.61379      0.77675      0.83704
     -4.90921      1.62121      0.78111      0.84010
     -4.89921      1.57427      0.75968      0.81458
     -4.88921      1.50439      0.72397      0.78043
     -4.87921      1.55737      0.74034      0.81704
     -4.86921      1.56538      0.73275      0.83263
     -4.85921      1.66314      0.77542      0.88772
     -4.84921      1.70427      0.79167      0.91260
     -4.83921      1.56337      0.72197      0.84139
     -4.82921      1.35430      0.62160      0.73270
     -4.81921      1.25355      0.55756      0.69598
     -4.80921      1.31943      0.55244      0.76699
     -4.79921      1.49720      0.57435      0.92285
     -4.78921      1.89415      0.70431      1.18985
     -4.77921      2.22451      0.84112      1.38339
     -4.76921      2.27614      0.83272      1.44342
     -4.75921      2.41855      0.81453      1.60402
     -4.74921      2.55459      0.82727      1.72732
     -4.73921      2.75462      0.91898      1.83565
     -4.72921      2.98595      1.00930      1.97665
     -4.71921      3.19336      1.07006      2.12330
     -4.70921      3.65428      1.25470      2.39958
     -4.69921      4.17621      1.42060      2.75561
     -4.68921      4.52147      1.46026      3.06121
     -4.67921      5.15507      1.66730      3.48777
     -4.66921      5.86383      1.98161      3.88223
     -4.65921      6.13318      2.10757      4.02562
     -4.64921      6.30809      2.16840      4.13969
     -4.63921      6.52944      2.26203      4.26741
     -4.62921      6.43099      2.25587      4.17512
     -4.61921      6.64855      2.36935      4.27919
     -4.60921      7.09112      2.51094      4.58018
     -4.59921      6.83424      2.36282      4.47141
     -4.58921      6.53155      2.23014      4.30141
     -4.57921      6.40661      2.17527      4.23134
     -4.56921      6.52525      2.20913      4.31612
     -4.55921      6.68297      2.28454      4.39843
     -4.54921      6.55773      2.26675      4.29098
     -4.53921      6.43729      2.21585      4.22144
     -4.52921      6.60256      2.23502      4.36754
     -4.51921      6.62224      2.17691      4.44533
     -4.50921      6.51988      2.12263      4.39725
     -4.49921      7.42225      2.48275      4.93950
     -4.48921      8.47191      2.89402      5.57789
     -4.47921      8.22509      2.81098      5.41412
     -4.46921      7.83825      2.63386      5.20439
     -4.45921      8.82613      2.90687      5.91926
     -4.44921      9.99619      3.28278      6.71341
     -4.43921      9.83306      3.21730      6.61577
     -4.42921      9.99067      3.28596      6.70471
     -4.41921     11.19488      3.76679      7.42809
     -4.40921     11.78580      4.01320      7.77260
     -4.39921     10.93363      3.71645      7.21718
     -4.38921     10.05132      3.40535      6.64597
     -4.37921     10.20612      3.47852      6.72760
     -4.36921     10.63519      3.66270      6.97249
     -4.35921     10.72602      3.73564      6.99038
     -4.34921     10.89932      3.83673      7.06260
     -4.33921     10.60651      3.79516      6.81135
     -4.32921      9.48700      3.48892      5.99808
     -4.31921      8.41242      3.16773      5.24469
     -4.30921      7.64987      2.93440      4.71547
     -4.29921      7.50871      2.94945      4.55925
     -4.28921      7.27675      2.92994      4.34681
     -4.27921      6.59695      2.74358      3.85337
     -4.26921      6.29858      2.71030      3.58828
     -4.25921      6.19782      2.74370      3.45412
     -4.24921      6.07359      2.76766      3.30593
     -4.23921      6.72138      3.12821      3.59317
     -4.22921      7.58430      3.55508      4.02922
     -4.21921      7.39510      3.46869      3.92641
     -4.20921      6.22545      2.90954      3.31591
     -4.19921      5.43604      2.53110      2.90494
     -4.18921      5.39847      2.51864      2.87983
     -4.17921      5.56383      2.60407      2.95976
     -4.16921      5.33057      2.49115      2.83942
     -4.15921      4.90112      2.29206      2.60907
     -4.14921      5.06434      2.38213      2.68221
     -4.13921      5.84994      2.75048      3.09946
     -4.12921      6.14711      2.88628      3.26083
     -4.11921      5.29812      2.49108      2.80704
     -4.10921      4.11070      1.93171      2.17899
     -4.09921      3.64988      1.71953      1.93034
     -4.08921      4.01493      1.90774      2.10719
     -4.07921      4.59475      2.20172      2.39302
     -4.06921      5.17073      2.49420      2.67654
     -4.05921      4.97870      2.40745      2.57126
     -4.04921      3.59895      1.74786      1.85110
     -4.03921      2.82114      1.37641      1.44473
     -4.02921      2.99251      1.45884      1.53367
     -4.01921      3.06511      1.49847      1.56665
     -4.00921      3.23892      1.59351      1.64541
     -3.99921      3.81864      1.88820      1.93044
     -3.98921      4.32650      2.14917      2.17733
     -3.97921      3.71217      1.85086      1.86131
     -3.96921      2.59709      1.30113      1.29596
     -3.95921      2.24959      1.13137      1.11822
     -3.94921      2.54180      1.28044      1.26135
     -3.93921      2.59602      1.31175      1.28426
     -3.92921      2.44926      1.24137      1.20789
     -3.91921      3.10245      1.57194      1.53051
     -3.90921      3.95689      2.00776      1.94913
     -3.89921      3.38286      1.72437      1.65849
     -3.88921      2.21735      1.13929      1.07805
     -3.87921      1.79707      0.92654      0.87052
     -3.86921      1.80550      0.92833      0.87717
     -3.85921      2.03425      1.04695      0.98730
     -3.84921      2.65485      1.36613      1.28872
     -3.83921      3.56524      1.82923      1.73601
     -3.82921      3.64707      1.86924      1.77782
     -3.81921      2.53970      1.30631      1.23339
     -3.80921      1.76954      0.91800      0.85154
     -3.79921      1.80748      0.93718      0.87030
     -3.78921      2.15064      1.11393      1.03671
     -3.77921      2.56815      1.33290      1.23524
     -3.76921      3.17645      1.64506      1.53139
     -3.75921      3.20596      1.65314      1.55282
     -3.74921      2.60183      1.34223      1.25960
     -3.73921      2.23790      1.16121      1.07670
     -3.72921      2.18799      1.13944      1.04855
     -3.71921      2.23265      1.16506      1.06759
     -3.70921      2.72698      1.41831      1.30867
     -3.69921      3.28694      1.70154      1.58540
     -3.68921      2.95523      1.52806      1.42717
     -3.67921      2.31007      1.20190      1.10818
     -3.66921      2.40397      1.25161      1.15237
     -3.65921      2.99238      1.55065      1.44172
     -3.64921      3.08570      1.59594      1.48976
     -3.63921      2.66563      1.37553      1.29010
     -3.62921      2.10916      1.08495      1.02421
     -3.61921      1.21123      0.62156      0.58966
     -3.60921      0.36116      0.18509      0.17607
     -3.59921      0.04627      0.02370      0.02257
     -3.58921      0.00234      0.00120      0.00114
     -3.57921      0.00004      0.00002      0.00002
     -3.56921      0.00000      0.00000      0.00000
     -3.55921      0.00000      0.00000      0.00000
     -3.54921      0.00000      0.00000      0.00000
     -3.53921      0.00000      0.00000      0.00000
     -3.52921      0.00000      0.00000      0.00000
     -3.51921      0.00000      0.00000      0.00000
     -3.50921      0.00000      0.00000      0.00000
     -3.49921      0.00000      0.00000      0.00000
     -3.48921      0.00002      0.00000      0.00001
     -3.47921      0.00064      0.00019      0.00045
     -3.46921      0.01063      0.00314      0.00749
     -3.45921      0.08503      0.02512      0.05991
     -3.44921      0.34350      0.10150      0.24201
     -3.43921      0.75511      0.22318      0.53192
     -3.42921      1.16082      0.34275      0.81807
     -3.41921      1.61896      0.47711      1.14185
     -3.40921      2.01426      0.59416      1.42009
     -3.39921      2.35991      0.69865      1.66126
     -3.38921      2.91055      0.86160      2.04895
     -3.37921      3.36936      0.99767      2.37168
     -3.36921      3.57889      1.06630      2.51259
     -3.35921      3.97304      1.19753      2.77551
     -3.34921      4.69883      1.44096      3.25786
     -3.33921      5.35896      1.66782      3.69114
     -3.32921      5.75029      1.79240      3.95789
     -3.31921      6.25115      1.93921      4.31193
     -3.30921      6.55653      2.02734      4.52919
     -3.29921      6.45061      1.98988      4.46073
     -3.28921      6.57069      2.01111      4.55958
     -3.27921      6.79293      2.04465      4.74828
     -3.26921      6.58951      1.94744      4.64207
     -3.25921      6.48204      1.90397      4.57807
     -3.24921      6.86048      2.01301      4.84746
     -3.23921      7.31420      2.11579      5.19840
     -3.22921      7.68019      2.18973      5.49046
     -3.21921      8.11349      2.30456      5.80893
     -3.20921      8.95279      2.51236      6.44043
     -3.19921     10.11568      2.75154      7.36414
     -3.18921     11.11613      2.94505      8.17108
     -3.17921     11.46030      3.03198      8.42832
     -3.16921     11.12035      2.96235      8.15800
     -3.15921     10.68299      2.85334      7.82965
     -3.14921     10.52362      2.82496      7.69866
     -3.13921     10.48974      2.84793      7.64181
     -3.12921     10.13140      2.77287      7.35852
     -3.11921      9.75365      2.68680      7.06685
     -3.10921      9.67912      2.70638      6.97274
     -3.09921      9.45342      2.69364      6.75979
     -3.08921      8.25287      2.37518      5.87769
     -3.07921      6.71785      1.92985      4.78800
     -3.06921      5.66397      1.61925      4.04471
     -3.05921      4.95366      1.41035      3.54332
     -3.04921      4.60804      1.31476      3.29328
     -3.03921      4.38812      1.25892      3.12920
     -3.02921      4.00990      1.16454      2.84536
     -3.01921      3.44996      1.02594      2.42401
     -3.00921      2.87853      0.87555      2.00297
     -2.99921      2.66855      0.81436      1.85418
     -2.98921      2.77250      0.83149      1.94101
     -2.97921      2.93649      0.87474      2.06175
     -2.96921      3.12916      0.94620      2.18295
     -2.95921      3.36853      1.03990      2.32863
     -2.94921      3.64072      1.12132      2.51939
     -2.93921      4.16934      1.24142      2.92792
     -2.92921      4.49938      1.30394      3.19544
     -2.91921      4.21148      1.21258      2.99890
     -2.90921      3.93610      1.13581      2.80029
     -2.89921      3.98074      1.14698      2.83376
     -2.88921      4.48589      1.28631      3.19958
     -2.87921      5.04484      1.42956      3.61527
     -2.86921      4.95227      1.37041      3.58186
     -2.85921      4.62953      1.24823      3.38130
     -2.84921      4.94425      1.31667      3.62758
     -2.83921      5.78092      1.54057      4.24034
     -2.82921      6.42394      1.71614      4.70780
     -2.81921      6.11277      1.62186      4.49092
     -2.80921      5.01458      1.29594      3.71864
     -2.79921      4.28470      1.05077      3.23393
     -2.78921      4.20517      0.99152      3.21365
     -2.77921      4.28278      0.99348      3.28930
     -2.76921      4.11719      0.93478      3.18241
     -2.75921      3.87931      0.87002      3.00929
     -2.74921      3.54668      0.79047      2.75621
     -2.73921      3.30003      0.69735      2.60268
     -2.72921      3.29167      0.66286      2.62881
     -2.71921      3.03394      0.62568      2.40826
     -2.70921      2.73954      0.56963      2.16991
     -2.69921      2.69700      0.51220      2.18480
     -2.68921      2.73037      0.45770      2.27267
     -2.67921      2.56428      0.40159      2.16269
     -2.66921      2.28060      0.36170      1.91890
     -2.65921      2.11087      0.33122      1.77965
     -2.64921      2.00383      0.28427      1.71955
     -2.63921      1.95138      0.23329      1.71809
     -2.62921      1.56270      0.16555      1.39715
     -2.61921      1.27517      0.12955      1.14561
     -2.60921      1.67205      0.16724      1.50481
     -2.59921      2.02886      0.19808      1.83078
     -2.58921      2.03671      0.19574      1.84097
     -2.57921      1.94933      0.19407      1.75525
     -2.56921      1.96691      0.20110      1.76582
     -2.55921      2.19439      0.22212      1.97227
     -2.54921      2.44569      0.25005      2.19564
     -2.53921      2.31658      0.24035      2.07624
     -2.52921      2.02530      0.20515      1.82015
     -2.51921      2.65567      0.26340      2.39227
     -2.50921      3.59646      0.36073      3.23574
     -2.49921      3.60421      0.36610      3.23811
     -2.48921      3.01650      0.31349      2.70301
     -2.47921      2.91619      0.30658      2.60962
     -2.46921      3.27374      0.33723      2.93651
     -2.45921      3.36375      0.35482      3.00894
     -2.44921      3.13756      0.35042      2.78714
     -2.43921      3.10561      0.34836      2.75725
     -2.42921      3.36728      0.36899      2.99829
     -2.41921      3.76382      0.42386      3.33996
     -2.40921      3.66615      0.42904      3.23711
     -2.39921      3.21251      0.38353      2.82898
     -2.38921      3.31771      0.40304      2.91467
     -2.37921      3.41300      0.42245      2.99055
     -2.36921      3.09813      0.38464      2.71349
     -2.35921      3.10433      0.38559      2.71874
     -2.34921      3.31583      0.42098      2.89485
     -2.33921      3.16017      0.41066      2.74951
     -2.32921      2.63833      0.34625      2.29208
     -2.31921      2.15023      0.28459      1.86564
     -2.30921      2.36200      0.32132      2.04068
     -2.29921      3.08931      0.41740      2.67191
     -2.28921      3.36085      0.45230      2.90855
     -2.27921      2.90737      0.39594      2.51143
     -2.26921      2.21905      0.30110      1.91795
     -2.25921      2.09942      0.29072      1.80870
     -2.24921      2.35259      0.33889      2.01370
     -2.23921      2.40933      0.34443      2.06490
     -2.22921      2.65936      0.36546      2.29390
     -2.21921      2.64886      0.35809      2.29076
     -2.20921      2.42294      0.33749      2.08545
     -2.19921      2.44940      0.35957      2.08983
     -2.18921      2.42379      0.35909      2.06470
     -2.17921      2.12410      0.31159      1.81251
     -2.16921      2.08883      0.30263      1.78620
     -2.15921      2.41721      0.34214      2.07507
     -2.14921      2.69380      0.38385      2.30995
     -2.13921      2.44508      0.35439      2.09070
     -2.12921      1.94133      0.28127      1.66006
     -2.11921      1.76320      0.25503      1.50817
     -2.10921      1.94461      0.28447      1.66014
     -2.09921      2.57051      0.37926      2.19125
     -2.08921      2.81105      0.41537      2.39568
     -2.07921      2.32634      0.34145      1.98489
     -2.06921      1.88724      0.27722      1.61002
     -2.05921      1.91522      0.28214      1.63308
     -2.04921      2.25874      0.33192      1.92682
     -2.03921      2.25711      0.32967      1.92744
     -2.02921      1.91012      0.27581      1.63431
     -2.01921      1.96970      0.28671      1.68299
     -2.00921      2.18996      0.32262      1.86733
     -1.99921      2.20282      0.32615      1.87667
     -1.98921      2.29839      0.34008      1.95831
     -1.97921      2.21618      0.32523      1.89095
     -1.96921      1.85687      0.27150      1.58537
     -1.95921      1.40492      0.20653      1.19839
     -1.94921      1.20976      0.17866      1.03110
     -1.93921      1.23572      0.18293      1.05279
     -1.92921      1.23856      0.18429      1.05427
     -1.91921      1.04052      0.15592      0.88460
     -1.90921      0.79570      0.11964      0.67607
     -1.89921      0.62374      0.09356      0.53018
     -1.88921      0.49697      0.07459      0.42238
     -1.87921      0.36647      0.05517      0.31130
     -1.86921      0.19286      0.02908      0.16378
     -1.85921      0.05046      0.00761      0.04284
     -1.84921      0.00539      0.00081      0.00458
     -1.83921      0.00022      0.00003      0.00019
     -1.82921      0.00000      0.00000      0.00000
     -1.81921      0.00000      0.00000      0.00000
     -1.80921      0.00005      0.00000      0.00005
     -1.79921      0.00191      0.00017      0.00174
     -1.78921      0.02737      0.00243      0.02494
     -1.77921      0.16147      0.01439      0.14707
     -1.76921      0.45833      0.04113      0.41720
     -1.75921      0.85010      0.07727      0.77283
     -1.74921      1.37092      0.12579      1.24513
     -1.73921      1.86315      0.17233      1.69082
     -1.72921      2.22878      0.21021      2.01857
     -1.71921      2.43277      0.23475      2.19803
     -1.70921      2.32451      0.22891      2.09560
     -1.69921      2.40571      0.24128      2.16442
     -1.68921      2.62414      0.26779      2.35635
     -1.67921      2.62307      0.28068      2.34239
     -1.66921      2.64312      0.32261      2.32051
     -1.65921      2.95428      0.42603      2.52825
     -1.64921      3.66935      0.56789      3.10146
     -1.63921      3.96266      0.63535      3.32731
     -1.62921      3.72116      0.64264      3.07852
     -1.61921      4.14969      0.77541      3.37428
     -1.60921      5.40462      1.05693      4.34769
     -1.59921      6.44345      1.28378      5.15966
     -1.58921      6.29042      1.26874      5.02168
     -1.57921      5.49400      1.11957      4.37443
     -1.56921      5.16911      1.05417      4.11494
     -1.55921      5.68684      1.17657      4.51026
     -1.54921      6.37979      1.33333      5.04646
     -1.53921      6.20578      1.29622      4.90956
     -1.52921      5.95451      1.21706      4.73745
     -1.51921      5.88837      1.14459      4.74378
     -1.50921      5.25593      0.98746      4.26846
     -1.49921      5.40861      1.06435      4.34426
     -1.48921      6.31331      1.27867      5.03464
     -1.47921      7.13807      1.41308      5.72500
     -1.46921      7.99867      1.56585      6.43282
     -1.45921      7.96298      1.54914      6.41385
     -1.44921      6.58833      1.26226      5.32607
     -1.43921      5.93433      1.17273      4.76161
     -1.42921      6.69089      1.40392      5.28697
     -1.41921      7.38712      1.57420      5.81292
     -1.40921      7.63458      1.58744      6.04714
     -1.39921      7.40913      1.49464      5.91449
     -1.38921      5.98958      1.17251      4.81707
     -1.37921      4.26936      0.80140      3.46796
     -1.36921      3.40459      0.62304      2.78155
     -1.35921      4.05176      0.78580      3.26595
     -1.34921      5.72976      1.17560      4.55416
     -1.33921      6.64239      1.38116      5.26123
     -1.32921      6.45962      1.29805      5.16157
     -1.31921      6.34819      1.22301      5.12518
     -1.30921      6.13610      1.18545      4.95065
     -1.29921      5.64013      1.12575      4.51439
     -1.28921      5.77873      1.19650      4.58224
     -1.27921      6.37622      1.34782      5.02840
     -1.26921      7.24113      1.56053      5.68059
     -1.25921      7.54479      1.67860      5.86619
     -1.24921      6.38113      1.46426      4.91687
     -1.23921      5.43877      1.26822      4.17056
     -1.22921      6.12385      1.42421      4.69964
     -1.21921      7.50248      1.75003      5.75245
     -1.20921      8.15864      1.91685      6.24179
     -1.19921      7.72294      1.82326      5.89968
     -1.18921      7.52228      1.76980      5.75247
     -1.17921      7.85188      1.83130      6.02059
     -1.16921      7.47469      1.71504      5.75965
     -1.15921      7.31592      1.65817      5.65775
     -1.14921      8.33050      1.87576      6.45474
     -1.13921      9.64650      2.14729      7.49921
     -1.12921      9.68234      2.12170      7.56064
     -1.11921      8.39773      1.81062      6.58711
     -1.10921      7.79584      1.65347      6.14238
     -1.09921      8.31279      1.74191      6.57089
     -1.08921      9.47017      1.97299      7.49718
     -1.07921     10.69284      2.22974      8.46310
     -1.06921     11.24256      2.36374      8.87882
     -1.05921     10.34535      2.17484      8.17051
     -1.04921      9.47057      1.95526      7.51531
     -1.03921      9.87280      2.00615      7.86666
     -1.02921     10.53200      2.14855      8.38345
     -1.01921      9.43765      1.96081      7.47684
     -1.00921      7.12894      1.50374      5.62520
     -0.99921      6.17143      1.29782      4.87361
     -0.98921      6.04955      1.24996      4.79959
     -0.97921      5.55931      1.12894      4.43037
     -0.96921      5.51024      1.10640      4.40384
     -0.95921      5.76041      1.13400      4.62642
     -0.94921      5.55148      1.07137      4.48010
     -0.93921      5.49899      1.05880      4.44019
     -0.92921      5.52439      1.06636      4.45803
     -0.91921      5.22057      0.99625      4.22432
     -0.90921      4.98287      0.93698      4.04590
     -0.89921      4.54176      0.84614      3.69562
     -0.88921      3.97692      0.72796      3.24896
     -0.87921      3.74888      0.66962      3.07926
     -0.86921      3.79393      0.67402      3.11991
     -0.85921      3.74428      0.66148      3.08280
     -0.84921      3.61738      0.62367      2.99371
     -0.83921      3.86702      0.65356      3.21346
     -0.82921      4.36458      0.73502      3.62957
     -0.81921      4.27622      0.72528      3.55094
     -0.80921      3.81298      0.65142      3.16156
     -0.79921      3.77783      0.64349      3.13434
     -0.78921      4.09409      0.69100      3.40309
     -0.77921      4.24319      0.70884      3.53435
     -0.76921      3.77734      0.62287      3.15447
     -0.75921      3.00250      0.48597      2.51653
     -0.74921      2.72700      0.44530      2.28170
     -0.73921      2.68397      0.45260      2.23137
     -0.72921      2.38171      0.41112      1.97058
     -0.71921      1.71588      0.29950      1.41638
     -0.70921      0.99436      0.17455      0.81981
     -0.69921      0.50834      0.09001      0.41833
     -0.68921      0.18768      0.03357      0.15411
     -0.67921      0.03419      0.00616      0.02803
     -0.66921      0.00255      0.00046      0.00209
     -0.65921      0.00007      0.00001      0.00006
     -0.64921      0.00000      0.00000      0.00000
     -0.63921      0.00000      0.00000      0.00000
     -0.62921      0.00000      0.00000      0.00000
     -0.61921      0.00000      0.00000      0.00000
     -0.60921      0.00000      0.00000      0.00000
     -0.59921      0.00000      0.00000      0.00000
     -0.58921      0.00000      0.00000      0.00000
     -0.57921      0.00000      0.00000      0.00000
     -0.56921      0.00000      0.00000      0.00000
     -0.55921      0.00000      0.00000      0.00000
     -0.54921      0.00000      0.00000      0.00000
     -0.53921      0.00000      0.00000      0.00000
     -0.52921      0.00000      0.00000      0.00000
     -0.51921      0.00000      0.00000      0.00000
     -0.50921      0.00000      0.00000      0.00000
     -0.49921      0.00000      0.00000      0.00000
     -0.48921      0.00000      0.00000      0.00000
     -0.47921      0.00000      0.00000      0.00000
     -0.46921      0.00000      0.00000      0.00000
     -0.45921      0.00000      0.00000      0.00000
     -0.44921      0.00000      0.00000      0.00000
     -0.43921      0.00000      0.00000      0.00000
     -0.42921      0.00000      0.00000      0.00000
     -0.41921      0.00000      0.00000      0.00000
     -0.40921      0.00000      0.00000      0.00000
     -0.39921      0.00000      0.00000      0.00000
     -0.38921      0.00000      0.00000      0.00000
     -0.37921      0.00002      0.00000      0.00002
     -0.36921      0.00124      0.00021      0.00103
     -0.35921      0.02357      0.00393      0.01964
     -0.34921      0.18041      0.03018      0.15023
     -0.33921      0.60837      0.10226      0.50612
     -0.32921      1.09924      0.18640      0.91284
     -0.31921      1.43390      0.24702      1.18688
     -0.30921      1.80021      0.31767      1.48254
     -0.29921      2.57812      0.46236      2.11576
     -0.28921      3.48868      0.62314      2.86554
     -0.27921      3.82180      0.67501      3.14679
     -0.26921      3.77330      0.66302      3.11028
     -0.25921      3.85049      0.68137      3.16912
     -0.24921      4.43261      0.79050      3.64211
     -0.23921      4.85639      0.86088      3.99552
     -0.22921      4.84124      0.84355      3.99769
     -0.21921      5.18672      0.88367      4.30306
     -0.20921      5.82840      0.98303      4.84537
     -0.19921      6.57812      1.11582      5.46230
     -0.18921      7.22264      1.22816      5.99449
     -0.17921      8.49291      1.43425      7.05867
     -0.16921     10.43649      1.74385      8.69265
     -0.15921     11.50825      1.90731      9.60095
     -0.14921     11.99833      1.98716     10.01117
     -0.13921     12.66991      2.10925     10.56066
     -0.12921     13.11758      2.19937     10.91820
     -0.11921     12.88452      2.17282     10.71170
     -0.10921     11.51863      1.94878      9.56985
     -0.09921      9.65599      1.63826      8.01772
     -0.08921      7.91211      1.34639      6.56572
     -0.07921      6.31743      1.07739      5.24004
     -0.06921      5.32974      0.90995      4.41979
     -0.05921      4.70530      0.80333      3.90197
     -0.04921      3.70531      0.63208      3.07323
     -0.03921      2.81678      0.47919      2.33758
     -0.02921      2.26273      0.38315      1.87958
     -0.01921      1.64332      0.27696      1.36636
     -0.00921      0.97933      0.16425      0.81509
      0.00079      0.42195      0.07047      0.35148
      0.01079      0.09978      0.01662      0.08316
      0.02079      0.01062      0.00177      0.00885
      0.03079      0.00046      0.00008      0.00038
      0.04079      0.00001      0.00000      0.00001
      0.05079      0.00000      0.00000      0.00000
      0.06079      0.00000      0.00000      0.00000
      0.07079      0.00000      0.00000      0.00000
      0.08079      0.00000      0.00000      0.00000
      0.09079      0.00000      0.00000      0.00000
      0.10079      0.00000      0.00000      0.00000
      0.11079      0.00000      0.00000      0.00000
      0.12079      0.00000      0.00000      0.00000
      0.13079      0.00000      0.00000      0.00000
      0.14079      0.00000      0.00000      0.00000
      0.15079      0.00000      0.00000      0.00000
      0.16079      0.00000      0.00000      0.00000
      0.17079      0.00000      0.00000      0.00000
      0.18079      0.00000      0.00000      0.00000
      0.19079      0.00000      0.00000      0.00000
      0.20079      0.00000      0.00000      0.00000
      0.21079      0.00000      0.00000      0.00000
      0.22079      0.00000      0.00000      0.00000
      0.23079      0.00000      0.00000      0.00000
      0.24079      0.00000      0.00000      0.00000
      0.25079      0.00000      0.00000      0.00000
      0.26079      0.00000      0.00000      0.00000
      0.27079      0.00000      0.00000      0.00000
      0.28079      0.00000      0.00000      0.00000
      0.29079      0.00000      0.00000      0.00000
      0.30079      0.00000      0.00000      0.00000
      0.31079      0.00000      0.00000      0.00000
      0.32079      0.00000      0.00000      0.00000
      0.33079      0.00000      0.00000      0.00000
      0.34079      0.00000      0.00000      0.00000
      0.35079      0.00000      0.00000      0.00000
      0.36079      0.00000      0.00000      0.00000
      0.37079      0.00000      0.00000      0.00000
      0.38079      0.00000      0.00000      0.00000
      0.39079      0.00000      0.00000      0.00000
      0.40079      0.00000      0.00000      0.00000
      0.41079      0.00000      0.00000      0.00000
      0.42079      0.00000      0.00000      0.00000
      0.43079      0.00000      0.00000      0.00000
      0.44079      0.00000      0.00000      0.00000
      0.45079      0.00000      0.00000      0.00000
      0.46079      0.00000      0.00000      0.00000
      0.47079      0.00000      0.00000      0.00000
      0.48079      0.00000      0.00000      0.00000
      0.49079      0.00000      0.00000      0.00000
      0.50079      0.00000      0.00000      0.00000
      0.51079      0.00000      0.00000      0.00000
      0.52079      0.00000      0.00000      0.00000
      0.53079      0.00000      0.00000      0.00000
      0.54079      0.00000      0.00000      0.00000
      0.55079      0.00000      0.00000      0.00000
      0.56079      0.00000      0.00000      0.00000
      0.57079      0.00000      0.00000      0.00000
      0.58079      0.00000      0.00000      0.00000
      0.59079      0.00000      0.00000      0.00000
      0.60079      0.00000      0.00000      0.00000
      0.61079      0.00000      0.00000      0.00000
      0.62079      0.00000      0.00000      0.00000
      0.63079      0.00000      0.00000      0.00000
      0.64079      0.00000      0.00000      0.00000
      0.65079      0.00000      0.00000      0.00000
      0.66079      0.00000      0.00000      0.00000
      0.67079      0.00000      0.00000      0.00000
      0.68079      0.00001      0.00000      0.00000
      0.69079      0.00039      0.00024      0.00015
      0.70079      0.00804      0.00501      0.00302
      0.71079      0.06398      0.03989      0.02409
      0.72079      0.22352      0.13929      0.08423
      0.73079      0.45682      0.28432      0.17250
      0.74079      0.69221      0.43002      0.26219
      0.75079      0.85755      0.53061      0.32694
      0.76079      1.14461      0.70477      0.43984
      0.77079      1.57503      0.96864      0.60639
      0.78079      1.91446      1.17776      0.73670
      0.79079      1.98030      1.21771      0.76259
      0.80079      1.63609      1.00468      0.63141
      0.81079      1.50320      0.92294      0.58026
      0.82079      1.78696      1.10161      0.68536
      0.83079      1.86451      1.15217      0.71234
      0.84079      1.70223      1.04964      0.65259
      0.85079      1.53258      0.94085      0.59173
      0.86079      1.56668      0.96271      0.60397
      0.87079      1.92222      1.18695      0.73527
      0.88079      2.01595      1.24828      0.76768
      0.89079      1.86636      1.15640      0.70996
      0.90079      1.72109      1.06530      0.65579
      0.91079      1.46743      0.90692      0.56051
      0.92079      1.55568      0.96300      0.59268
      0.93079      2.01780      1.25277      0.76503
      0.94079      2.06343      1.28231      0.78111
      0.95079      1.83557      1.14211      0.69346
      0.96079      1.70082      1.06063      0.64020
      0.97079      1.54467      0.96451      0.58016
      0.98079      1.49909      0.93365      0.56544
      0.99079      1.69756      1.06073      0.63683
      1.00079      1.91467      1.20410      0.71057
      1.01079      1.84378      1.15927      0.68451
      1.02079      1.76766      1.11135      0.65630
      1.03079      1.89233      1.18887      0.70346
      1.04079      2.08104      1.29821      0.78284
      1.05079      1.87094      1.16120      0.70974
      1.06079      1.75944      1.10289      0.65656
      1.07079      1.99922      1.27040      0.72883
      1.08079      1.92532      1.22845      0.69686
      1.09079      1.92297      1.22258      0.70039
      1.10079      2.06992      1.31414      0.75578
      1.11079      1.86385      1.18517      0.67868
      1.12079      1.48743      0.94099      0.54644
      1.13079      1.58560      1.00849      0.57711
      1.14079      2.16668      1.39209      0.77459
      1.15079      2.44565      1.56732      0.87833
      1.16079      2.22549      1.42477      0.80073
      1.17079      2.11335      1.35654      0.75681
      1.18079      1.99144      1.27494      0.71649
      1.19079      1.60437      1.03549      0.56888
      1.20079      1.90096      1.24560      0.65535
      1.21079      2.58118      1.67956      0.90161
      1.22079      2.56193      1.65367      0.90826
      1.23079      2.30782      1.49004      0.81778
      1.24079      2.28113      1.48952      0.79161
      1.25079      2.65638      1.75427      0.90210
      1.26079      2.92242      1.93555      0.98686
      1.27079      2.70752      1.78657      0.92095
      1.28079      2.67706      1.75605      0.92101
      1.29079      3.05373      2.01299      1.04074
      1.30079      3.09876      2.06188      1.03688
      1.31079      2.84086      1.90188      0.93898
      1.32079      2.80301      1.87371      0.92931
      1.33079      2.61004      1.72699      0.88306
      1.34079      2.39323      1.55939      0.83383
      1.35079      2.38690      1.54775      0.83915
      1.36079      2.31380      1.50860      0.80520
      1.37079      1.91742      1.24850      0.66892
      1.38079      1.64069      1.05927      0.58142
      1.39079      1.85469      1.19094      0.66375
      1.40079      2.10299      1.34418      0.75881
      1.41079      2.12087      1.34883      0.77205
      1.42079      2.11782      1.33561      0.78221
      1.43079      2.02289      1.25540      0.76749
      1.44079      2.01742      1.22202      0.79540
      1.45079      1.98055      1.18949      0.79106
      1.46079      1.81984      1.09626      0.72358
      1.47079      1.78025      1.08244      0.69780
      1.48079      1.88114      1.15129      0.72985
      1.49079      1.98493      1.19845      0.78648
      1.50079      2.01255      1.18753      0.82502
      1.51079      1.99961      1.16425      0.83535
      1.52079      1.95515      1.13644      0.81871
      1.53079      2.02045      1.17808      0.84237
      1.54079      2.19119      1.28837      0.90282
      1.55079      2.02970      1.19383      0.83587
      1.56079      2.00358      1.15755      0.84602
      1.57079      2.29051      1.31799      0.97252
      1.58079      2.24267      1.30048      0.94219
      1.59079      2.21061      1.28000      0.93061
      1.60079      2.19003      1.26653      0.92350
      1.61079      2.05667      1.18601      0.87065
      1.62079      2.11766      1.18714      0.93052
      1.63079      1.95562      1.06960      0.88601
      1.64079      1.64330      0.90753      0.73577
      1.65079      2.07640      1.16931      0.90708
      1.66079      2.73091      1.53763      1.19327
      1.67079      2.93883      1.64092      1.29791
      1.68079      2.74586      1.51342      1.23244
      1.69079      2.26098      1.23149      1.02949
      1.70079      2.23904      1.22297      1.01607
      1.71079      2.88136      1.58000      1.30135
      1.72079      3.17203      1.74224      1.42979
      1.73079      2.88283      1.58733      1.29550
      1.74079      2.79603      1.53236      1.26367
      1.75079      3.41470      1.84814      1.56656
      1.76079      4.18569      2.25195      1.93375
      1.77079      4.48382      2.42168      2.06214
      1.78079      4.36933      2.37109      1.99824
      1.79079      4.08848      2.20965      1.87883
      1.80079      3.99320      2.12664      1.86656
      1.81079      4.21148      2.22612      1.98536
      1.82079      3.98077      2.11068      1.87009
      1.83079      3.77589      2.00842      1.76747
      1.84079      4.00950      2.14136      1.86814
      1.85079      4.07486      2.17801      1.89685
      1.86079      3.91664      2.07602      1.84062
      1.87079      3.41081      1.80584      1.60496
      1.88079      2.59932      1.39820      1.20112
      1.89079      2.31651      1.26456      1.05195
      1.90079      2.80141      1.52232      1.27908
      1.91079      3.67377      1.97433      1.69944
      1.92079      3.98935      2.13724      1.85212
      1.93079      3.12010      1.68433      1.43577
      1.94079      2.38751      1.30283      1.08468
      1.95079      2.33176      1.27335      1.05841
      1.96079      2.40372      1.31622      1.08749
      1.97079      2.61225      1.43000      1.18225
      1.98079      2.99399      1.63090      1.36308
      1.99079      3.45252      1.88329      1.56922
      2.00079      3.24671      1.77386      1.47286
      2.01079      2.47930      1.35519      1.12412
      2.02079      2.20636      1.20916      0.99720
      2.03079      2.25139      1.22952      1.02187
      2.04079      2.28016      1.24109      1.03907
      2.05079      2.44497      1.34244      1.10253
      2.06079      3.03126      1.67715      1.35411
      2.07079      3.47781      1.92563      1.55217
      2.08079      3.10736      1.72482      1.38254
      2.09079      2.57052      1.42701      1.14351
      2.10079      2.57004      1.42457      1.14547
      2.11079      2.67226      1.48416      1.18810
      2.12079      2.63520      1.47000      1.16519
      2.13079      3.15286      1.76363      1.38923
      2.14079      3.88882      2.17750      1.71133
      2.15079      3.47635      1.95152      1.52483
      2.16079      2.85521      1.60702      1.24818
      2.17079      2.66900      1.50182      1.16718
      2.18079      2.65357      1.49206      1.16151
      2.19079      2.96394      1.67022      1.29371
      2.20079      3.52990      1.99327      1.53663
      2.21079      3.31848      1.87595      1.44252
      2.22079      2.48550      1.40745      1.07805
      2.23079      2.46189      1.39670      1.06519
      2.24079      3.06531      1.74165      1.32366
      2.25079      3.57128      2.03489      1.53639
      2.26079      3.68462      2.10472      1.57990
      2.27079      3.15876      1.80663      1.35213
      2.28079      2.96132      1.69513      1.26618
      2.29079      3.46921      1.98764      1.48157
      2.30079      3.66435      2.10265      1.56170
      2.31079      3.51305      2.01902      1.49403
      2.32079      3.29463      1.89461      1.40001
      2.33079      2.72793      1.56385      1.16408
      2.34079      2.35134      1.33775      1.01359
      2.35079      2.14159      1.20856      0.93303
      2.36079      1.77593      0.99139      0.78454
      2.37079      1.37100      0.75799      0.61302
      2.38079      1.09743      0.60268      0.49474
      2.39079      1.21391      0.66120      0.55270
      2.40079      1.72921      0.93837      0.79085
      2.41079      2.06197      1.11919      0.94277
      2.42079      2.07671      1.12951      0.94720
      2.43079      1.96044      1.07127      0.88917
      2.44079      2.19117      1.20242      0.98876
      2.45079      2.89744      1.59079      1.30665
      2.46079      3.35764      1.84519      1.51245
      2.47079      3.12469      1.72165      1.40304
      2.48079      2.81079      1.54643      1.26436
      2.49079      2.98010      1.62665      1.35345
      2.50079      3.37355      1.82887      1.54468
      2.51079      3.51155      1.90036      1.61119
      2.52079      3.02780      1.64200      1.38580
      2.53079      2.45464      1.33483      1.11981
      2.54079      2.54043      1.38049      1.15994
      2.55079      2.71125      1.46861      1.24264
      2.56079      2.57801      1.39242      1.18560
      2.57079      2.36587      1.27574      1.09013
      2.58079      2.68887      1.45017      1.23870
      2.59079      3.28266      1.77269      1.50998
      2.60079      2.86781      1.55245      1.31536
      2.61079      1.98106      1.07375      0.90732
      2.62079      2.05098      1.10422      0.94676
      2.63079      2.72515      1.46372      1.26143
      2.64079      3.07371      1.65682      1.41689
      2.65079      2.95112      1.59791      1.35321
      2.66079      2.90302      1.56707      1.33595
      2.67079      2.67598      1.43081      1.24517
      2.68079      2.35022      1.25310      1.09712
      2.69079      2.47607      1.32945      1.14661
      2.70079      3.10866      1.68457      1.42408
      2.71079      3.47963      1.89327      1.58636
      2.72079      3.06982      1.66379      1.40602
      2.73079      2.34680      1.26078      1.08602
      2.74079      2.20760      1.18216      1.02544
      2.75079      2.58174      1.38733      1.19441
      2.76079      3.02357      1.64158      1.38199
      2.77079      3.59835      1.98100      1.61735
      2.78079      3.49779      1.92668      1.57111
      2.79079      2.47931      1.35220      1.12711
      2.80079      1.81095      0.98391      0.82703
      2.81079      2.24524      1.23166      1.01357
      2.82079      3.04855      1.69102      1.35753
      2.83079      3.65426      2.04548      1.60878
      2.84079      3.50917      1.95857      1.55060
      2.85079      2.66681      1.47443      1.19238
      2.86079      2.36675      1.31132      1.05544
      2.87079      3.20507      1.80035      1.40472
      2.88079      3.90663      2.21277      1.69386
      2.89079      3.64097      2.06105      1.57993
      2.90079      3.73012      2.10599      1.62413
      2.91079      4.55332      2.58435      1.96897
      2.92079      5.13995      2.93472      2.20523
      2.93079      5.20442      2.98183      2.22260
      2.94079      4.41794      2.53070      1.88724
      2.95079      3.25949      1.85503      1.40447
      2.96079      2.63389      1.48644      1.14745
      2.97079      2.24790      1.26405      0.98385
      2.98079      2.11171      1.18985      0.92186
      2.99079      1.98028      1.12055      0.85973
      3.00079      1.95889      1.11009      0.84880
      3.01079      1.97339      1.11640      0.85699
      3.02079      1.74032      0.98255      0.75777
      3.03079      1.52259      0.85898      0.66361
      3.04079      1.34759      0.76255      0.58504
      3.05079      1.12692      0.63967      0.48725
      3.06079      1.11687      0.63382      0.48305
      3.07079      1.08478      0.61467      0.47012
      3.08079      0.98963      0.56106      0.42856
      3.09079      0.97199      0.55321      0.41878
      3.10079      1.01727      0.58058      0.43668
      3.11079      0.96581      0.55162      0.41419
      3.12079      0.79671      0.45500      0.34171
      3.13079      0.55114      0.31484      0.23630
      3.14079      0.44638      0.25551      0.19087
      3.15079      0.46304      0.26545      0.19759
      3.16079      0.38268      0.21965      0.16303
      3.17079      0.21973      0.12627      0.09346
      3.18079      0.06909      0.03973      0.02937
      3.19079      0.00926      0.00533      0.00394
      3.20079      0.00048      0.00027      0.00020
      3.21079      0.00001      0.00001      0.00000
      3.22079      0.00000      0.00000      0.00000
      3.23079      0.00000      0.00000      0.00000
      3.24079      0.00000      0.00000      0.00000
      3.25079      0.00000      0.00000      0.00000
      3.26079      0.00000      0.00000      0.00000
      3.27079      0.00000      0.00000      0.00000
      3.28079      0.00000      0.00000      0.00000
      3.29079      0.00000      0.00000      0.00000
      3.30079      0.00000      0.00000      0.00000
      3.31079      0.00000      0.00000      0.00000
      3.32079      0.00000      0.00000      0.00000
      3.33079      0.00000      0.00000      0.00000
      3.34079      0.00000      0.00000      0.00000
      3.35079      0.00000      0.00000      0.00000
      3.36079      0.00000      0.00000      0.00000
      3.37079      0.00000      0.00000      0.00000
      3.38079      0.00000      0.00000      0.00000
      3.39079      0.00000      0.00000      0.00000
      3.40079      0.00000      0.00000      0.00000
      3.41079      0.00000      0.00000      0.00000
      3.42079      0.00000      0.00000      0.00000
      3.43079      0.00000      0.00000      0.00000
      3.44079      0.00000      0.00000      0.00000
      3.45079      0.00000      0.00000      0.00000
      3.46079      0.00000      0.00000      0.00000
      3.47079      0.00000      0.00000      0.00000
      3.48079      0.00000      0.00000      0.00000
      3.49079      0.00000      0.00000      0.00000
      3.50079      0.00000      0.00000      0.00000
      3.51079      0.00000      0.00000      0.00000
      3.52079      0.00000      0.00000      0.00000
      3.53079      0.00000      0.00000      0.00000
      3.54079      0.00000      0.00000      0.00000
      3.55079      0.00000      0.00000      0.00000
      3.56079      0.00000      0.00000      0.00000
      3.57079      0.00000      0.00000      0.00000
      3.58079      0.00000      0.00000      0.00000
      3.59079      0.00000      0.00000      0.00000
      3.60079      0.00000      0.00000      0.00000
      3.61079      0.00000      0.00000      0.00000
      3.62079      0.00000      0.00000      0.00000
      3.63079      0.00000      0.00000      0.00000
      3.64079      0.00000      0.00000      0.00000
      3.65079      0.00000      0.00000      0.00000
      3.66079      0.00000      0.00000      0.00000
      3.67079      0.00000      0.00000      0.00000
      3.68079      0.00000      0.00000      0.00000
      3.69079      0.00000      0.00000      0.00000
      3.70079      0.00000      0.00000      0.00000
      3.71079      0.00000      0.00000      0.00000
      3.72079      0.00000      0.00000      0.00000
      3.73079      0.00000      0.00000      0.00000
      3.74079      0.00000      0.00000      0.00000
      3.75079      0.00000      0.00000      0.00000
      3.76079      0.00000      0.00000      0.00000
      3.77079      0.00016      0.00006      0.00011
      3.78079      0.00266      0.00091      0.00174
      3.79079      0.01676      0.00576      0.01100
      3.80079      0.04671      0.01605      0.03066
      3.81079      0.08983      0.03083      0.05900
      3.82079      0.15004      0.05143      0.09861
      3.83079      0.16874      0.05776      0.11098
      3.84079      0.17176      0.05862      0.11314
      3.85079      0.23931      0.08148      0.15783
      3.86079      0.24149      0.08213      0.15936
      3.87079      0.18917      0.06418      0.12498
      3.88079      0.20217      0.06844      0.13374
      3.89079      0.16129      0.05455      0.10674
      3.90079      0.14773      0.04984      0.09789
      3.91079      0.32844      0.11080      0.21764
      3.92079      0.47822      0.16150      0.31672
      3.93079      0.40679      0.13746      0.26933
      3.94079      0.35874      0.12105      0.23769
      3.95079      0.43020      0.14505      0.28515
      3.96079      0.43336      0.14590      0.28746
      3.97079      0.39560      0.13284      0.26276
      3.98079      0.35412      0.11886      0.23526
      3.99079      0.34863      0.11664      0.23199
      4.00079      0.47504      0.15838      0.31666
      4.01079      0.61824      0.20625      0.41199
      4.02079      0.60731      0.20271      0.40461
      4.03079      0.43646      0.14556      0.29090
      4.04079      0.39286      0.13073      0.26212
      4.05079      0.47011      0.15621      0.31390
      4.06079      0.39580      0.13151      0.26429
      4.07079      0.34714      0.11537      0.23177
      4.08079      0.35457      0.11772      0.23686
      4.09079      0.45224      0.14993      0.30231
      4.10079      0.73192      0.24280      0.48912
      4.11079      0.87057      0.28972      0.58086
      4.12079      0.78259      0.26147      0.52112
      4.13079      0.63321      0.21196      0.42126
      4.14079      0.67137      0.22482      0.44655
      4.15079      0.80860      0.27062      0.53798
      4.16079      0.74855      0.25023      0.49831
      4.17079      0.63706      0.21307      0.42399
      4.18079      0.58232      0.19491      0.38741
      4.19079      0.59669      0.19919      0.39750
      4.20079      0.88188      0.29382      0.58806
      4.21079      1.29532      0.43204      0.86329
      4.22079      1.31883      0.44068      0.87815
      4.23079      1.02807      0.34435      0.68372
      4.24079      0.84643      0.28403      0.56240
      4.25079      0.92173      0.30938      0.61235
      4.26079      1.20025      0.40269      0.79756
      4.27079      1.01241      0.33989      0.67252
      4.28079      0.71860      0.24187      0.47673
      4.29079      0.92801      0.31223      0.61577
      4.30079      1.23801      0.41576      0.82225
      4.31079      1.37494      0.46084      0.91410
      4.32079      1.24646      0.41803      0.82843
      4.33079      0.98215      0.33056      0.65159
      4.34079      0.88208      0.29745      0.58463
      4.35079      0.97360      0.32875      0.64485
      4.36079      1.04959      0.35489      0.69470
      4.37079      0.89676      0.30324      0.59352
      4.38079      0.70249      0.23754      0.46495
      4.39079      0.82611      0.27978      0.54633
      4.40079      1.10516      0.37488      0.73027
      4.41079      1.01804      0.34591      0.67213
      4.42079      0.78146      0.26681      0.51465
      4.43079      0.75044      0.25802      0.49242
      4.44079      0.70948      0.24393      0.46555
      4.45079      0.75326      0.25764      0.49562
      4.46079      0.80344      0.27498      0.52846
      4.47079      0.55422      0.19019      0.36403
      4.48079      0.40303      0.13860      0.26443
      4.49079      0.56225      0.19389      0.36836
      4.50079      0.79836      0.27377      0.52459
      4.51079      0.92246      0.31434      0.60812
      4.52079      0.81868      0.27967      0.53901
      4.53079      0.63469      0.21822      0.41647
      4.54079      0.62070      0.21393      0.40677
      4.55079      0.80564      0.27685      0.52879
      4.56079      0.73934      0.25354      0.48580
      4.57079      0.62644      0.21569      0.41076
      4.58079      0.74727      0.25800      0.48928
      4.59079      0.83649      0.28810      0.54838
      4.60079      0.77859      0.26751      0.51108
      4.61079      0.56047      0.19281      0.36766
      4.62079      0.51048      0.17873      0.33176
      4.63079      0.59851      0.22255      0.37596
      4.64079      0.66021      0.26981      0.39041
      4.65079      0.83612      0.35729      0.47884
      4.66079      0.96496      0.41627      0.54869
      4.67079      0.92664      0.40633      0.52031
      4.68079      1.06870      0.47143      0.59727
      4.69079      1.28134      0.57798      0.70335
      4.70079      1.34276      0.62256      0.72020
      4.71079      1.32598      0.62147      0.70452
      4.72079      1.41324      0.66527      0.74797
      4.73079      1.70117      0.79907      0.90210
      4.74079      1.98254      0.92780      1.05474
      4.75079      1.84712      0.86962      0.97749
      4.76079      1.73763      0.81262      0.92501
      4.77079      2.08807      0.96970      1.11837
      4.78079      3.13474      1.44798      1.68677
      4.79079      4.68996      2.14749      2.54247
      4.80079      5.56592      2.55683      3.00909
      4.81079      5.66242      2.62299      3.03943
      4.82079      5.67112      2.63168      3.03944
      4.83079      5.80214      2.67740      3.12474
      4.84079      5.58319      2.56730      3.01590
      4.85079      5.42347      2.50152      2.92195
      4.86079      5.60642      2.59698      3.00944
      4.87079      5.62819      2.60886      3.01934
      4.88079      5.06082      2.33174      2.72908
      4.89079      4.39853      2.02806      2.37047
      4.90079      3.87087      1.79220      2.07868
      4.91079      3.55738      1.65275      1.90463
      4.92079      4.02890      1.88557      2.14333
      4.93079      4.77553      2.23056      2.54497
      4.94079      4.47032      2.07220      2.39812
      4.95079      3.22863      1.49375      1.73488
      4.96079      2.60105      1.21499      1.38607
      4.97079      3.28892      1.55569      1.73323
      4.98079      4.34401      2.05653      2.28748
      4.99079      4.19177      1.98146      2.21030
      5.00079      3.37464      1.60359      1.77105
      5.01079      2.82990      1.34176      1.48814
      5.02079      2.62681      1.23203      1.39478
      5.03079      3.11631      1.46030      1.65601
      5.04079      4.07151      1.92100      2.15051
      5.05079      4.31665      2.04251      2.27414
      5.06079      3.86751      1.82917      2.03834
      5.07079      3.35953      1.58729      1.77224
      5.08079      2.96753      1.40205      1.56548
      5.09079      3.13185      1.48714      1.64471
      5.10079      3.69288      1.76363      1.92925
      5.11079      4.02979      1.92357      2.10622
      5.12079      4.09153      1.94448      2.14705
      5.13079      3.84673      1.82254      2.02419
      5.14079      3.77168      1.76064      2.01104
      5.15079      4.38674      2.01535      2.37138
      5.16079      5.30631      2.44715      2.85917
      5.17079      5.77120      2.69850      3.07269
      5.18079      5.38979      2.52791      2.86188
      5.19079      4.87913      2.28303      2.59610
      5.20079      5.30470      2.49077      2.81393
      5.21079      6.26688      2.90719      3.35969
      5.22079      6.46773      2.93140      3.53633
      5.23079      5.98240      2.69315      3.28925
      5.24079      6.19164      2.83049      3.36115
      5.25079      6.95216      3.22644      3.72573
      5.26079      7.46389      3.47939      3.98450
      5.27079      7.52589      3.50703      4.01886
      5.28079      6.91452      3.21453      3.69999
      5.29079      5.56762      2.57528      2.99235
      5.30079      4.42013      1.98369      2.43644
      5.31079      3.64127      1.53871      2.10256
      5.32079      2.59977      1.06881      1.53096
      5.33079      1.93898      0.80541      1.13357
      5.34079      1.95499      0.81020      1.14479
      5.35079      2.43964      0.99558      1.44406
      5.36079      2.88498      1.18311      1.70187
      5.37079      2.71331      1.14869      1.56462
      5.38079      2.10446      0.92317      1.18129
      5.39079      1.54546      0.68373      0.86172
      5.40079      1.53805      0.65188      0.88617
      5.41079      1.89426      0.78802      1.10624
      5.42079      2.29116      0.95935      1.33182
      5.43079      2.61738      1.11338      1.50400
      5.44079      2.94519      1.26468      1.68051
      5.45079      3.18137      1.35374      1.82763
      5.46079      2.93843      1.26902      1.66942
      5.47079      2.84698      1.27192      1.57506
      5.48079      2.85174      1.23105      1.62069
      5.49079      2.51492      1.02503      1.48989
      5.50079      2.72998      1.15549      1.57449
      5.51079      3.29643      1.46191      1.83452
      5.52079      3.17992      1.40257      1.77736
      5.53079      2.96211      1.26168      1.70043
      5.54079      3.15037      1.33730      1.81308
      5.55079      3.44907      1.51894      1.93013
      5.56079      3.72538      1.67490      2.05049
      5.57079      3.87368      1.74579      2.12789
      5.58079      3.68355      1.68396      1.99960
      5.59079      3.63370      1.69405      1.93965
      5.60079      4.27925      1.99422      2.28503
      5.61079      4.72006      2.17305      2.54700
      5.62079      4.06910      1.88438      2.18473
      5.63079      3.47780      1.63194      1.84586
      5.64079      3.60877      1.66517      1.94359
      5.65079      3.97548      1.79621      2.17927
      5.66079      4.23716      1.93532      2.30184
      5.67079      4.15928      1.92691      2.23237
      5.68079      4.02002      1.83167      2.18835
      5.69079      3.95151      1.76228      2.18924
      5.70079      3.99032      1.79478      2.19553
      5.71079      4.46335      2.00365      2.45971
      5.72079      4.79152      2.14390      2.64762
      5.73079      4.39634      2.00902      2.38732
      5.74079      3.65177      1.68159      1.97017
      5.75079      3.52641      1.59640      1.93001
      5.76079      3.56069      1.60139      1.95930
      5.77079      3.42334      1.53222      1.89112
      5.78079      3.75888      1.68259      2.07629
      5.79079      3.80347      1.74850      2.05498
      5.80079      3.11664      1.49685      1.61979
      5.81079      2.52027      1.24106      1.27921
      5.82079      2.28709      1.09830      1.18879
      5.83079      2.76355      1.28285      1.48070
      5.84079      3.00015      1.40368      1.59647
      5.85079      2.41844      1.14975      1.26869
      5.86079      2.02533      0.95526      1.07007
      5.87079      1.93430      0.89518      1.03912
      5.88079      1.94497      0.86018      1.08479
      5.89079      2.55169      1.10218      1.44951
      5.90079      3.28145      1.46731      1.81414
      5.91079      3.22615      1.50795      1.71820
      5.92079      2.72736      1.29893      1.42844
      5.93079      2.13210      1.00194      1.13016
      5.94079      1.64418      0.76086      0.88332
      5.95079      1.68949      0.77796      0.91153
      5.96079      1.98640      0.92781      1.05859
      5.97079      1.98532      0.93514      1.05018
      5.98079      2.12327      0.95442      1.16885
      5.99079      2.29612      1.01591      1.28021
      6.00079      2.48446      1.17462      1.30984
      6.01079      2.60642      1.26871      1.33771
      6.02079      2.49047      1.16412      1.32635
      6.03079      2.67775      1.20977      1.46798
      6.04079      3.15550      1.45725      1.69825
      6.05079      3.61522      1.71179      1.90343
      6.06079      3.56130      1.66398      1.89732
      6.07079      2.97848      1.37495      1.60353
      6.08079      2.33344      1.09968      1.23376
      6.09079      2.03614      0.96486      1.07128
      6.10079      2.33668      1.09836      1.23833
      6.11079      2.69247      1.25793      1.43454
      6.12079      2.62057      1.18438      1.43619
      6.13079      2.38975      1.02593      1.36382
      6.14079      2.51981      1.09343      1.42638
      6.15079      2.88693      1.30118      1.58575
      6.16079      3.29800      1.48723      1.81077
      6.17079      3.49476      1.53961      1.95515
      6.18079      3.16391      1.38174      1.78217
      6.19079      2.81903      1.23446      1.58457
      6.20079      2.25564      0.98593      1.26971
      6.21079      2.09618      0.90309      1.19309
      6.22079      2.28824      1.02421      1.26403
      6.23079      2.04271      0.99200      1.05071
      6.24079      1.65290      0.81854      0.83436
      6.25079      1.36882      0.64807      0.72076
      6.26079      1.47257      0.69600      0.77657
      6.27079      2.07600      1.02775      1.04825
      6.28079      2.16342      1.09393      1.06949
      6.29079      1.59720      0.78702      0.81018
      6.30079      1.36658      0.61301      0.75358
      6.31079      1.55015      0.70336      0.84679
      6.32079      1.61242      0.81794      0.79448
      6.33079      1.52259      0.81413      0.70846
      6.34079      1.61237      0.83274      0.77963
      6.35079      1.84061      0.92555      0.91506
      6.36079      2.11166      1.06938      1.04228
      6.37079      2.04780      1.05770      0.99010
      6.38079      1.97005      1.03297      0.93708
      6.39079      2.37831      1.18950      1.18881
      6.40079      2.97936      1.40803      1.57132
      6.41079      3.08761      1.39757      1.69004
      6.42079      3.13369      1.36089      1.77280
      6.43079      3.63188      1.56776      2.06411
      6.44079      3.88443      1.70346      2.18097
      6.45079      3.85997      1.75966      2.10031
      6.46079      3.73172      1.73977      1.99195
      6.47079      3.51006      1.62527      1.88478
      6.48079      3.46596      1.60883      1.85713
      6.49079      3.73596      1.77655      1.95942
      6.50079      3.92934      1.90738      2.02196
      6.51079      4.49566      2.19000      2.30565
      6.52079      5.09033      2.42735      2.66298
      6.53079      4.64701      2.14902      2.49800
      6.54079      4.13618      1.92078      2.21540
      6.55079      4.04523      1.95055      2.09468
      6.56079      3.90477      1.95345      1.95132
      6.57079      3.38970      1.72889      1.66081
      6.58079      3.05917      1.57754      1.48163
      6.59079      3.11855      1.62247      1.49608
      6.60079      3.54441      1.84331      1.70110
      6.61079      4.32541      2.25158      2.07383
      6.62079      4.84908      2.53397      2.31512
      6.63079      4.69938      2.47878      2.22060
      6.64079      4.28680      2.26003      2.02677
      6.65079      4.29294      2.20533      2.08760
      6.66079      4.87337      2.39819      2.47519
      6.67079      5.57821      2.65057      2.92764
      6.68079      5.78782      2.70917      3.07865
      6.69079      5.41040      2.57652      2.83388
      6.70079      4.89136      2.39533      2.49604
      6.71079      4.37713      2.14031      2.23682
      6.72079      4.25842      2.07431      2.18411
      6.73079      4.13701      2.07628      2.06072
      6.74079      3.63888      1.90826      1.73062
      6.75079      3.31043      1.78392      1.52651
      6.76079      3.73567      2.00685      1.72881
      6.77079      4.36925      2.30596      2.06329
      6.78079      4.24352      2.20417      2.03935
      6.79079      3.89973      2.04226      1.85747
      6.80079      3.77001      1.99850      1.77151
      6.81079      3.64976      1.92383      1.72593
      6.82079      3.87891      2.03925      1.83965
      6.83079      4.18154      2.19042      1.99112
      6.84079      4.13326      2.14143      1.99183
      6.85079      4.46357      2.25183      2.21175
      6.86079      5.61917      2.74886      2.87031
      6.87079      6.15048      2.99867      3.15181
      6.88079      5.41311      2.69986      2.71325
      6.89079      4.32580      2.23580      2.09000
      6.90079      3.55165      1.89126      1.66039
      6.91079      3.22053      1.72696      1.49356
      6.92079      2.88547      1.54899      1.33648
      6.93079      2.93038      1.58431      1.34607
      6.94079      3.40833      1.85190      1.55643
      6.95079      3.65431      2.00294      1.65137
      6.96079      3.45295      1.89508      1.55787
      6.97079      3.17945      1.72631      1.45314
      6.98079      2.99510      1.61736      1.37774
      6.99079      2.77624      1.49978      1.27645
      7.00079      2.48202      1.33102      1.15099
      7.01079      2.61985      1.39272      1.22713
      7.02079      3.37567      1.79324      1.58242
      7.03079      4.89042      2.59605      2.29437
      7.04079      6.41067      3.37666      3.03401
      7.05079      7.29045      3.79687      3.49357
      7.06079      7.17684      3.73414      3.44270
      7.07079      5.15688      2.71975      2.43713
      7.08079      3.26225      1.75997      1.50228
      7.09079      3.38906      1.85934      1.52972
      7.10079      4.87407      2.71268      2.16139
      7.11079      6.08467      3.42846      2.65621
      7.12079      6.51573      3.69195      2.82378
      7.13079      6.50610      3.68221      2.82389
      7.14079      6.52641      3.67267      2.85374
      7.15079      7.51436      4.16951      3.34485
      7.16079      9.37725      5.10759      4.26966
